Autoloading python/3.8.3
Autoloading py-virtualenv/16.7.6
Autoloading py-numpy/1.19.4
Autoloading py-mpi4py/3.0.3
Autoloading py-h5py/3.1.0
Autoloading hpe-mpi/2.25.hmpt
Autoloading hdf5/1.10.7
 *** This is run 1 *** 
/gpfs/bbp.cscs.ch/data/project/proj16/kotsalos/STEPS4Models/SimpleModel/Sample_STEPS4 /gpfs/bbp.cscs.ch/data/project/proj16/kotsalos/STEPS4Models/SimpleModel
[2022-02-15 15:45:45,924][INFO][../bbp.cscs.ch/data/project/proj16/kotsalos/STEPS4Models/HBP_STEPS/src/steps/geom/dist/distmesh.cpp:232][static Omega_h::Mesh steps::dist::DistMesh::load_mesh(Omega_h::Library&, const string&)]: Creating Omega_h mesh from GMSH mesh  ../mesh/../mesh/10x10x100_13009tets.msh 
 
Model checking:
No errors were found
steps4 nhost 256 time cost: 0.301312
steps4 nhost 256 avg rss (MB): 6.469955
steps4 nhost 256 avg mem ini (MB): 98.889252
Path                                             Min time/rank Max time/rank Avg time/rank Time %    
OmegaHSimulation::run()                               0.148629      0.184917      0.165948 61.820108 
  DiffusionOperator::operator()                       0.127310      0.163270      0.145632 54.251940 
    DiffusionOperator::sp~~s_entering_elements()      0.004581      0.005527      0.004973  1.852444 
    sync_delta_pools()                                0.087371      0.123778      0.106826 39.795565 
    DiffusionOperator::sp~~es_leaving_elements()      0.016539      0.027658      0.021794  8.118902 
  SSAOperator::run()                                  0.012948      0.016965      0.015326  5.709395 
/gpfs/bbp.cscs.ch/data/project/proj16/kotsalos/STEPS4Models/SimpleModel
 *** This was run 1 *** 
 *** This is run 2 *** 
/gpfs/bbp.cscs.ch/data/project/proj16/kotsalos/STEPS4Models/SimpleModel/Sample_STEPS4 /gpfs/bbp.cscs.ch/data/project/proj16/kotsalos/STEPS4Models/SimpleModel
[2022-02-15 15:46:13,862][INFO][../bbp.cscs.ch/data/project/proj16/kotsalos/STEPS4Models/HBP_STEPS/src/steps/geom/dist/distmesh.cpp:232][static Omega_h::Mesh steps::dist::DistMesh::load_mesh(Omega_h::Library&, const string&)]: Creating Omega_h mesh from GMSH mesh  ../mesh/../mesh/10x10x100_13009tets.msh 
 
Model checking:
No errors were found
steps4 nhost 256 time cost: 0.301808
steps4 nhost 256 avg rss (MB): 6.464005
steps4 nhost 256 avg mem ini (MB): 98.885681
Path                                             Min time/rank Max time/rank Avg time/rank Time %    
OmegaHSimulation::run()                               0.146758      0.185686      0.166761 61.961094 
  DiffusionOperator::operator()                       0.124892      0.164486      0.146423 54.404630 
    DiffusionOperator::sp~~s_entering_elements()      0.004588      0.005406      0.004976  1.848982 
    sync_delta_pools()                                0.085082      0.124405      0.107650 39.998042 
    DiffusionOperator::sp~~es_leaving_elements()      0.016217      0.028199      0.021745  8.079409 
  SSAOperator::run()                                  0.013024      0.017131      0.015357  5.706083 
/gpfs/bbp.cscs.ch/data/project/proj16/kotsalos/STEPS4Models/SimpleModel
 *** This was run 2 *** 
 *** This is run 3 *** 
/gpfs/bbp.cscs.ch/data/project/proj16/kotsalos/STEPS4Models/SimpleModel/Sample_STEPS4 /gpfs/bbp.cscs.ch/data/project/proj16/kotsalos/STEPS4Models/SimpleModel
[2022-02-15 15:46:40,020][INFO][../bbp.cscs.ch/data/project/proj16/kotsalos/STEPS4Models/HBP_STEPS/src/steps/geom/dist/distmesh.cpp:232][static Omega_h::Mesh steps::dist::DistMesh::load_mesh(Omega_h::Library&, const string&)]: Creating Omega_h mesh from GMSH mesh  ../mesh/../mesh/10x10x100_13009tets.msh 
 
Model checking:
No errors were found
steps4 nhost 256 time cost: 0.304101
steps4 nhost 256 avg rss (MB): 6.472534
steps4 nhost 256 avg mem ini (MB): 98.882706
Path                                             Min time/rank Max time/rank Avg time/rank Time %    
OmegaHSimulation::run()                               0.148804      0.186892      0.167343 61.601250 
  DiffusionOperator::operator()                       0.127140      0.165905      0.147037 54.126443 
    DiffusionOperator::sp~~s_entering_elements()      0.004546      0.005401      0.004974  1.830888 
    sync_delta_pools()                                0.087091      0.125286      0.108251 39.848586 
    DiffusionOperator::sp~~es_leaving_elements()      0.016625      0.027476      0.021768  8.013265 
  SSAOperator::run()                                  0.012989      0.017346      0.015306  5.634434 
/gpfs/bbp.cscs.ch/data/project/proj16/kotsalos/STEPS4Models/SimpleModel
 *** This was run 3 *** 
 *** This is run 4 *** 
/gpfs/bbp.cscs.ch/data/project/proj16/kotsalos/STEPS4Models/SimpleModel/Sample_STEPS4 /gpfs/bbp.cscs.ch/data/project/proj16/kotsalos/STEPS4Models/SimpleModel
[2022-02-15 15:47:06,231][INFO][../bbp.cscs.ch/data/project/proj16/kotsalos/STEPS4Models/HBP_STEPS/src/steps/geom/dist/distmesh.cpp:232][static Omega_h::Mesh steps::dist::DistMesh::load_mesh(Omega_h::Library&, const string&)]: Creating Omega_h mesh from GMSH mesh  ../mesh/../mesh/10x10x100_13009tets.msh 
 
Model checking:
No errors were found
steps4 nhost 256 time cost: 0.300887
steps4 nhost 256 avg rss (MB): 6.473175
steps4 nhost 256 avg mem ini (MB): 98.884079
Path                                             Min time/rank Max time/rank Avg time/rank Time %    
OmegaHSimulation::run()                               0.146811      0.185335      0.167097 62.331920 
  DiffusionOperator::operator()                       0.124699      0.163760      0.146806 54.762675 
    DiffusionOperator::sp~~s_entering_elements()      0.004563      0.005400      0.004972  1.854798 
    sync_delta_pools()                                0.084087      0.124499      0.108027 40.297222 
    DiffusionOperator::sp~~es_leaving_elements()      0.017221      0.027872      0.021759  8.116757 
  SSAOperator::run()                                  0.013131      0.017180      0.015298  5.706568 
/gpfs/bbp.cscs.ch/data/project/proj16/kotsalos/STEPS4Models/SimpleModel
 *** This was run 4 *** 
 *** This is run 5 *** 
/gpfs/bbp.cscs.ch/data/project/proj16/kotsalos/STEPS4Models/SimpleModel/Sample_STEPS4 /gpfs/bbp.cscs.ch/data/project/proj16/kotsalos/STEPS4Models/SimpleModel
[2022-02-15 15:47:32,450][INFO][../bbp.cscs.ch/data/project/proj16/kotsalos/STEPS4Models/HBP_STEPS/src/steps/geom/dist/distmesh.cpp:232][static Omega_h::Mesh steps::dist::DistMesh::load_mesh(Omega_h::Library&, const string&)]: Creating Omega_h mesh from GMSH mesh  ../mesh/../mesh/10x10x100_13009tets.msh 
 
Model checking:
No errors were found
steps4 nhost 256 time cost: 0.298003
steps4 nhost 256 avg rss (MB): 6.471970
steps4 nhost 256 avg mem ini (MB): 98.883255
Path                                             Min time/rank Max time/rank Avg time/rank Time %    
OmegaHSimulation::run()                               0.147887      0.182229      0.165688 62.477587 
  DiffusionOperator::operator()                       0.125957      0.161238      0.145372 54.816809 
    DiffusionOperator::sp~~s_entering_elements()      0.004535      0.005542      0.004974  1.875570 
    sync_delta_pools()                                0.085305      0.121813      0.106541 40.174689 
    DiffusionOperator::sp~~es_leaving_elements()      0.016294      0.027715      0.021818  8.227214 
  SSAOperator::run()                                  0.012730      0.017081      0.015317  5.775569 
/gpfs/bbp.cscs.ch/data/project/proj16/kotsalos/STEPS4Models/SimpleModel
 *** This was run 5 *** 
 *** This is run 6 *** 
/gpfs/bbp.cscs.ch/data/project/proj16/kotsalos/STEPS4Models/SimpleModel/Sample_STEPS4 /gpfs/bbp.cscs.ch/data/project/proj16/kotsalos/STEPS4Models/SimpleModel
[2022-02-15 15:47:58,520][INFO][../bbp.cscs.ch/data/project/proj16/kotsalos/STEPS4Models/HBP_STEPS/src/steps/geom/dist/distmesh.cpp:232][static Omega_h::Mesh steps::dist::DistMesh::load_mesh(Omega_h::Library&, const string&)]: Creating Omega_h mesh from GMSH mesh  ../mesh/../mesh/10x10x100_13009tets.msh 
 
Model checking:
No errors were found
steps4 nhost 256 time cost: 0.301029
steps4 nhost 256 avg rss (MB): 6.477676
steps4 nhost 256 avg mem ini (MB): 98.884903
Path                                             Min time/rank Max time/rank Avg time/rank Time %    
OmegaHSimulation::run()                               0.145481      0.184694      0.166771 62.126676 
  DiffusionOperator::operator()                       0.123893      0.163364      0.146478 54.567011 
    DiffusionOperator::sp~~s_entering_elements()      0.004588      0.005412      0.004968  1.850720 
    sync_delta_pools()                                0.083710      0.123437      0.107661 40.106495 
    DiffusionOperator::sp~~es_leaving_elements()      0.016889      0.028151      0.021821  8.129007 
  SSAOperator::run()                                  0.013076      0.017129      0.015307  5.702285 
/gpfs/bbp.cscs.ch/data/project/proj16/kotsalos/STEPS4Models/SimpleModel
 *** This was run 6 *** 
 *** This is run 7 *** 
/gpfs/bbp.cscs.ch/data/project/proj16/kotsalos/STEPS4Models/SimpleModel/Sample_STEPS4 /gpfs/bbp.cscs.ch/data/project/proj16/kotsalos/STEPS4Models/SimpleModel
[2022-02-15 15:48:24,679][INFO][../bbp.cscs.ch/data/project/proj16/kotsalos/STEPS4Models/HBP_STEPS/src/steps/geom/dist/distmesh.cpp:232][static Omega_h::Mesh steps::dist::DistMesh::load_mesh(Omega_h::Library&, const string&)]: Creating Omega_h mesh from GMSH mesh  ../mesh/../mesh/10x10x100_13009tets.msh 
 
Model checking:
No errors were found
steps4 nhost 256 time cost: 0.302543
steps4 nhost 256 avg rss (MB): 6.462036
steps4 nhost 256 avg mem ini (MB): 98.890884
Path                                             Min time/rank Max time/rank Avg time/rank Time %    
OmegaHSimulation::run()                               0.151121      0.184688      0.166656 61.784413 
  DiffusionOperator::operator()                       0.129998      0.163006      0.146342 54.253433 
    DiffusionOperator::sp~~s_entering_elements()      0.004524      0.005522      0.004974  1.843852 
    sync_delta_pools()                                0.087921      0.123937      0.107572 39.880203 
    DiffusionOperator::sp~~es_leaving_elements()      0.016410      0.028709      0.021751  8.063849 
  SSAOperator::run()                                  0.013067      0.016856      0.015325  5.681366 
/gpfs/bbp.cscs.ch/data/project/proj16/kotsalos/STEPS4Models/SimpleModel
 *** This was run 7 *** 
 *** This is run 8 *** 
/gpfs/bbp.cscs.ch/data/project/proj16/kotsalos/STEPS4Models/SimpleModel/Sample_STEPS4 /gpfs/bbp.cscs.ch/data/project/proj16/kotsalos/STEPS4Models/SimpleModel
[2022-02-15 15:48:50,856][INFO][../bbp.cscs.ch/data/project/proj16/kotsalos/STEPS4Models/HBP_STEPS/src/steps/geom/dist/distmesh.cpp:232][static Omega_h::Mesh steps::dist::DistMesh::load_mesh(Omega_h::Library&, const string&)]: Creating Omega_h mesh from GMSH mesh  ../mesh/../mesh/10x10x100_13009tets.msh 
 
Model checking:
No errors were found
steps4 nhost 256 time cost: 0.300112
steps4 nhost 256 avg rss (MB): 6.474197
steps4 nhost 256 avg mem ini (MB): 98.883423
Path                                             Min time/rank Max time/rank Avg time/rank Time %    
OmegaHSimulation::run()                               0.146889      0.183119      0.166147 62.099793 
  DiffusionOperator::operator()                       0.125409      0.161826      0.145810 54.498479 
    DiffusionOperator::sp~~s_entering_elements()      0.004584      0.005428      0.004970  1.857505 
    sync_delta_pools()                                0.085493      0.121595      0.107015 39.998327 
    DiffusionOperator::sp~~es_leaving_elements()      0.017090      0.027776      0.021780  8.140709 
  SSAOperator::run()                                  0.013426      0.016979      0.015343  5.734674 
/gpfs/bbp.cscs.ch/data/project/proj16/kotsalos/STEPS4Models/SimpleModel
 *** This was run 8 *** 
 *** This is run 9 *** 
/gpfs/bbp.cscs.ch/data/project/proj16/kotsalos/STEPS4Models/SimpleModel/Sample_STEPS4 /gpfs/bbp.cscs.ch/data/project/proj16/kotsalos/STEPS4Models/SimpleModel
[2022-02-15 15:49:17,135][INFO][../bbp.cscs.ch/data/project/proj16/kotsalos/STEPS4Models/HBP_STEPS/src/steps/geom/dist/distmesh.cpp:232][static Omega_h::Mesh steps::dist::DistMesh::load_mesh(Omega_h::Library&, const string&)]: Creating Omega_h mesh from GMSH mesh  ../mesh/../mesh/10x10x100_13009tets.msh 
 
Model checking:
No errors were found
steps4 nhost 256 time cost: 0.300366
steps4 nhost 256 avg rss (MB): 6.467468
steps4 nhost 256 avg mem ini (MB): 98.888016
Path                                             Min time/rank Max time/rank Avg time/rank Time %    
OmegaHSimulation::run()                               0.148632      0.184638      0.166584 62.249032 
  DiffusionOperator::operator()                       0.126739      0.163216      0.146239 54.646519 
    DiffusionOperator::sp~~s_entering_elements()      0.004555      0.005395      0.004974  1.858499 
    sync_delta_pools()                                0.086335      0.123033      0.107415 40.139011 
    DiffusionOperator::sp~~es_leaving_elements()      0.016227      0.027867      0.021808  8.149320 
  SSAOperator::run()                                  0.012854      0.016804      0.015343  5.733312 
/gpfs/bbp.cscs.ch/data/project/proj16/kotsalos/STEPS4Models/SimpleModel
 *** This was run 9 *** 
 *** This is run 10 *** 
/gpfs/bbp.cscs.ch/data/project/proj16/kotsalos/STEPS4Models/SimpleModel/Sample_STEPS4 /gpfs/bbp.cscs.ch/data/project/proj16/kotsalos/STEPS4Models/SimpleModel
[2022-02-15 15:49:44,877][INFO][../bbp.cscs.ch/data/project/proj16/kotsalos/STEPS4Models/HBP_STEPS/src/steps/geom/dist/distmesh.cpp:232][static Omega_h::Mesh steps::dist::DistMesh::load_mesh(Omega_h::Library&, const string&)]: Creating Omega_h mesh from GMSH mesh  ../mesh/../mesh/10x10x100_13009tets.msh 
 
Model checking:
No errors were found
steps4 nhost 256 time cost: 0.300028
steps4 nhost 256 avg rss (MB): 6.477829
steps4 nhost 256 avg mem ini (MB): 98.883713
Path                                             Min time/rank Max time/rank Avg time/rank Time %    
OmegaHSimulation::run()                               0.147799      0.184280      0.166016 62.164925 
  DiffusionOperator::operator()                       0.126329      0.162340      0.145676 54.548600 
    DiffusionOperator::sp~~s_entering_elements()      0.004524      0.005431      0.004970  1.861079 
    sync_delta_pools()                                0.086321      0.123237      0.106906 40.031058 
    DiffusionOperator::sp~~es_leaving_elements()      0.016651      0.028193      0.021753  8.145499 
  SSAOperator::run()                                  0.013234      0.017712      0.015339  5.743887 
/gpfs/bbp.cscs.ch/data/project/proj16/kotsalos/STEPS4Models/SimpleModel
 *** This was run 10 *** 
 *** This is run 11 *** 
/gpfs/bbp.cscs.ch/data/project/proj16/kotsalos/STEPS4Models/SimpleModel/Sample_STEPS4 /gpfs/bbp.cscs.ch/data/project/proj16/kotsalos/STEPS4Models/SimpleModel
[2022-02-15 15:50:11,077][INFO][../bbp.cscs.ch/data/project/proj16/kotsalos/STEPS4Models/HBP_STEPS/src/steps/geom/dist/distmesh.cpp:232][static Omega_h::Mesh steps::dist::DistMesh::load_mesh(Omega_h::Library&, const string&)]: Creating Omega_h mesh from GMSH mesh  ../mesh/../mesh/10x10x100_13009tets.msh 
 
Model checking:
No errors were found
steps4 nhost 256 time cost: 0.300838
steps4 nhost 256 avg rss (MB): 6.475861
steps4 nhost 256 avg mem ini (MB): 98.887375
Path                                             Min time/rank Max time/rank Avg time/rank Time %    
OmegaHSimulation::run()                               0.147480      0.184156      0.166807 62.297452 
  DiffusionOperator::operator()                       0.125640      0.162888      0.146495 54.711399 
    DiffusionOperator::sp~~s_entering_elements()      0.004556      0.005384      0.004967  1.854918 
    sync_delta_pools()                                0.084817      0.122950      0.107712 40.227091 
    DiffusionOperator::sp~~es_leaving_elements()      0.016146      0.027786      0.021767  8.129431 
  SSAOperator::run()                                  0.012815      0.016971      0.015311  5.718257 
/gpfs/bbp.cscs.ch/data/project/proj16/kotsalos/STEPS4Models/SimpleModel
 *** This was run 11 *** 
 *** This is run 12 *** 
/gpfs/bbp.cscs.ch/data/project/proj16/kotsalos/STEPS4Models/SimpleModel/Sample_STEPS4 /gpfs/bbp.cscs.ch/data/project/proj16/kotsalos/STEPS4Models/SimpleModel
[2022-02-15 15:50:37,236][INFO][../bbp.cscs.ch/data/project/proj16/kotsalos/STEPS4Models/HBP_STEPS/src/steps/geom/dist/distmesh.cpp:232][static Omega_h::Mesh steps::dist::DistMesh::load_mesh(Omega_h::Library&, const string&)]: Creating Omega_h mesh from GMSH mesh  ../mesh/../mesh/10x10x100_13009tets.msh 
 
Model checking:
No errors were found
steps4 nhost 256 time cost: 0.303034
steps4 nhost 256 avg rss (MB): 6.470001
steps4 nhost 256 avg mem ini (MB): 98.886627
Path                                             Min time/rank Max time/rank Avg time/rank Time %    
OmegaHSimulation::run()                               0.147323      0.183414      0.166648 61.650298 
  DiffusionOperator::operator()                       0.125506      0.161955      0.146279 54.114615 
    DiffusionOperator::sp~~s_entering_elements()      0.004572      0.005409      0.004966  1.837310 
    sync_delta_pools()                                0.084866      0.122185      0.107487 39.763902 
    DiffusionOperator::sp~~es_leaving_elements()      0.016571      0.028013      0.021781  8.057760 
  SSAOperator::run()                                  0.012967      0.016793      0.015350  5.678706 
/gpfs/bbp.cscs.ch/data/project/proj16/kotsalos/STEPS4Models/SimpleModel
 *** This was run 12 *** 
 *** This is run 13 *** 
/gpfs/bbp.cscs.ch/data/project/proj16/kotsalos/STEPS4Models/SimpleModel/Sample_STEPS4 /gpfs/bbp.cscs.ch/data/project/proj16/kotsalos/STEPS4Models/SimpleModel
[2022-02-15 15:51:03,419][INFO][../bbp.cscs.ch/data/project/proj16/kotsalos/STEPS4Models/HBP_STEPS/src/steps/geom/dist/distmesh.cpp:232][static Omega_h::Mesh steps::dist::DistMesh::load_mesh(Omega_h::Library&, const string&)]: Creating Omega_h mesh from GMSH mesh  ../mesh/../mesh/10x10x100_13009tets.msh 
 
Model checking:
No errors were found
steps4 nhost 256 time cost: 0.298342
steps4 nhost 256 avg rss (MB): 6.467133
steps4 nhost 256 avg mem ini (MB): 98.884171
Path                                             Min time/rank Max time/rank Avg time/rank Time %    
OmegaHSimulation::run()                               0.149381      0.182447      0.165937 62.482574 
  DiffusionOperator::operator()                       0.127497      0.160936      0.145606 54.826886 
    DiffusionOperator::sp~~s_entering_elements()      0.004572      0.005422      0.004967  1.870280 
    sync_delta_pools()                                0.087090      0.122922      0.106810 40.218757 
    DiffusionOperator::sp~~es_leaving_elements()      0.016805      0.027461      0.021775  8.199402 
  SSAOperator::run()                                  0.013082      0.017181      0.015320  5.768754 
/gpfs/bbp.cscs.ch/data/project/proj16/kotsalos/STEPS4Models/SimpleModel
 *** This was run 13 *** 
 *** This is run 14 *** 
/gpfs/bbp.cscs.ch/data/project/proj16/kotsalos/STEPS4Models/SimpleModel/Sample_STEPS4 /gpfs/bbp.cscs.ch/data/project/proj16/kotsalos/STEPS4Models/SimpleModel
[2022-02-15 15:51:29,495][INFO][../bbp.cscs.ch/data/project/proj16/kotsalos/STEPS4Models/HBP_STEPS/src/steps/geom/dist/distmesh.cpp:232][static Omega_h::Mesh steps::dist::DistMesh::load_mesh(Omega_h::Library&, const string&)]: Creating Omega_h mesh from GMSH mesh  ../mesh/../mesh/10x10x100_13009tets.msh 
 
Model checking:
No errors were found
steps4 nhost 256 time cost: 0.297446
steps4 nhost 256 avg rss (MB): 6.472427
steps4 nhost 256 avg mem ini (MB): 98.887680
Path                                             Min time/rank Max time/rank Avg time/rank Time %    
OmegaHSimulation::run()                               0.146032      0.182542      0.165471 62.503822 
  DiffusionOperator::operator()                       0.124431      0.161573      0.145145 54.825910 
    DiffusionOperator::sp~~s_entering_elements()      0.004519      0.005399      0.004968  1.876590 
    sync_delta_pools()                                0.084081      0.121069      0.106395 40.188660 
    DiffusionOperator::sp~~es_leaving_elements()      0.016316      0.027452      0.021750  8.215643 
  SSAOperator::run()                                  0.013096      0.017060      0.015309  5.782690 
/gpfs/bbp.cscs.ch/data/project/proj16/kotsalos/STEPS4Models/SimpleModel
 *** This was run 14 *** 
 *** This is run 15 *** 
/gpfs/bbp.cscs.ch/data/project/proj16/kotsalos/STEPS4Models/SimpleModel/Sample_STEPS4 /gpfs/bbp.cscs.ch/data/project/proj16/kotsalos/STEPS4Models/SimpleModel
[2022-02-15 15:51:55,564][INFO][../bbp.cscs.ch/data/project/proj16/kotsalos/STEPS4Models/HBP_STEPS/src/steps/geom/dist/distmesh.cpp:232][static Omega_h::Mesh steps::dist::DistMesh::load_mesh(Omega_h::Library&, const string&)]: Creating Omega_h mesh from GMSH mesh  ../mesh/../mesh/10x10x100_13009tets.msh 
 
Model checking:
No errors were found
steps4 nhost 256 time cost: 0.298312
steps4 nhost 256 avg rss (MB): 6.469788
steps4 nhost 256 avg mem ini (MB): 98.885544
Path                                             Min time/rank Max time/rank Avg time/rank Time %    
OmegaHSimulation::run()                               0.147780      0.184290      0.166174 62.512619 
  DiffusionOperator::operator()                       0.126308      0.162610      0.145842 54.863883 
    DiffusionOperator::sp~~s_entering_elements()      0.004551      0.005488      0.004968  1.868723 
    sync_delta_pools()                                0.086370      0.122091      0.107052 40.271534 
    DiffusionOperator::sp~~es_leaving_elements()      0.015988      0.027370      0.021778  8.192559 
  SSAOperator::run()                                  0.012668      0.016714      0.015336  5.769098 
/gpfs/bbp.cscs.ch/data/project/proj16/kotsalos/STEPS4Models/SimpleModel
 *** This was run 15 *** 
 *** This is run 16 *** 
/gpfs/bbp.cscs.ch/data/project/proj16/kotsalos/STEPS4Models/SimpleModel/Sample_STEPS4 /gpfs/bbp.cscs.ch/data/project/proj16/kotsalos/STEPS4Models/SimpleModel
[2022-02-15 15:52:21,747][INFO][../bbp.cscs.ch/data/project/proj16/kotsalos/STEPS4Models/HBP_STEPS/src/steps/geom/dist/distmesh.cpp:232][static Omega_h::Mesh steps::dist::DistMesh::load_mesh(Omega_h::Library&, const string&)]: Creating Omega_h mesh from GMSH mesh  ../mesh/../mesh/10x10x100_13009tets.msh 
 
Model checking:
No errors were found
steps4 nhost 256 time cost: 0.299036
steps4 nhost 256 avg rss (MB): 6.474091
steps4 nhost 256 avg mem ini (MB): 98.882965
Path                                             Min time/rank Max time/rank Avg time/rank Time %    
OmegaHSimulation::run()                               0.146350      0.183537      0.166106 62.331475 
  DiffusionOperator::operator()                       0.124707      0.162231      0.145801 54.711881 
    DiffusionOperator::sp~~s_entering_elements()      0.004571      0.005494      0.004967  1.863974 
    sync_delta_pools()                                0.084810      0.122799      0.107055 40.172431 
    DiffusionOperator::sp~~es_leaving_elements()      0.016758      0.027943      0.021735  8.155937 
  SSAOperator::run()                                  0.013029      0.017022      0.015307  5.743824 
/gpfs/bbp.cscs.ch/data/project/proj16/kotsalos/STEPS4Models/SimpleModel
 *** This was run 16 *** 
 *** This is run 17 *** 
/gpfs/bbp.cscs.ch/data/project/proj16/kotsalos/STEPS4Models/SimpleModel/Sample_STEPS4 /gpfs/bbp.cscs.ch/data/project/proj16/kotsalos/STEPS4Models/SimpleModel
[2022-02-15 15:52:47,826][INFO][../bbp.cscs.ch/data/project/proj16/kotsalos/STEPS4Models/HBP_STEPS/src/steps/geom/dist/distmesh.cpp:232][static Omega_h::Mesh steps::dist::DistMesh::load_mesh(Omega_h::Library&, const string&)]: Creating Omega_h mesh from GMSH mesh  ../mesh/../mesh/10x10x100_13009tets.msh 
 
Model checking:
No errors were found
steps4 nhost 256 time cost: 0.304863
steps4 nhost 256 avg rss (MB): 6.477997
steps4 nhost 256 avg mem ini (MB): 98.882019
Path                                             Min time/rank Max time/rank Avg time/rank Time %    
OmegaHSimulation::run()                               0.148421      0.185499      0.167182 61.418685 
  DiffusionOperator::operator()                       0.126549      0.164527      0.146837 53.944211 
    DiffusionOperator::sp~~s_entering_elements()      0.004550      0.005380      0.004971  1.826214 
    sync_delta_pools()                                0.085474      0.125768      0.108013 39.681201 
    DiffusionOperator::sp~~es_leaving_elements()      0.016762      0.027678      0.021803  8.009793 
  SSAOperator::run()                                  0.013277      0.016884      0.015332  5.632623 
/gpfs/bbp.cscs.ch/data/project/proj16/kotsalos/STEPS4Models/SimpleModel
 *** This was run 17 *** 
 *** This is run 18 *** 
/gpfs/bbp.cscs.ch/data/project/proj16/kotsalos/STEPS4Models/SimpleModel/Sample_STEPS4 /gpfs/bbp.cscs.ch/data/project/proj16/kotsalos/STEPS4Models/SimpleModel
[2022-02-15 15:53:14,007][INFO][../bbp.cscs.ch/data/project/proj16/kotsalos/STEPS4Models/HBP_STEPS/src/steps/geom/dist/distmesh.cpp:232][static Omega_h::Mesh steps::dist::DistMesh::load_mesh(Omega_h::Library&, const string&)]: Creating Omega_h mesh from GMSH mesh  ../mesh/../mesh/10x10x100_13009tets.msh 
 
Model checking:
No errors were found
steps4 nhost 256 time cost: 0.298012
steps4 nhost 256 avg rss (MB): 6.471039
steps4 nhost 256 avg mem ini (MB): 98.886398
Path                                             Min time/rank Max time/rank Avg time/rank Time %    
OmegaHSimulation::run()                               0.146084      0.182455      0.165762 62.445990 
  DiffusionOperator::operator()                       0.124247      0.161097      0.145461 54.798230 
    DiffusionOperator::sp~~s_entering_elements()      0.004517      0.005363      0.004968  1.871381 
    sync_delta_pools()                                0.083737      0.121179      0.106679 40.188242 
    DiffusionOperator::sp~~es_leaving_elements()      0.016246      0.027528      0.021781  8.205429 
  SSAOperator::run()                                  0.012884      0.016972      0.015307  5.766575 
/gpfs/bbp.cscs.ch/data/project/proj16/kotsalos/STEPS4Models/SimpleModel
 *** This was run 18 *** 
 *** This is run 19 *** 
/gpfs/bbp.cscs.ch/data/project/proj16/kotsalos/STEPS4Models/SimpleModel/Sample_STEPS4 /gpfs/bbp.cscs.ch/data/project/proj16/kotsalos/STEPS4Models/SimpleModel
srun: Job 282802 step creation temporarily disabled, retrying (Requested nodes are busy)
srun: Step created for job 282802
[2022-02-15 15:53:40,548][INFO][../bbp.cscs.ch/data/project/proj16/kotsalos/STEPS4Models/HBP_STEPS/src/steps/geom/dist/distmesh.cpp:232][static Omega_h::Mesh steps::dist::DistMesh::load_mesh(Omega_h::Library&, const string&)]: Creating Omega_h mesh from GMSH mesh  ../mesh/../mesh/10x10x100_13009tets.msh 
 
Model checking:
No errors were found
steps4 nhost 256 time cost: 0.302005
steps4 nhost 256 avg rss (MB): 6.479630
steps4 nhost 256 avg mem ini (MB): 98.882141
Path                                             Min time/rank Max time/rank Avg time/rank Time %    
OmegaHSimulation::run()                               0.148510      0.185701      0.166978 61.967886 
  DiffusionOperator::operator()                       0.126748      0.164593      0.146638 54.419327 
    DiffusionOperator::sp~~s_entering_elements()      0.004556      0.005411      0.004973  1.845698 
    sync_delta_pools()                                0.085972      0.123286      0.107811 40.010256 
    DiffusionOperator::sp~~es_leaving_elements()      0.016298      0.028179      0.021801  8.090661 
  SSAOperator::run()                                  0.012648      0.017115      0.015329  5.688794 
/gpfs/bbp.cscs.ch/data/project/proj16/kotsalos/STEPS4Models/SimpleModel
 *** This was run 19 *** 
 *** This is run 20 *** 
/gpfs/bbp.cscs.ch/data/project/proj16/kotsalos/STEPS4Models/SimpleModel/Sample_STEPS4 /gpfs/bbp.cscs.ch/data/project/proj16/kotsalos/STEPS4Models/SimpleModel
[2022-02-15 15:54:06,773][INFO][../bbp.cscs.ch/data/project/proj16/kotsalos/STEPS4Models/HBP_STEPS/src/steps/geom/dist/distmesh.cpp:232][static Omega_h::Mesh steps::dist::DistMesh::load_mesh(Omega_h::Library&, const string&)]: Creating Omega_h mesh from GMSH mesh  ../mesh/../mesh/10x10x100_13009tets.msh 
 
Model checking:
No errors were found
steps4 nhost 256 time cost: 0.304890
steps4 nhost 256 avg rss (MB): 6.477890
steps4 nhost 256 avg mem ini (MB): 98.885483
Path                                             Min time/rank Max time/rank Avg time/rank Time %    
OmegaHSimulation::run()                               0.146362      0.184857      0.166560 61.132755 
  DiffusionOperator::operator()                       0.125024      0.164287      0.146222 53.668229 
    DiffusionOperator::sp~~s_entering_elements()      0.004525      0.005528      0.004973  1.825119 
    sync_delta_pools()                                0.084660      0.124895      0.107402 39.419844 
    DiffusionOperator::sp~~es_leaving_elements()      0.016496      0.027636      0.021795  7.999457 
  SSAOperator::run()                                  0.012925      0.016931      0.015334  5.628061 
/gpfs/bbp.cscs.ch/data/project/proj16/kotsalos/STEPS4Models/SimpleModel
 *** This was run 20 *** 
 *** This is run 21 *** 
/gpfs/bbp.cscs.ch/data/project/proj16/kotsalos/STEPS4Models/SimpleModel/Sample_STEPS4 /gpfs/bbp.cscs.ch/data/project/proj16/kotsalos/STEPS4Models/SimpleModel
[2022-02-15 15:54:32,993][INFO][../bbp.cscs.ch/data/project/proj16/kotsalos/STEPS4Models/HBP_STEPS/src/steps/geom/dist/distmesh.cpp:232][static Omega_h::Mesh steps::dist::DistMesh::load_mesh(Omega_h::Library&, const string&)]: Creating Omega_h mesh from GMSH mesh  ../mesh/../mesh/10x10x100_13009tets.msh 
 
Model checking:
No errors were found
steps4 nhost 256 time cost: 0.298825
steps4 nhost 256 avg rss (MB): 6.476151
steps4 nhost 256 avg mem ini (MB): 98.889816
Path                                             Min time/rank Max time/rank Avg time/rank Time %    
OmegaHSimulation::run()                               0.145846      0.184664      0.165614 62.165574 
  DiffusionOperator::operator()                       0.124317      0.162809      0.145274 54.530620 
    DiffusionOperator::sp~~s_entering_elements()      0.004526      0.005421      0.004966  1.864004 
    sync_delta_pools()                                0.084251      0.121825      0.106485 39.970477 
    DiffusionOperator::sp~~es_leaving_elements()      0.016860      0.028076      0.021788  8.178444 
  SSAOperator::run()                                  0.012987      0.016906      0.015334  5.755675 
/gpfs/bbp.cscs.ch/data/project/proj16/kotsalos/STEPS4Models/SimpleModel
 *** This was run 21 *** 
 *** This is run 22 *** 
/gpfs/bbp.cscs.ch/data/project/proj16/kotsalos/STEPS4Models/SimpleModel/Sample_STEPS4 /gpfs/bbp.cscs.ch/data/project/proj16/kotsalos/STEPS4Models/SimpleModel
[2022-02-15 15:54:59,102][INFO][../bbp.cscs.ch/data/project/proj16/kotsalos/STEPS4Models/HBP_STEPS/src/steps/geom/dist/distmesh.cpp:232][static Omega_h::Mesh steps::dist::DistMesh::load_mesh(Omega_h::Library&, const string&)]: Creating Omega_h mesh from GMSH mesh  ../mesh/../mesh/10x10x100_13009tets.msh 
 
Model checking:
No errors were found
steps4 nhost 256 time cost: 0.301256
steps4 nhost 256 avg rss (MB): 6.469177
steps4 nhost 256 avg mem ini (MB): 98.894531
Path                                             Min time/rank Max time/rank Avg time/rank Time %    
OmegaHSimulation::run()                               0.148607      0.184417      0.166413 61.946034 
  DiffusionOperator::operator()                       0.126766      0.162745      0.146067 54.372402 
    DiffusionOperator::sp~~s_entering_elements()      0.004577      0.005478      0.004966  1.848605 
    sync_delta_pools()                                0.086490      0.122898      0.107345 39.958235 
    DiffusionOperator::sp~~es_leaving_elements()      0.016431      0.027927      0.021719  8.084895 
  SSAOperator::run()                                  0.013006      0.017085      0.015324  5.704165 
/gpfs/bbp.cscs.ch/data/project/proj16/kotsalos/STEPS4Models/SimpleModel
 *** This was run 22 *** 
 *** This is run 23 *** 
/gpfs/bbp.cscs.ch/data/project/proj16/kotsalos/STEPS4Models/SimpleModel/Sample_STEPS4 /gpfs/bbp.cscs.ch/data/project/proj16/kotsalos/STEPS4Models/SimpleModel
[2022-02-15 15:55:25,253][INFO][../bbp.cscs.ch/data/project/proj16/kotsalos/STEPS4Models/HBP_STEPS/src/steps/geom/dist/distmesh.cpp:232][static Omega_h::Mesh steps::dist::DistMesh::load_mesh(Omega_h::Library&, const string&)]: Creating Omega_h mesh from GMSH mesh  ../mesh/../mesh/10x10x100_13009tets.msh 
 
Model checking:
No errors were found
steps4 nhost 256 time cost: 0.300732
steps4 nhost 256 avg rss (MB): 6.472534
steps4 nhost 256 avg mem ini (MB): 98.884262
Path                                             Min time/rank Max time/rank Avg time/rank Time %    
OmegaHSimulation::run()                               0.148442      0.183689      0.165905 61.834832 
  DiffusionOperator::operator()                       0.126230      0.161253      0.145559 54.251713 
    DiffusionOperator::sp~~s_entering_elements()      0.004566      0.005448      0.004972  1.853196 
    sync_delta_pools()                                0.085812      0.121333      0.106813 39.810388 
    DiffusionOperator::sp~~es_leaving_elements()      0.016684      0.027553      0.021738  8.101957 
  SSAOperator::run()                                  0.013191      0.016859      0.015332  5.714362 
/gpfs/bbp.cscs.ch/data/project/proj16/kotsalos/STEPS4Models/SimpleModel
 *** This was run 23 *** 
 *** This is run 24 *** 
/gpfs/bbp.cscs.ch/data/project/proj16/kotsalos/STEPS4Models/SimpleModel/Sample_STEPS4 /gpfs/bbp.cscs.ch/data/project/proj16/kotsalos/STEPS4Models/SimpleModel
[2022-02-15 15:55:51,440][INFO][../bbp.cscs.ch/data/project/proj16/kotsalos/STEPS4Models/HBP_STEPS/src/steps/geom/dist/distmesh.cpp:232][static Omega_h::Mesh steps::dist::DistMesh::load_mesh(Omega_h::Library&, const string&)]: Creating Omega_h mesh from GMSH mesh  ../mesh/../mesh/10x10x100_13009tets.msh 
 
Model checking:
No errors were found
steps4 nhost 256 time cost: 0.310717
steps4 nhost 256 avg rss (MB): 6.478073
steps4 nhost 256 avg mem ini (MB): 98.883545
Path                                             Min time/rank Max time/rank Avg time/rank Time %    
OmegaHSimulation::run()                               0.148447      0.183279      0.167147 60.041349 
  DiffusionOperator::operator()                       0.126711      0.161543      0.146791 52.729134 
    DiffusionOperator::sp~~s_entering_elements()      0.004562      0.005889      0.004972  1.786178 
    sync_delta_pools()                                0.086719      0.121728      0.107917 38.765293 
    DiffusionOperator::sp~~es_leaving_elements()      0.017082      0.027629      0.021841  7.845578 
  SSAOperator::run()                                  0.013194      0.017094      0.015343  5.511547 
/gpfs/bbp.cscs.ch/data/project/proj16/kotsalos/STEPS4Models/SimpleModel
 *** This was run 24 *** 
 *** This is run 25 *** 
/gpfs/bbp.cscs.ch/data/project/proj16/kotsalos/STEPS4Models/SimpleModel/Sample_STEPS4 /gpfs/bbp.cscs.ch/data/project/proj16/kotsalos/STEPS4Models/SimpleModel
[2022-02-15 15:56:17,582][INFO][../bbp.cscs.ch/data/project/proj16/kotsalos/STEPS4Models/HBP_STEPS/src/steps/geom/dist/distmesh.cpp:232][static Omega_h::Mesh steps::dist::DistMesh::load_mesh(Omega_h::Library&, const string&)]: Creating Omega_h mesh from GMSH mesh  ../mesh/../mesh/10x10x100_13009tets.msh 
 
Model checking:
No errors were found
steps4 nhost 256 time cost: 0.299844
steps4 nhost 256 avg rss (MB): 6.469437
steps4 nhost 256 avg mem ini (MB): 98.886078
Path                                             Min time/rank Max time/rank Avg time/rank Time %    
OmegaHSimulation::run()                               0.149024      0.183664      0.166512 62.350011 
  DiffusionOperator::operator()                       0.127511      0.163487      0.146191 54.740812 
    DiffusionOperator::sp~~s_entering_elements()      0.004564      0.005521      0.004971  1.861284 
    sync_delta_pools()                                0.087386      0.123116      0.107412 40.220143 
    DiffusionOperator::sp~~es_leaving_elements()      0.016433      0.028431      0.021769  8.151342 
  SSAOperator::run()                                  0.013020      0.016778      0.015322  5.737252 
/gpfs/bbp.cscs.ch/data/project/proj16/kotsalos/STEPS4Models/SimpleModel
 *** This was run 25 *** 
 *** This is run 26 *** 
/gpfs/bbp.cscs.ch/data/project/proj16/kotsalos/STEPS4Models/SimpleModel/Sample_STEPS4 /gpfs/bbp.cscs.ch/data/project/proj16/kotsalos/STEPS4Models/SimpleModel
[2022-02-15 15:56:43,891][INFO][../bbp.cscs.ch/data/project/proj16/kotsalos/STEPS4Models/HBP_STEPS/src/steps/geom/dist/distmesh.cpp:232][static Omega_h::Mesh steps::dist::DistMesh::load_mesh(Omega_h::Library&, const string&)]: Creating Omega_h mesh from GMSH mesh  ../mesh/../mesh/10x10x100_13009tets.msh 
 
Model checking:
No errors were found
steps4 nhost 256 time cost: 0.299323
steps4 nhost 256 avg rss (MB): 6.470490
steps4 nhost 256 avg mem ini (MB): 98.885040
Path                                             Min time/rank Max time/rank Avg time/rank Time %    
OmegaHSimulation::run()                               0.147030      0.182004      0.166043 62.293934 
  DiffusionOperator::operator()                       0.125629      0.161478      0.145729 54.672796 
    DiffusionOperator::sp~~s_entering_elements()      0.004533      0.005485      0.004971  1.864972 
    sync_delta_pools()                                0.085018      0.122544      0.106886 40.100228 
    DiffusionOperator::sp~~es_leaving_elements()      0.016554      0.027859      0.021832  8.190608 
  SSAOperator::run()                                  0.012946      0.016985      0.015324  5.748982 
/gpfs/bbp.cscs.ch/data/project/proj16/kotsalos/STEPS4Models/SimpleModel
 *** This was run 26 *** 
 *** This is run 27 *** 
/gpfs/bbp.cscs.ch/data/project/proj16/kotsalos/STEPS4Models/SimpleModel/Sample_STEPS4 /gpfs/bbp.cscs.ch/data/project/proj16/kotsalos/STEPS4Models/SimpleModel
[2022-02-15 15:57:10,037][INFO][../bbp.cscs.ch/data/project/proj16/kotsalos/STEPS4Models/HBP_STEPS/src/steps/geom/dist/distmesh.cpp:232][static Omega_h::Mesh steps::dist::DistMesh::load_mesh(Omega_h::Library&, const string&)]: Creating Omega_h mesh from GMSH mesh  ../mesh/../mesh/10x10x100_13009tets.msh 
 
Model checking:
No errors were found
steps4 nhost 256 time cost: 0.297120
steps4 nhost 256 avg rss (MB): 6.472534
steps4 nhost 256 avg mem ini (MB): 98.883865
Path                                             Min time/rank Max time/rank Avg time/rank Time %    
OmegaHSimulation::run()                               0.146800      0.183097      0.164745 62.229613 
  DiffusionOperator::operator()                       0.124916      0.161735      0.144437 54.558800 
    DiffusionOperator::sp~~s_entering_elements()      0.004580      0.005417      0.004966  1.876010 
    sync_delta_pools()                                0.084230      0.121154      0.105695 39.924517 
    DiffusionOperator::sp~~es_leaving_elements()      0.017040      0.027969      0.021733  8.209382 
  SSAOperator::run()                                  0.013523      0.016885      0.015303  5.780289 
/gpfs/bbp.cscs.ch/data/project/proj16/kotsalos/STEPS4Models/SimpleModel
 *** This was run 27 *** 
 *** This is run 28 *** 
/gpfs/bbp.cscs.ch/data/project/proj16/kotsalos/STEPS4Models/SimpleModel/Sample_STEPS4 /gpfs/bbp.cscs.ch/data/project/proj16/kotsalos/STEPS4Models/SimpleModel
[2022-02-15 15:57:36,186][INFO][../bbp.cscs.ch/data/project/proj16/kotsalos/STEPS4Models/HBP_STEPS/src/steps/geom/dist/distmesh.cpp:232][static Omega_h::Mesh steps::dist::DistMesh::load_mesh(Omega_h::Library&, const string&)]: Creating Omega_h mesh from GMSH mesh  ../mesh/../mesh/10x10x100_13009tets.msh 
 
Model checking:
No errors were found
steps4 nhost 256 time cost: 0.298073
steps4 nhost 256 avg rss (MB): 6.474869
steps4 nhost 256 avg mem ini (MB): 98.883728
Path                                             Min time/rank Max time/rank Avg time/rank Time %    
OmegaHSimulation::run()                               0.146819      0.180967      0.165374 62.355293 
  DiffusionOperator::operator()                       0.125074      0.159790      0.145030 54.684188 
    DiffusionOperator::sp~~s_entering_elements()      0.004565      0.005433      0.004965  1.872211 
    sync_delta_pools()                                0.084975      0.120863      0.106184 40.037149 
    DiffusionOperator::sp~~es_leaving_elements()      0.016572      0.028195      0.021837  8.233607 
  SSAOperator::run()                                  0.012669      0.017031      0.015350  5.787825 
/gpfs/bbp.cscs.ch/data/project/proj16/kotsalos/STEPS4Models/SimpleModel
 *** This was run 28 *** 
 *** This is run 29 *** 
/gpfs/bbp.cscs.ch/data/project/proj16/kotsalos/STEPS4Models/SimpleModel/Sample_STEPS4 /gpfs/bbp.cscs.ch/data/project/proj16/kotsalos/STEPS4Models/SimpleModel
[2022-02-15 15:58:02,367][INFO][../bbp.cscs.ch/data/project/proj16/kotsalos/STEPS4Models/HBP_STEPS/src/steps/geom/dist/distmesh.cpp:232][static Omega_h::Mesh steps::dist::DistMesh::load_mesh(Omega_h::Library&, const string&)]: Creating Omega_h mesh from GMSH mesh  ../mesh/../mesh/10x10x100_13009tets.msh 
 
Model checking:
No errors were found
steps4 nhost 256 time cost: 0.297881
steps4 nhost 256 avg rss (MB): 6.472000
steps4 nhost 256 avg mem ini (MB): 98.881577
Path                                             Min time/rank Max time/rank Avg time/rank Time %    
OmegaHSimulation::run()                               0.147057      0.181841      0.165665 62.450665 
  DiffusionOperator::operator()                       0.125273      0.161327      0.145318 54.780731 
    DiffusionOperator::sp~~s_entering_elements()      0.004559      0.005476      0.004971  1.874024 
    sync_delta_pools()                                0.084369      0.121777      0.106487 40.142490 
    DiffusionOperator::sp~~es_leaving_elements()      0.016604      0.028335      0.021821  8.225721 
  SSAOperator::run()                                  0.012938      0.016992      0.015346  5.784964 
/gpfs/bbp.cscs.ch/data/project/proj16/kotsalos/STEPS4Models/SimpleModel
 *** This was run 29 *** 
 *** This is run 30 *** 
/gpfs/bbp.cscs.ch/data/project/proj16/kotsalos/STEPS4Models/SimpleModel/Sample_STEPS4 /gpfs/bbp.cscs.ch/data/project/proj16/kotsalos/STEPS4Models/SimpleModel
[2022-02-15 15:58:28,586][INFO][../bbp.cscs.ch/data/project/proj16/kotsalos/STEPS4Models/HBP_STEPS/src/steps/geom/dist/distmesh.cpp:232][static Omega_h::Mesh steps::dist::DistMesh::load_mesh(Omega_h::Library&, const string&)]: Creating Omega_h mesh from GMSH mesh  ../mesh/../mesh/10x10x100_13009tets.msh 
 
Model checking:
No errors were found
steps4 nhost 256 time cost: 0.296489
steps4 nhost 256 avg rss (MB): 6.465942
steps4 nhost 256 avg mem ini (MB): 98.888794
Path                                             Min time/rank Max time/rank Avg time/rank Time %    
OmegaHSimulation::run()                               0.144784      0.181275      0.165299 62.561061 
  DiffusionOperator::operator()                       0.122952      0.160198      0.144966 54.865658 
    DiffusionOperator::sp~~s_entering_elements()      0.004542      0.005503      0.004966  1.879546 
    sync_delta_pools()                                0.082075      0.120508      0.106162 40.179342 
    DiffusionOperator::sp~~es_leaving_elements()      0.016688      0.027714      0.021805  8.252686 
  SSAOperator::run()                                  0.013204      0.017042      0.015339  5.805395 
/gpfs/bbp.cscs.ch/data/project/proj16/kotsalos/STEPS4Models/SimpleModel
 *** This was run 30 *** 
