Autoloading python/3.8.3
Autoloading py-virtualenv/16.7.6
Autoloading py-numpy/1.19.4
Autoloading py-mpi4py/3.0.3
Autoloading py-h5py/3.1.0
Autoloading hpe-mpi/2.25.hmpt
Autoloading hdf5/1.10.7
 *** This is run 1 *** 
/gpfs/bbp.cscs.ch/data/project/proj16/kotsalos/STEPS4Models/SimpleModel/Sample_STEPS3 /gpfs/bbp.cscs.ch/data/project/proj16/kotsalos/STEPS4Models/SimpleModel
-----------------------------------------------------------------
STEPS is running in parallel mode with  4  processes
-----------------------------------------------------------------
steps3 nhost 4 time cost: 5.754158
steps3 nhost 4 avg rss (MB): 47.120594
steps3 nhost 4 avg mem ini (MB): 75.156250
/gpfs/bbp.cscs.ch/data/project/proj16/kotsalos/STEPS4Models/SimpleModel
/gpfs/bbp.cscs.ch/data/project/proj16/kotsalos/STEPS4Models/SimpleModel/Sample_STEPS4 /gpfs/bbp.cscs.ch/data/project/proj16/kotsalos/STEPS4Models/SimpleModel
[2022-02-15 15:45:23,274][INFO][../bbp.cscs.ch/data/project/proj16/kotsalos/STEPS4Models/HBP_STEPS/src/steps/geom/dist/distmesh.cpp:232][static Omega_h::Mesh steps::dist::DistMesh::load_mesh(Omega_h::Library&, const string&)]: Creating Omega_h mesh from GMSH mesh  ../mesh/../mesh/10x10x100_13009tets.msh 
 
Model checking:
No errors were found
steps4 nhost 4 time cost: 4.298437
steps4 nhost 4 avg rss (MB): 23.470703
steps4 nhost 4 avg mem ini (MB): 77.506836
/gpfs/bbp.cscs.ch/data/project/proj16/kotsalos/STEPS4Models/SimpleModel
 *** This was run 1 *** 
 *** This is run 2 *** 
/gpfs/bbp.cscs.ch/data/project/proj16/kotsalos/STEPS4Models/SimpleModel/Sample_STEPS3 /gpfs/bbp.cscs.ch/data/project/proj16/kotsalos/STEPS4Models/SimpleModel
-----------------------------------------------------------------
STEPS is running in parallel mode with  4  processes
-----------------------------------------------------------------
steps3 nhost 4 time cost: 5.776561
steps3 nhost 4 avg rss (MB): 47.114869
steps3 nhost 4 avg mem ini (MB): 75.163086
/gpfs/bbp.cscs.ch/data/project/proj16/kotsalos/STEPS4Models/SimpleModel
/gpfs/bbp.cscs.ch/data/project/proj16/kotsalos/STEPS4Models/SimpleModel/Sample_STEPS4 /gpfs/bbp.cscs.ch/data/project/proj16/kotsalos/STEPS4Models/SimpleModel
[2022-02-15 15:45:38,799][INFO][../bbp.cscs.ch/data/project/proj16/kotsalos/STEPS4Models/HBP_STEPS/src/steps/geom/dist/distmesh.cpp:232][static Omega_h::Mesh steps::dist::DistMesh::load_mesh(Omega_h::Library&, const string&)]: Creating Omega_h mesh from GMSH mesh  ../mesh/../mesh/10x10x100_13009tets.msh 
 
Model checking:
No errors were found
steps4 nhost 4 time cost: 4.320101
steps4 nhost 4 avg rss (MB): 23.531250
steps4 nhost 4 avg mem ini (MB): 77.441406
/gpfs/bbp.cscs.ch/data/project/proj16/kotsalos/STEPS4Models/SimpleModel
 *** This was run 2 *** 
 *** This is run 3 *** 
/gpfs/bbp.cscs.ch/data/project/proj16/kotsalos/STEPS4Models/SimpleModel/Sample_STEPS3 /gpfs/bbp.cscs.ch/data/project/proj16/kotsalos/STEPS4Models/SimpleModel
-----------------------------------------------------------------
STEPS is running in parallel mode with  4  processes
-----------------------------------------------------------------
steps3 nhost 4 time cost: 5.767513
steps3 nhost 4 avg rss (MB): 47.113197
steps3 nhost 4 avg mem ini (MB): 75.164062
/gpfs/bbp.cscs.ch/data/project/proj16/kotsalos/STEPS4Models/SimpleModel
/gpfs/bbp.cscs.ch/data/project/proj16/kotsalos/STEPS4Models/SimpleModel/Sample_STEPS4 /gpfs/bbp.cscs.ch/data/project/proj16/kotsalos/STEPS4Models/SimpleModel
[2022-02-15 15:45:54,563][INFO][../bbp.cscs.ch/data/project/proj16/kotsalos/STEPS4Models/HBP_STEPS/src/steps/geom/dist/distmesh.cpp:232][static Omega_h::Mesh steps::dist::DistMesh::load_mesh(Omega_h::Library&, const string&)]: Creating Omega_h mesh from GMSH mesh  ../mesh/../mesh/10x10x100_13009tets.msh 
 
Model checking:
No errors were found
steps4 nhost 4 time cost: 4.317406
steps4 nhost 4 avg rss (MB): 23.589844
steps4 nhost 4 avg mem ini (MB): 77.381836
/gpfs/bbp.cscs.ch/data/project/proj16/kotsalos/STEPS4Models/SimpleModel
 *** This was run 3 *** 
 *** This is run 4 *** 
/gpfs/bbp.cscs.ch/data/project/proj16/kotsalos/STEPS4Models/SimpleModel/Sample_STEPS3 /gpfs/bbp.cscs.ch/data/project/proj16/kotsalos/STEPS4Models/SimpleModel
-----------------------------------------------------------------
STEPS is running in parallel mode with  4  processes
-----------------------------------------------------------------
steps3 nhost 4 time cost: 5.754028
steps3 nhost 4 avg rss (MB): 47.113668
steps3 nhost 4 avg mem ini (MB): 75.156250
/gpfs/bbp.cscs.ch/data/project/proj16/kotsalos/STEPS4Models/SimpleModel
/gpfs/bbp.cscs.ch/data/project/proj16/kotsalos/STEPS4Models/SimpleModel/Sample_STEPS4 /gpfs/bbp.cscs.ch/data/project/proj16/kotsalos/STEPS4Models/SimpleModel
[2022-02-15 15:46:09,139][INFO][../bbp.cscs.ch/data/project/proj16/kotsalos/STEPS4Models/HBP_STEPS/src/steps/geom/dist/distmesh.cpp:232][static Omega_h::Mesh steps::dist::DistMesh::load_mesh(Omega_h::Library&, const string&)]: Creating Omega_h mesh from GMSH mesh  ../mesh/../mesh/10x10x100_13009tets.msh 
 
Model checking:
No errors were found
steps4 nhost 4 time cost: 4.334156
steps4 nhost 4 avg rss (MB): 23.536133
steps4 nhost 4 avg mem ini (MB): 77.441406
/gpfs/bbp.cscs.ch/data/project/proj16/kotsalos/STEPS4Models/SimpleModel
 *** This was run 4 *** 
 *** This is run 5 *** 
/gpfs/bbp.cscs.ch/data/project/proj16/kotsalos/STEPS4Models/SimpleModel/Sample_STEPS3 /gpfs/bbp.cscs.ch/data/project/proj16/kotsalos/STEPS4Models/SimpleModel
-----------------------------------------------------------------
STEPS is running in parallel mode with  4  processes
-----------------------------------------------------------------
steps3 nhost 4 time cost: 5.805629
steps3 nhost 4 avg rss (MB): 47.051336
steps3 nhost 4 avg mem ini (MB): 75.165039
/gpfs/bbp.cscs.ch/data/project/proj16/kotsalos/STEPS4Models/SimpleModel
/gpfs/bbp.cscs.ch/data/project/proj16/kotsalos/STEPS4Models/SimpleModel/Sample_STEPS4 /gpfs/bbp.cscs.ch/data/project/proj16/kotsalos/STEPS4Models/SimpleModel
[2022-02-15 15:46:23,750][INFO][../bbp.cscs.ch/data/project/proj16/kotsalos/STEPS4Models/HBP_STEPS/src/steps/geom/dist/distmesh.cpp:232][static Omega_h::Mesh steps::dist::DistMesh::load_mesh(Omega_h::Library&, const string&)]: Creating Omega_h mesh from GMSH mesh  ../mesh/../mesh/10x10x100_13009tets.msh 
 
Model checking:
No errors were found
steps4 nhost 4 time cost: 4.296479
steps4 nhost 4 avg rss (MB): 23.467773
steps4 nhost 4 avg mem ini (MB): 77.506836
/gpfs/bbp.cscs.ch/data/project/proj16/kotsalos/STEPS4Models/SimpleModel
 *** This was run 5 *** 
 *** This is run 6 *** 
/gpfs/bbp.cscs.ch/data/project/proj16/kotsalos/STEPS4Models/SimpleModel/Sample_STEPS3 /gpfs/bbp.cscs.ch/data/project/proj16/kotsalos/STEPS4Models/SimpleModel
-----------------------------------------------------------------
STEPS is running in parallel mode with  4  processes
-----------------------------------------------------------------
steps3 nhost 4 time cost: 5.771440
steps3 nhost 4 avg rss (MB): 47.126096
steps3 nhost 4 avg mem ini (MB): 75.163086
/gpfs/bbp.cscs.ch/data/project/proj16/kotsalos/STEPS4Models/SimpleModel
/gpfs/bbp.cscs.ch/data/project/proj16/kotsalos/STEPS4Models/SimpleModel/Sample_STEPS4 /gpfs/bbp.cscs.ch/data/project/proj16/kotsalos/STEPS4Models/SimpleModel
[2022-02-15 15:46:38,945][INFO][../bbp.cscs.ch/data/project/proj16/kotsalos/STEPS4Models/HBP_STEPS/src/steps/geom/dist/distmesh.cpp:232][static Omega_h::Mesh steps::dist::DistMesh::load_mesh(Omega_h::Library&, const string&)]: Creating Omega_h mesh from GMSH mesh  ../mesh/../mesh/10x10x100_13009tets.msh 
 
Model checking:
No errors were found
steps4 nhost 4 time cost: 4.323691
steps4 nhost 4 avg rss (MB): 23.532227
steps4 nhost 4 avg mem ini (MB): 77.446289
/gpfs/bbp.cscs.ch/data/project/proj16/kotsalos/STEPS4Models/SimpleModel
 *** This was run 6 *** 
 *** This is run 7 *** 
/gpfs/bbp.cscs.ch/data/project/proj16/kotsalos/STEPS4Models/SimpleModel/Sample_STEPS3 /gpfs/bbp.cscs.ch/data/project/proj16/kotsalos/STEPS4Models/SimpleModel
-----------------------------------------------------------------
STEPS is running in parallel mode with  4  processes
-----------------------------------------------------------------
steps3 nhost 4 time cost: 5.742721
steps3 nhost 4 avg rss (MB): 47.091885
steps3 nhost 4 avg mem ini (MB): 75.149414
/gpfs/bbp.cscs.ch/data/project/proj16/kotsalos/STEPS4Models/SimpleModel
/gpfs/bbp.cscs.ch/data/project/proj16/kotsalos/STEPS4Models/SimpleModel/Sample_STEPS4 /gpfs/bbp.cscs.ch/data/project/proj16/kotsalos/STEPS4Models/SimpleModel
[2022-02-15 15:46:54,752][INFO][../bbp.cscs.ch/data/project/proj16/kotsalos/STEPS4Models/HBP_STEPS/src/steps/geom/dist/distmesh.cpp:232][static Omega_h::Mesh steps::dist::DistMesh::load_mesh(Omega_h::Library&, const string&)]: Creating Omega_h mesh from GMSH mesh  ../mesh/../mesh/10x10x100_13009tets.msh 
 
Model checking:
No errors were found
steps4 nhost 4 time cost: 4.321026
steps4 nhost 4 avg rss (MB): 23.532227
steps4 nhost 4 avg mem ini (MB): 77.442383
/gpfs/bbp.cscs.ch/data/project/proj16/kotsalos/STEPS4Models/SimpleModel
 *** This was run 7 *** 
 *** This is run 8 *** 
/gpfs/bbp.cscs.ch/data/project/proj16/kotsalos/STEPS4Models/SimpleModel/Sample_STEPS3 /gpfs/bbp.cscs.ch/data/project/proj16/kotsalos/STEPS4Models/SimpleModel
-----------------------------------------------------------------
STEPS is running in parallel mode with  4  processes
-----------------------------------------------------------------
steps3 nhost 4 time cost: 5.761236
steps3 nhost 4 avg rss (MB): 47.129660
steps3 nhost 4 avg mem ini (MB): 75.163086
/gpfs/bbp.cscs.ch/data/project/proj16/kotsalos/STEPS4Models/SimpleModel
/gpfs/bbp.cscs.ch/data/project/proj16/kotsalos/STEPS4Models/SimpleModel/Sample_STEPS4 /gpfs/bbp.cscs.ch/data/project/proj16/kotsalos/STEPS4Models/SimpleModel
[2022-02-15 15:47:09,289][INFO][../bbp.cscs.ch/data/project/proj16/kotsalos/STEPS4Models/HBP_STEPS/src/steps/geom/dist/distmesh.cpp:232][static Omega_h::Mesh steps::dist::DistMesh::load_mesh(Omega_h::Library&, const string&)]: Creating Omega_h mesh from GMSH mesh  ../mesh/../mesh/10x10x100_13009tets.msh 
 
Model checking:
No errors were found
steps4 nhost 4 time cost: 4.311885
steps4 nhost 4 avg rss (MB): 23.532227
steps4 nhost 4 avg mem ini (MB): 77.441406
/gpfs/bbp.cscs.ch/data/project/proj16/kotsalos/STEPS4Models/SimpleModel
 *** This was run 8 *** 
 *** This is run 9 *** 
/gpfs/bbp.cscs.ch/data/project/proj16/kotsalos/STEPS4Models/SimpleModel/Sample_STEPS3 /gpfs/bbp.cscs.ch/data/project/proj16/kotsalos/STEPS4Models/SimpleModel
-----------------------------------------------------------------
STEPS is running in parallel mode with  4  processes
-----------------------------------------------------------------
steps3 nhost 4 time cost: 5.777858
steps3 nhost 4 avg rss (MB): 47.093420
steps3 nhost 4 avg mem ini (MB): 75.156250
/gpfs/bbp.cscs.ch/data/project/proj16/kotsalos/STEPS4Models/SimpleModel
/gpfs/bbp.cscs.ch/data/project/proj16/kotsalos/STEPS4Models/SimpleModel/Sample_STEPS4 /gpfs/bbp.cscs.ch/data/project/proj16/kotsalos/STEPS4Models/SimpleModel
[2022-02-15 15:47:24,430][INFO][../bbp.cscs.ch/data/project/proj16/kotsalos/STEPS4Models/HBP_STEPS/src/steps/geom/dist/distmesh.cpp:232][static Omega_h::Mesh steps::dist::DistMesh::load_mesh(Omega_h::Library&, const string&)]: Creating Omega_h mesh from GMSH mesh  ../mesh/../mesh/10x10x100_13009tets.msh 
 
Model checking:
No errors were found
steps4 nhost 4 time cost: 4.308313
steps4 nhost 4 avg rss (MB): 23.596680
steps4 nhost 4 avg mem ini (MB): 77.381836
/gpfs/bbp.cscs.ch/data/project/proj16/kotsalos/STEPS4Models/SimpleModel
 *** This was run 9 *** 
 *** This is run 10 *** 
/gpfs/bbp.cscs.ch/data/project/proj16/kotsalos/STEPS4Models/SimpleModel/Sample_STEPS3 /gpfs/bbp.cscs.ch/data/project/proj16/kotsalos/STEPS4Models/SimpleModel
-----------------------------------------------------------------
STEPS is running in parallel mode with  4  processes
-----------------------------------------------------------------
steps3 nhost 4 time cost: 5.736562
steps3 nhost 4 avg rss (MB): 47.082729
steps3 nhost 4 avg mem ini (MB): 75.163086
/gpfs/bbp.cscs.ch/data/project/proj16/kotsalos/STEPS4Models/SimpleModel
/gpfs/bbp.cscs.ch/data/project/proj16/kotsalos/STEPS4Models/SimpleModel/Sample_STEPS4 /gpfs/bbp.cscs.ch/data/project/proj16/kotsalos/STEPS4Models/SimpleModel
[2022-02-15 15:47:38,942][INFO][../bbp.cscs.ch/data/project/proj16/kotsalos/STEPS4Models/HBP_STEPS/src/steps/geom/dist/distmesh.cpp:232][static Omega_h::Mesh steps::dist::DistMesh::load_mesh(Omega_h::Library&, const string&)]: Creating Omega_h mesh from GMSH mesh  ../mesh/../mesh/10x10x100_13009tets.msh 
 
Model checking:
No errors were found
steps4 nhost 4 time cost: 4.317258
steps4 nhost 4 avg rss (MB): 23.531250
steps4 nhost 4 avg mem ini (MB): 77.446289
/gpfs/bbp.cscs.ch/data/project/proj16/kotsalos/STEPS4Models/SimpleModel
 *** This was run 10 *** 
 *** This is run 11 *** 
/gpfs/bbp.cscs.ch/data/project/proj16/kotsalos/STEPS4Models/SimpleModel/Sample_STEPS3 /gpfs/bbp.cscs.ch/data/project/proj16/kotsalos/STEPS4Models/SimpleModel
-----------------------------------------------------------------
STEPS is running in parallel mode with  4  processes
-----------------------------------------------------------------
steps3 nhost 4 time cost: 5.786646
steps3 nhost 4 avg rss (MB): 47.107840
steps3 nhost 4 avg mem ini (MB): 75.158203
/gpfs/bbp.cscs.ch/data/project/proj16/kotsalos/STEPS4Models/SimpleModel
/gpfs/bbp.cscs.ch/data/project/proj16/kotsalos/STEPS4Models/SimpleModel/Sample_STEPS4 /gpfs/bbp.cscs.ch/data/project/proj16/kotsalos/STEPS4Models/SimpleModel
[2022-02-15 15:47:53,534][INFO][../bbp.cscs.ch/data/project/proj16/kotsalos/STEPS4Models/HBP_STEPS/src/steps/geom/dist/distmesh.cpp:232][static Omega_h::Mesh steps::dist::DistMesh::load_mesh(Omega_h::Library&, const string&)]: Creating Omega_h mesh from GMSH mesh  ../mesh/../mesh/10x10x100_13009tets.msh 
 
Model checking:
No errors were found
steps4 nhost 4 time cost: 4.299456
steps4 nhost 4 avg rss (MB): 23.439453
steps4 nhost 4 avg mem ini (MB): 77.539062
/gpfs/bbp.cscs.ch/data/project/proj16/kotsalos/STEPS4Models/SimpleModel
 *** This was run 11 *** 
 *** This is run 12 *** 
/gpfs/bbp.cscs.ch/data/project/proj16/kotsalos/STEPS4Models/SimpleModel/Sample_STEPS3 /gpfs/bbp.cscs.ch/data/project/proj16/kotsalos/STEPS4Models/SimpleModel
-----------------------------------------------------------------
STEPS is running in parallel mode with  4  processes
-----------------------------------------------------------------
steps3 nhost 4 time cost: 5.766395
steps3 nhost 4 avg rss (MB): 47.130342
steps3 nhost 4 avg mem ini (MB): 75.163086
/gpfs/bbp.cscs.ch/data/project/proj16/kotsalos/STEPS4Models/SimpleModel
/gpfs/bbp.cscs.ch/data/project/proj16/kotsalos/STEPS4Models/SimpleModel/Sample_STEPS4 /gpfs/bbp.cscs.ch/data/project/proj16/kotsalos/STEPS4Models/SimpleModel
[2022-02-15 15:48:08,057][INFO][../bbp.cscs.ch/data/project/proj16/kotsalos/STEPS4Models/HBP_STEPS/src/steps/geom/dist/distmesh.cpp:232][static Omega_h::Mesh steps::dist::DistMesh::load_mesh(Omega_h::Library&, const string&)]: Creating Omega_h mesh from GMSH mesh  ../mesh/../mesh/10x10x100_13009tets.msh 
 
Model checking:
No errors were found
steps4 nhost 4 time cost: 4.315747
steps4 nhost 4 avg rss (MB): 23.498047
steps4 nhost 4 avg mem ini (MB): 77.473633
/gpfs/bbp.cscs.ch/data/project/proj16/kotsalos/STEPS4Models/SimpleModel
 *** This was run 12 *** 
 *** This is run 13 *** 
/gpfs/bbp.cscs.ch/data/project/proj16/kotsalos/STEPS4Models/SimpleModel/Sample_STEPS3 /gpfs/bbp.cscs.ch/data/project/proj16/kotsalos/STEPS4Models/SimpleModel
-----------------------------------------------------------------
STEPS is running in parallel mode with  4  processes
-----------------------------------------------------------------
steps3 nhost 4 time cost: 5.733524
steps3 nhost 4 avg rss (MB): 47.123018
steps3 nhost 4 avg mem ini (MB): 75.163086
/gpfs/bbp.cscs.ch/data/project/proj16/kotsalos/STEPS4Models/SimpleModel
/gpfs/bbp.cscs.ch/data/project/proj16/kotsalos/STEPS4Models/SimpleModel/Sample_STEPS4 /gpfs/bbp.cscs.ch/data/project/proj16/kotsalos/STEPS4Models/SimpleModel
[2022-02-15 15:48:22,564][INFO][../bbp.cscs.ch/data/project/proj16/kotsalos/STEPS4Models/HBP_STEPS/src/steps/geom/dist/distmesh.cpp:232][static Omega_h::Mesh steps::dist::DistMesh::load_mesh(Omega_h::Library&, const string&)]: Creating Omega_h mesh from GMSH mesh  ../mesh/../mesh/10x10x100_13009tets.msh 
 
Model checking:
No errors were found
steps4 nhost 4 time cost: 4.297287
steps4 nhost 4 avg rss (MB): 23.564453
steps4 nhost 4 avg mem ini (MB): 77.409180
/gpfs/bbp.cscs.ch/data/project/proj16/kotsalos/STEPS4Models/SimpleModel
 *** This was run 13 *** 
 *** This is run 14 *** 
/gpfs/bbp.cscs.ch/data/project/proj16/kotsalos/STEPS4Models/SimpleModel/Sample_STEPS3 /gpfs/bbp.cscs.ch/data/project/proj16/kotsalos/STEPS4Models/SimpleModel
-----------------------------------------------------------------
STEPS is running in parallel mode with  4  processes
-----------------------------------------------------------------
steps3 nhost 4 time cost: 5.750859
steps3 nhost 4 avg rss (MB): 47.079441
steps3 nhost 4 avg mem ini (MB): 75.155273
/gpfs/bbp.cscs.ch/data/project/proj16/kotsalos/STEPS4Models/SimpleModel
/gpfs/bbp.cscs.ch/data/project/proj16/kotsalos/STEPS4Models/SimpleModel/Sample_STEPS4 /gpfs/bbp.cscs.ch/data/project/proj16/kotsalos/STEPS4Models/SimpleModel
[2022-02-15 15:48:37,085][INFO][../bbp.cscs.ch/data/project/proj16/kotsalos/STEPS4Models/HBP_STEPS/src/steps/geom/dist/distmesh.cpp:232][static Omega_h::Mesh steps::dist::DistMesh::load_mesh(Omega_h::Library&, const string&)]: Creating Omega_h mesh from GMSH mesh  ../mesh/../mesh/10x10x100_13009tets.msh 
 
Model checking:
No errors were found
steps4 nhost 4 time cost: 4.296651
steps4 nhost 4 avg rss (MB): 23.502930
steps4 nhost 4 avg mem ini (MB): 77.473633
/gpfs/bbp.cscs.ch/data/project/proj16/kotsalos/STEPS4Models/SimpleModel
 *** This was run 14 *** 
 *** This is run 15 *** 
/gpfs/bbp.cscs.ch/data/project/proj16/kotsalos/STEPS4Models/SimpleModel/Sample_STEPS3 /gpfs/bbp.cscs.ch/data/project/proj16/kotsalos/STEPS4Models/SimpleModel
-----------------------------------------------------------------
STEPS is running in parallel mode with  4  processes
-----------------------------------------------------------------
steps3 nhost 4 time cost: 5.754708
steps3 nhost 4 avg rss (MB): 47.109020
steps3 nhost 4 avg mem ini (MB): 75.152344
/gpfs/bbp.cscs.ch/data/project/proj16/kotsalos/STEPS4Models/SimpleModel
/gpfs/bbp.cscs.ch/data/project/proj16/kotsalos/STEPS4Models/SimpleModel/Sample_STEPS4 /gpfs/bbp.cscs.ch/data/project/proj16/kotsalos/STEPS4Models/SimpleModel
[2022-02-15 15:48:54,059][INFO][../bbp.cscs.ch/data/project/proj16/kotsalos/STEPS4Models/HBP_STEPS/src/steps/geom/dist/distmesh.cpp:232][static Omega_h::Mesh steps::dist::DistMesh::load_mesh(Omega_h::Library&, const string&)]: Creating Omega_h mesh from GMSH mesh  ../mesh/../mesh/10x10x100_13009tets.msh 
 
Model checking:
No errors were found
steps4 nhost 4 time cost: 4.296914
steps4 nhost 4 avg rss (MB): 23.560547
steps4 nhost 4 avg mem ini (MB): 77.414062
/gpfs/bbp.cscs.ch/data/project/proj16/kotsalos/STEPS4Models/SimpleModel
 *** This was run 15 *** 
 *** This is run 16 *** 
/gpfs/bbp.cscs.ch/data/project/proj16/kotsalos/STEPS4Models/SimpleModel/Sample_STEPS3 /gpfs/bbp.cscs.ch/data/project/proj16/kotsalos/STEPS4Models/SimpleModel
-----------------------------------------------------------------
STEPS is running in parallel mode with  4  processes
-----------------------------------------------------------------
steps3 nhost 4 time cost: 5.748627
steps3 nhost 4 avg rss (MB): 47.092352
steps3 nhost 4 avg mem ini (MB): 75.156250
/gpfs/bbp.cscs.ch/data/project/proj16/kotsalos/STEPS4Models/SimpleModel
/gpfs/bbp.cscs.ch/data/project/proj16/kotsalos/STEPS4Models/SimpleModel/Sample_STEPS4 /gpfs/bbp.cscs.ch/data/project/proj16/kotsalos/STEPS4Models/SimpleModel
[2022-02-15 15:49:08,566][INFO][../bbp.cscs.ch/data/project/proj16/kotsalos/STEPS4Models/HBP_STEPS/src/steps/geom/dist/distmesh.cpp:232][static Omega_h::Mesh steps::dist::DistMesh::load_mesh(Omega_h::Library&, const string&)]: Creating Omega_h mesh from GMSH mesh  ../mesh/../mesh/10x10x100_13009tets.msh 
 
Model checking:
No errors were found
steps4 nhost 4 time cost: 4.298346
steps4 nhost 4 avg rss (MB): 23.466797
steps4 nhost 4 avg mem ini (MB): 77.505859
/gpfs/bbp.cscs.ch/data/project/proj16/kotsalos/STEPS4Models/SimpleModel
 *** This was run 16 *** 
 *** This is run 17 *** 
/gpfs/bbp.cscs.ch/data/project/proj16/kotsalos/STEPS4Models/SimpleModel/Sample_STEPS3 /gpfs/bbp.cscs.ch/data/project/proj16/kotsalos/STEPS4Models/SimpleModel
-----------------------------------------------------------------
STEPS is running in parallel mode with  4  processes
-----------------------------------------------------------------
steps3 nhost 4 time cost: 5.762886
steps3 nhost 4 avg rss (MB): 47.051945
steps3 nhost 4 avg mem ini (MB): 75.162109
/gpfs/bbp.cscs.ch/data/project/proj16/kotsalos/STEPS4Models/SimpleModel
/gpfs/bbp.cscs.ch/data/project/proj16/kotsalos/STEPS4Models/SimpleModel/Sample_STEPS4 /gpfs/bbp.cscs.ch/data/project/proj16/kotsalos/STEPS4Models/SimpleModel
[2022-02-15 15:49:23,355][INFO][../bbp.cscs.ch/data/project/proj16/kotsalos/STEPS4Models/HBP_STEPS/src/steps/geom/dist/distmesh.cpp:232][static Omega_h::Mesh steps::dist::DistMesh::load_mesh(Omega_h::Library&, const string&)]: Creating Omega_h mesh from GMSH mesh  ../mesh/../mesh/10x10x100_13009tets.msh 
 
Model checking:
No errors were found
steps4 nhost 4 time cost: 4.292880
steps4 nhost 4 avg rss (MB): 23.499023
steps4 nhost 4 avg mem ini (MB): 77.478516
/gpfs/bbp.cscs.ch/data/project/proj16/kotsalos/STEPS4Models/SimpleModel
 *** This was run 17 *** 
 *** This is run 18 *** 
/gpfs/bbp.cscs.ch/data/project/proj16/kotsalos/STEPS4Models/SimpleModel/Sample_STEPS3 /gpfs/bbp.cscs.ch/data/project/proj16/kotsalos/STEPS4Models/SimpleModel
-----------------------------------------------------------------
STEPS is running in parallel mode with  4  processes
-----------------------------------------------------------------
steps3 nhost 4 time cost: 5.764221
steps3 nhost 4 avg rss (MB): 47.089400
steps3 nhost 4 avg mem ini (MB): 75.165039
/gpfs/bbp.cscs.ch/data/project/proj16/kotsalos/STEPS4Models/SimpleModel
/gpfs/bbp.cscs.ch/data/project/proj16/kotsalos/STEPS4Models/SimpleModel/Sample_STEPS4 /gpfs/bbp.cscs.ch/data/project/proj16/kotsalos/STEPS4Models/SimpleModel
[2022-02-15 15:49:37,829][INFO][../bbp.cscs.ch/data/project/proj16/kotsalos/STEPS4Models/HBP_STEPS/src/steps/geom/dist/distmesh.cpp:232][static Omega_h::Mesh steps::dist::DistMesh::load_mesh(Omega_h::Library&, const string&)]: Creating Omega_h mesh from GMSH mesh  ../mesh/../mesh/10x10x100_13009tets.msh 
 
Model checking:
No errors were found
steps4 nhost 4 time cost: 4.278035
steps4 nhost 4 avg rss (MB): 23.529297
steps4 nhost 4 avg mem ini (MB): 77.446289
/gpfs/bbp.cscs.ch/data/project/proj16/kotsalos/STEPS4Models/SimpleModel
 *** This was run 18 *** 
 *** This is run 19 *** 
/gpfs/bbp.cscs.ch/data/project/proj16/kotsalos/STEPS4Models/SimpleModel/Sample_STEPS3 /gpfs/bbp.cscs.ch/data/project/proj16/kotsalos/STEPS4Models/SimpleModel
-----------------------------------------------------------------
STEPS is running in parallel mode with  4  processes
-----------------------------------------------------------------
steps3 nhost 4 time cost: 5.762868
steps3 nhost 4 avg rss (MB): 47.115898
steps3 nhost 4 avg mem ini (MB): 75.165039
/gpfs/bbp.cscs.ch/data/project/proj16/kotsalos/STEPS4Models/SimpleModel
/gpfs/bbp.cscs.ch/data/project/proj16/kotsalos/STEPS4Models/SimpleModel/Sample_STEPS4 /gpfs/bbp.cscs.ch/data/project/proj16/kotsalos/STEPS4Models/SimpleModel
[2022-02-15 15:49:53,371][INFO][../bbp.cscs.ch/data/project/proj16/kotsalos/STEPS4Models/HBP_STEPS/src/steps/geom/dist/distmesh.cpp:232][static Omega_h::Mesh steps::dist::DistMesh::load_mesh(Omega_h::Library&, const string&)]: Creating Omega_h mesh from GMSH mesh  ../mesh/../mesh/10x10x100_13009tets.msh 
 
Model checking:
No errors were found
steps4 nhost 4 time cost: 4.325899
steps4 nhost 4 avg rss (MB): 23.594727
steps4 nhost 4 avg mem ini (MB): 77.381836
/gpfs/bbp.cscs.ch/data/project/proj16/kotsalos/STEPS4Models/SimpleModel
 *** This was run 19 *** 
 *** This is run 20 *** 
/gpfs/bbp.cscs.ch/data/project/proj16/kotsalos/STEPS4Models/SimpleModel/Sample_STEPS3 /gpfs/bbp.cscs.ch/data/project/proj16/kotsalos/STEPS4Models/SimpleModel
-----------------------------------------------------------------
STEPS is running in parallel mode with  4  processes
-----------------------------------------------------------------
steps3 nhost 4 time cost: 5.780977
steps3 nhost 4 avg rss (MB): 47.087404
steps3 nhost 4 avg mem ini (MB): 75.158203
/gpfs/bbp.cscs.ch/data/project/proj16/kotsalos/STEPS4Models/SimpleModel
/gpfs/bbp.cscs.ch/data/project/proj16/kotsalos/STEPS4Models/SimpleModel/Sample_STEPS4 /gpfs/bbp.cscs.ch/data/project/proj16/kotsalos/STEPS4Models/SimpleModel
srun: Job 282793 step creation temporarily disabled, retrying (Requested nodes are busy)
srun: Step created for job 282793
[2022-02-15 15:50:08,918][INFO][../bbp.cscs.ch/data/project/proj16/kotsalos/STEPS4Models/HBP_STEPS/src/steps/geom/dist/distmesh.cpp:232][static Omega_h::Mesh steps::dist::DistMesh::load_mesh(Omega_h::Library&, const string&)]: Creating Omega_h mesh from GMSH mesh  ../mesh/../mesh/10x10x100_13009tets.msh 
 
Model checking:
No errors were found
steps4 nhost 4 time cost: 4.284086
steps4 nhost 4 avg rss (MB): 23.571289
steps4 nhost 4 avg mem ini (MB): 77.409180
/gpfs/bbp.cscs.ch/data/project/proj16/kotsalos/STEPS4Models/SimpleModel
 *** This was run 20 *** 
 *** This is run 21 *** 
/gpfs/bbp.cscs.ch/data/project/proj16/kotsalos/STEPS4Models/SimpleModel/Sample_STEPS3 /gpfs/bbp.cscs.ch/data/project/proj16/kotsalos/STEPS4Models/SimpleModel
-----------------------------------------------------------------
STEPS is running in parallel mode with  4  processes
-----------------------------------------------------------------
steps3 nhost 4 time cost: 5.796627
steps3 nhost 4 avg rss (MB): 47.147340
steps3 nhost 4 avg mem ini (MB): 75.153320
/gpfs/bbp.cscs.ch/data/project/proj16/kotsalos/STEPS4Models/SimpleModel
/gpfs/bbp.cscs.ch/data/project/proj16/kotsalos/STEPS4Models/SimpleModel/Sample_STEPS4 /gpfs/bbp.cscs.ch/data/project/proj16/kotsalos/STEPS4Models/SimpleModel
[2022-02-15 15:50:23,441][INFO][../bbp.cscs.ch/data/project/proj16/kotsalos/STEPS4Models/HBP_STEPS/src/steps/geom/dist/distmesh.cpp:232][static Omega_h::Mesh steps::dist::DistMesh::load_mesh(Omega_h::Library&, const string&)]: Creating Omega_h mesh from GMSH mesh  ../mesh/../mesh/10x10x100_13009tets.msh 
 
Model checking:
No errors were found
steps4 nhost 4 time cost: 4.293808
steps4 nhost 4 avg rss (MB): 23.540039
steps4 nhost 4 avg mem ini (MB): 77.441406
/gpfs/bbp.cscs.ch/data/project/proj16/kotsalos/STEPS4Models/SimpleModel
 *** This was run 21 *** 
 *** This is run 22 *** 
/gpfs/bbp.cscs.ch/data/project/proj16/kotsalos/STEPS4Models/SimpleModel/Sample_STEPS3 /gpfs/bbp.cscs.ch/data/project/proj16/kotsalos/STEPS4Models/SimpleModel
-----------------------------------------------------------------
STEPS is running in parallel mode with  4  processes
-----------------------------------------------------------------
steps3 nhost 4 time cost: 5.767899
steps3 nhost 4 avg rss (MB): 47.106639
steps3 nhost 4 avg mem ini (MB): 75.164062
/gpfs/bbp.cscs.ch/data/project/proj16/kotsalos/STEPS4Models/SimpleModel
/gpfs/bbp.cscs.ch/data/project/proj16/kotsalos/STEPS4Models/SimpleModel/Sample_STEPS4 /gpfs/bbp.cscs.ch/data/project/proj16/kotsalos/STEPS4Models/SimpleModel
[2022-02-15 15:50:37,921][INFO][../bbp.cscs.ch/data/project/proj16/kotsalos/STEPS4Models/HBP_STEPS/src/steps/geom/dist/distmesh.cpp:232][static Omega_h::Mesh steps::dist::DistMesh::load_mesh(Omega_h::Library&, const string&)]: Creating Omega_h mesh from GMSH mesh  ../mesh/../mesh/10x10x100_13009tets.msh 
 
Model checking:
No errors were found
steps4 nhost 4 time cost: 4.278189
steps4 nhost 4 avg rss (MB): 23.532227
steps4 nhost 4 avg mem ini (MB): 77.442383
/gpfs/bbp.cscs.ch/data/project/proj16/kotsalos/STEPS4Models/SimpleModel
 *** This was run 22 *** 
 *** This is run 23 *** 
/gpfs/bbp.cscs.ch/data/project/proj16/kotsalos/STEPS4Models/SimpleModel/Sample_STEPS3 /gpfs/bbp.cscs.ch/data/project/proj16/kotsalos/STEPS4Models/SimpleModel
-----------------------------------------------------------------
STEPS is running in parallel mode with  4  processes
-----------------------------------------------------------------
steps3 nhost 4 time cost: 5.795626
steps3 nhost 4 avg rss (MB): 47.124012
steps3 nhost 4 avg mem ini (MB): 75.163086
/gpfs/bbp.cscs.ch/data/project/proj16/kotsalos/STEPS4Models/SimpleModel
/gpfs/bbp.cscs.ch/data/project/proj16/kotsalos/STEPS4Models/SimpleModel/Sample_STEPS4 /gpfs/bbp.cscs.ch/data/project/proj16/kotsalos/STEPS4Models/SimpleModel
[2022-02-15 15:50:53,820][INFO][../bbp.cscs.ch/data/project/proj16/kotsalos/STEPS4Models/HBP_STEPS/src/steps/geom/dist/distmesh.cpp:232][static Omega_h::Mesh steps::dist::DistMesh::load_mesh(Omega_h::Library&, const string&)]: Creating Omega_h mesh from GMSH mesh  ../mesh/../mesh/10x10x100_13009tets.msh 
 
Model checking:
No errors were found
steps4 nhost 4 time cost: 4.315924
steps4 nhost 4 avg rss (MB): 23.584961
steps4 nhost 4 avg mem ini (MB): 77.387695
/gpfs/bbp.cscs.ch/data/project/proj16/kotsalos/STEPS4Models/SimpleModel
 *** This was run 23 *** 
 *** This is run 24 *** 
/gpfs/bbp.cscs.ch/data/project/proj16/kotsalos/STEPS4Models/SimpleModel/Sample_STEPS3 /gpfs/bbp.cscs.ch/data/project/proj16/kotsalos/STEPS4Models/SimpleModel
-----------------------------------------------------------------
STEPS is running in parallel mode with  4  processes
-----------------------------------------------------------------
steps3 nhost 4 time cost: 5.777681
steps3 nhost 4 avg rss (MB): 47.094422
steps3 nhost 4 avg mem ini (MB): 75.157227
/gpfs/bbp.cscs.ch/data/project/proj16/kotsalos/STEPS4Models/SimpleModel
/gpfs/bbp.cscs.ch/data/project/proj16/kotsalos/STEPS4Models/SimpleModel/Sample_STEPS4 /gpfs/bbp.cscs.ch/data/project/proj16/kotsalos/STEPS4Models/SimpleModel
[2022-02-15 15:51:08,307][INFO][../bbp.cscs.ch/data/project/proj16/kotsalos/STEPS4Models/HBP_STEPS/src/steps/geom/dist/distmesh.cpp:232][static Omega_h::Mesh steps::dist::DistMesh::load_mesh(Omega_h::Library&, const string&)]: Creating Omega_h mesh from GMSH mesh  ../mesh/../mesh/10x10x100_13009tets.msh 
 
Model checking:
No errors were found
steps4 nhost 4 time cost: 4.321063
steps4 nhost 4 avg rss (MB): 23.471680
steps4 nhost 4 avg mem ini (MB): 77.506836
/gpfs/bbp.cscs.ch/data/project/proj16/kotsalos/STEPS4Models/SimpleModel
 *** This was run 24 *** 
 *** This is run 25 *** 
/gpfs/bbp.cscs.ch/data/project/proj16/kotsalos/STEPS4Models/SimpleModel/Sample_STEPS3 /gpfs/bbp.cscs.ch/data/project/proj16/kotsalos/STEPS4Models/SimpleModel
-----------------------------------------------------------------
STEPS is running in parallel mode with  4  processes
-----------------------------------------------------------------
steps3 nhost 4 time cost: 5.777547
steps3 nhost 4 avg rss (MB): 47.122102
steps3 nhost 4 avg mem ini (MB): 75.149414
/gpfs/bbp.cscs.ch/data/project/proj16/kotsalos/STEPS4Models/SimpleModel
/gpfs/bbp.cscs.ch/data/project/proj16/kotsalos/STEPS4Models/SimpleModel/Sample_STEPS4 /gpfs/bbp.cscs.ch/data/project/proj16/kotsalos/STEPS4Models/SimpleModel
[2022-02-15 15:51:22,780][INFO][../bbp.cscs.ch/data/project/proj16/kotsalos/STEPS4Models/HBP_STEPS/src/steps/geom/dist/distmesh.cpp:232][static Omega_h::Mesh steps::dist::DistMesh::load_mesh(Omega_h::Library&, const string&)]: Creating Omega_h mesh from GMSH mesh  ../mesh/../mesh/10x10x100_13009tets.msh 
 
Model checking:
No errors were found
steps4 nhost 4 time cost: 4.327248
steps4 nhost 4 avg rss (MB): 23.535156
steps4 nhost 4 avg mem ini (MB): 77.441406
/gpfs/bbp.cscs.ch/data/project/proj16/kotsalos/STEPS4Models/SimpleModel
 *** This was run 25 *** 
 *** This is run 26 *** 
/gpfs/bbp.cscs.ch/data/project/proj16/kotsalos/STEPS4Models/SimpleModel/Sample_STEPS3 /gpfs/bbp.cscs.ch/data/project/proj16/kotsalos/STEPS4Models/SimpleModel
-----------------------------------------------------------------
STEPS is running in parallel mode with  4  processes
-----------------------------------------------------------------
steps3 nhost 4 time cost: 5.777398
steps3 nhost 4 avg rss (MB): 47.088455
steps3 nhost 4 avg mem ini (MB): 75.156250
/gpfs/bbp.cscs.ch/data/project/proj16/kotsalos/STEPS4Models/SimpleModel
/gpfs/bbp.cscs.ch/data/project/proj16/kotsalos/STEPS4Models/SimpleModel/Sample_STEPS4 /gpfs/bbp.cscs.ch/data/project/proj16/kotsalos/STEPS4Models/SimpleModel
[2022-02-15 15:51:37,232][INFO][../bbp.cscs.ch/data/project/proj16/kotsalos/STEPS4Models/HBP_STEPS/src/steps/geom/dist/distmesh.cpp:232][static Omega_h::Mesh steps::dist::DistMesh::load_mesh(Omega_h::Library&, const string&)]: Creating Omega_h mesh from GMSH mesh  ../mesh/../mesh/10x10x100_13009tets.msh 
 
Model checking:
No errors were found
steps4 nhost 4 time cost: 4.288068
steps4 nhost 4 avg rss (MB): 23.489258
steps4 nhost 4 avg mem ini (MB): 77.481445
/gpfs/bbp.cscs.ch/data/project/proj16/kotsalos/STEPS4Models/SimpleModel
 *** This was run 26 *** 
 *** This is run 27 *** 
/gpfs/bbp.cscs.ch/data/project/proj16/kotsalos/STEPS4Models/SimpleModel/Sample_STEPS3 /gpfs/bbp.cscs.ch/data/project/proj16/kotsalos/STEPS4Models/SimpleModel
-----------------------------------------------------------------
STEPS is running in parallel mode with  4  processes
-----------------------------------------------------------------
steps3 nhost 4 time cost: 5.759320
steps3 nhost 4 avg rss (MB): 47.107689
steps3 nhost 4 avg mem ini (MB): 75.164062
/gpfs/bbp.cscs.ch/data/project/proj16/kotsalos/STEPS4Models/SimpleModel
/gpfs/bbp.cscs.ch/data/project/proj16/kotsalos/STEPS4Models/SimpleModel/Sample_STEPS4 /gpfs/bbp.cscs.ch/data/project/proj16/kotsalos/STEPS4Models/SimpleModel
[2022-02-15 15:51:52,596][INFO][../bbp.cscs.ch/data/project/proj16/kotsalos/STEPS4Models/HBP_STEPS/src/steps/geom/dist/distmesh.cpp:232][static Omega_h::Mesh steps::dist::DistMesh::load_mesh(Omega_h::Library&, const string&)]: Creating Omega_h mesh from GMSH mesh  ../mesh/../mesh/10x10x100_13009tets.msh 
 
Model checking:
No errors were found
steps4 nhost 4 time cost: 4.307196
steps4 nhost 4 avg rss (MB): 23.555664
steps4 nhost 4 avg mem ini (MB): 77.414062
/gpfs/bbp.cscs.ch/data/project/proj16/kotsalos/STEPS4Models/SimpleModel
 *** This was run 27 *** 
 *** This is run 28 *** 
/gpfs/bbp.cscs.ch/data/project/proj16/kotsalos/STEPS4Models/SimpleModel/Sample_STEPS3 /gpfs/bbp.cscs.ch/data/project/proj16/kotsalos/STEPS4Models/SimpleModel
-----------------------------------------------------------------
STEPS is running in parallel mode with  4  processes
-----------------------------------------------------------------
steps3 nhost 4 time cost: 5.746042
steps3 nhost 4 avg rss (MB): 47.136256
steps3 nhost 4 avg mem ini (MB): 75.149414
/gpfs/bbp.cscs.ch/data/project/proj16/kotsalos/STEPS4Models/SimpleModel
/gpfs/bbp.cscs.ch/data/project/proj16/kotsalos/STEPS4Models/SimpleModel/Sample_STEPS4 /gpfs/bbp.cscs.ch/data/project/proj16/kotsalos/STEPS4Models/SimpleModel
[2022-02-15 15:52:07,062][INFO][../bbp.cscs.ch/data/project/proj16/kotsalos/STEPS4Models/HBP_STEPS/src/steps/geom/dist/distmesh.cpp:232][static Omega_h::Mesh steps::dist::DistMesh::load_mesh(Omega_h::Library&, const string&)]: Creating Omega_h mesh from GMSH mesh  ../mesh/../mesh/10x10x100_13009tets.msh 
 
Model checking:
No errors were found
steps4 nhost 4 time cost: 4.305978
steps4 nhost 4 avg rss (MB): 23.463867
steps4 nhost 4 avg mem ini (MB): 77.506836
/gpfs/bbp.cscs.ch/data/project/proj16/kotsalos/STEPS4Models/SimpleModel
 *** This was run 28 *** 
 *** This is run 29 *** 
/gpfs/bbp.cscs.ch/data/project/proj16/kotsalos/STEPS4Models/SimpleModel/Sample_STEPS3 /gpfs/bbp.cscs.ch/data/project/proj16/kotsalos/STEPS4Models/SimpleModel
-----------------------------------------------------------------
STEPS is running in parallel mode with  4  processes
-----------------------------------------------------------------
steps3 nhost 4 time cost: 5.788695
steps3 nhost 4 avg rss (MB): 47.108822
steps3 nhost 4 avg mem ini (MB): 75.153320
/gpfs/bbp.cscs.ch/data/project/proj16/kotsalos/STEPS4Models/SimpleModel
/gpfs/bbp.cscs.ch/data/project/proj16/kotsalos/STEPS4Models/SimpleModel/Sample_STEPS4 /gpfs/bbp.cscs.ch/data/project/proj16/kotsalos/STEPS4Models/SimpleModel
[2022-02-15 15:52:21,563][INFO][../bbp.cscs.ch/data/project/proj16/kotsalos/STEPS4Models/HBP_STEPS/src/steps/geom/dist/distmesh.cpp:232][static Omega_h::Mesh steps::dist::DistMesh::load_mesh(Omega_h::Library&, const string&)]: Creating Omega_h mesh from GMSH mesh  ../mesh/../mesh/10x10x100_13009tets.msh 
 
Model checking:
No errors were found
steps4 nhost 4 time cost: 4.319112
steps4 nhost 4 avg rss (MB): 23.559570
steps4 nhost 4 avg mem ini (MB): 77.414062
/gpfs/bbp.cscs.ch/data/project/proj16/kotsalos/STEPS4Models/SimpleModel
 *** This was run 29 *** 
 *** This is run 30 *** 
/gpfs/bbp.cscs.ch/data/project/proj16/kotsalos/STEPS4Models/SimpleModel/Sample_STEPS3 /gpfs/bbp.cscs.ch/data/project/proj16/kotsalos/STEPS4Models/SimpleModel
-----------------------------------------------------------------
STEPS is running in parallel mode with  4  processes
-----------------------------------------------------------------
steps3 nhost 4 time cost: 5.742938
steps3 nhost 4 avg rss (MB): 47.116387
steps3 nhost 4 avg mem ini (MB): 75.155273
/gpfs/bbp.cscs.ch/data/project/proj16/kotsalos/STEPS4Models/SimpleModel
/gpfs/bbp.cscs.ch/data/project/proj16/kotsalos/STEPS4Models/SimpleModel/Sample_STEPS4 /gpfs/bbp.cscs.ch/data/project/proj16/kotsalos/STEPS4Models/SimpleModel
[2022-02-15 15:52:36,124][INFO][../bbp.cscs.ch/data/project/proj16/kotsalos/STEPS4Models/HBP_STEPS/src/steps/geom/dist/distmesh.cpp:232][static Omega_h::Mesh steps::dist::DistMesh::load_mesh(Omega_h::Library&, const string&)]: Creating Omega_h mesh from GMSH mesh  ../mesh/../mesh/10x10x100_13009tets.msh 
 
Model checking:
No errors were found
steps4 nhost 4 time cost: 4.307455
steps4 nhost 4 avg rss (MB): 23.595703
steps4 nhost 4 avg mem ini (MB): 77.381836
/gpfs/bbp.cscs.ch/data/project/proj16/kotsalos/STEPS4Models/SimpleModel
 *** This was run 30 *** 
