Autoloading python/3.8.3
Autoloading py-virtualenv/16.7.6
Autoloading py-numpy/1.19.4
Autoloading py-mpi4py/3.0.3
Autoloading py-h5py/3.1.0
Autoloading hpe-mpi/2.25.hmpt
Autoloading hdf5/1.10.7
 *** This is run 1 *** 
/gpfs/bbp.cscs.ch/data/project/proj16/kotsalos/STEPS4Models/SimpleModel/Sample_STEPS3 /gpfs/bbp.cscs.ch/data/project/proj16/kotsalos/STEPS4Models/SimpleModel
-----------------------------------------------------------------
STEPS is running in parallel mode with  16  processes
-----------------------------------------------------------------
steps3 nhost 16 time cost: 2.083180
steps3 nhost 16 avg rss (MB): 22.690666
steps3 nhost 16 avg mem ini (MB): 76.687744
/gpfs/bbp.cscs.ch/data/project/proj16/kotsalos/STEPS4Models/SimpleModel
/gpfs/bbp.cscs.ch/data/project/proj16/kotsalos/STEPS4Models/SimpleModel/Sample_STEPS4 /gpfs/bbp.cscs.ch/data/project/proj16/kotsalos/STEPS4Models/SimpleModel
[2022-02-15 15:45:40,286][INFO][../bbp.cscs.ch/data/project/proj16/kotsalos/STEPS4Models/HBP_STEPS/src/steps/geom/dist/distmesh.cpp:232][static Omega_h::Mesh steps::dist::DistMesh::load_mesh(Omega_h::Library&, const string&)]: Creating Omega_h mesh from GMSH mesh  ../mesh/../mesh/10x10x100_13009tets.msh 
 
Model checking:
No errors were found
steps4 nhost 16 time cost: 1.315226
steps4 nhost 16 avg rss (MB): 10.028564
steps4 nhost 16 avg mem ini (MB): 79.021240
/gpfs/bbp.cscs.ch/data/project/proj16/kotsalos/STEPS4Models/SimpleModel
 *** This was run 1 *** 
 *** This is run 2 *** 
/gpfs/bbp.cscs.ch/data/project/proj16/kotsalos/STEPS4Models/SimpleModel/Sample_STEPS3 /gpfs/bbp.cscs.ch/data/project/proj16/kotsalos/STEPS4Models/SimpleModel
-----------------------------------------------------------------
STEPS is running in parallel mode with  16  processes
-----------------------------------------------------------------
steps3 nhost 16 time cost: 2.088586
steps3 nhost 16 avg rss (MB): 22.646438
steps3 nhost 16 avg mem ini (MB): 76.688721
/gpfs/bbp.cscs.ch/data/project/proj16/kotsalos/STEPS4Models/SimpleModel
/gpfs/bbp.cscs.ch/data/project/proj16/kotsalos/STEPS4Models/SimpleModel/Sample_STEPS4 /gpfs/bbp.cscs.ch/data/project/proj16/kotsalos/STEPS4Models/SimpleModel
[2022-02-15 15:46:08,763][INFO][../bbp.cscs.ch/data/project/proj16/kotsalos/STEPS4Models/HBP_STEPS/src/steps/geom/dist/distmesh.cpp:232][static Omega_h::Mesh steps::dist::DistMesh::load_mesh(Omega_h::Library&, const string&)]: Creating Omega_h mesh from GMSH mesh  ../mesh/../mesh/10x10x100_13009tets.msh 
 
Model checking:
No errors were found
steps4 nhost 16 time cost: 1.315362
steps4 nhost 16 avg rss (MB): 10.050537
steps4 nhost 16 avg mem ini (MB): 79.005615
/gpfs/bbp.cscs.ch/data/project/proj16/kotsalos/STEPS4Models/SimpleModel
 *** This was run 2 *** 
 *** This is run 3 *** 
/gpfs/bbp.cscs.ch/data/project/proj16/kotsalos/STEPS4Models/SimpleModel/Sample_STEPS3 /gpfs/bbp.cscs.ch/data/project/proj16/kotsalos/STEPS4Models/SimpleModel
-----------------------------------------------------------------
STEPS is running in parallel mode with  16  processes
-----------------------------------------------------------------
steps3 nhost 16 time cost: 2.106105
steps3 nhost 16 avg rss (MB): 22.652062
steps3 nhost 16 avg mem ini (MB): 76.690430
/gpfs/bbp.cscs.ch/data/project/proj16/kotsalos/STEPS4Models/SimpleModel
/gpfs/bbp.cscs.ch/data/project/proj16/kotsalos/STEPS4Models/SimpleModel/Sample_STEPS4 /gpfs/bbp.cscs.ch/data/project/proj16/kotsalos/STEPS4Models/SimpleModel
[2022-02-15 15:46:39,359][INFO][../bbp.cscs.ch/data/project/proj16/kotsalos/STEPS4Models/HBP_STEPS/src/steps/geom/dist/distmesh.cpp:232][static Omega_h::Mesh steps::dist::DistMesh::load_mesh(Omega_h::Library&, const string&)]: Creating Omega_h mesh from GMSH mesh  ../mesh/../mesh/10x10x100_13009tets.msh 
 
Model checking:
No errors were found
steps4 nhost 16 time cost: 1.318621
steps4 nhost 16 avg rss (MB): 9.992432
steps4 nhost 16 avg mem ini (MB): 79.045410
/gpfs/bbp.cscs.ch/data/project/proj16/kotsalos/STEPS4Models/SimpleModel
 *** This was run 3 *** 
 *** This is run 4 *** 
/gpfs/bbp.cscs.ch/data/project/proj16/kotsalos/STEPS4Models/SimpleModel/Sample_STEPS3 /gpfs/bbp.cscs.ch/data/project/proj16/kotsalos/STEPS4Models/SimpleModel
-----------------------------------------------------------------
STEPS is running in parallel mode with  16  processes
-----------------------------------------------------------------
steps3 nhost 16 time cost: 2.083673
steps3 nhost 16 avg rss (MB): 22.619610
steps3 nhost 16 avg mem ini (MB): 76.688965
/gpfs/bbp.cscs.ch/data/project/proj16/kotsalos/STEPS4Models/SimpleModel
/gpfs/bbp.cscs.ch/data/project/proj16/kotsalos/STEPS4Models/SimpleModel/Sample_STEPS4 /gpfs/bbp.cscs.ch/data/project/proj16/kotsalos/STEPS4Models/SimpleModel
[2022-02-15 15:47:07,853][INFO][../bbp.cscs.ch/data/project/proj16/kotsalos/STEPS4Models/HBP_STEPS/src/steps/geom/dist/distmesh.cpp:232][static Omega_h::Mesh steps::dist::DistMesh::load_mesh(Omega_h::Library&, const string&)]: Creating Omega_h mesh from GMSH mesh  ../mesh/../mesh/10x10x100_13009tets.msh 
 
Model checking:
No errors were found
steps4 nhost 16 time cost: 1.314941
steps4 nhost 16 avg rss (MB): 10.029297
steps4 nhost 16 avg mem ini (MB): 79.037109
/gpfs/bbp.cscs.ch/data/project/proj16/kotsalos/STEPS4Models/SimpleModel
 *** This was run 4 *** 
 *** This is run 5 *** 
/gpfs/bbp.cscs.ch/data/project/proj16/kotsalos/STEPS4Models/SimpleModel/Sample_STEPS3 /gpfs/bbp.cscs.ch/data/project/proj16/kotsalos/STEPS4Models/SimpleModel
-----------------------------------------------------------------
STEPS is running in parallel mode with  16  processes
-----------------------------------------------------------------
steps3 nhost 16 time cost: 2.101950
steps3 nhost 16 avg rss (MB): 22.652938
steps3 nhost 16 avg mem ini (MB): 76.688721
/gpfs/bbp.cscs.ch/data/project/proj16/kotsalos/STEPS4Models/SimpleModel
/gpfs/bbp.cscs.ch/data/project/proj16/kotsalos/STEPS4Models/SimpleModel/Sample_STEPS4 /gpfs/bbp.cscs.ch/data/project/proj16/kotsalos/STEPS4Models/SimpleModel
[2022-02-15 15:47:37,102][INFO][../bbp.cscs.ch/data/project/proj16/kotsalos/STEPS4Models/HBP_STEPS/src/steps/geom/dist/distmesh.cpp:232][static Omega_h::Mesh steps::dist::DistMesh::load_mesh(Omega_h::Library&, const string&)]: Creating Omega_h mesh from GMSH mesh  ../mesh/../mesh/10x10x100_13009tets.msh 
 
Model checking:
No errors were found
steps4 nhost 16 time cost: 1.314481
steps4 nhost 16 avg rss (MB): 10.040527
steps4 nhost 16 avg mem ini (MB): 79.020508
/gpfs/bbp.cscs.ch/data/project/proj16/kotsalos/STEPS4Models/SimpleModel
 *** This was run 5 *** 
 *** This is run 6 *** 
/gpfs/bbp.cscs.ch/data/project/proj16/kotsalos/STEPS4Models/SimpleModel/Sample_STEPS3 /gpfs/bbp.cscs.ch/data/project/proj16/kotsalos/STEPS4Models/SimpleModel
-----------------------------------------------------------------
STEPS is running in parallel mode with  16  processes
-----------------------------------------------------------------
steps3 nhost 16 time cost: 2.092569
steps3 nhost 16 avg rss (MB): 22.639532
steps3 nhost 16 avg mem ini (MB): 76.688965
/gpfs/bbp.cscs.ch/data/project/proj16/kotsalos/STEPS4Models/SimpleModel
/gpfs/bbp.cscs.ch/data/project/proj16/kotsalos/STEPS4Models/SimpleModel/Sample_STEPS4 /gpfs/bbp.cscs.ch/data/project/proj16/kotsalos/STEPS4Models/SimpleModel
[2022-02-15 15:48:05,737][INFO][../bbp.cscs.ch/data/project/proj16/kotsalos/STEPS4Models/HBP_STEPS/src/steps/geom/dist/distmesh.cpp:232][static Omega_h::Mesh steps::dist::DistMesh::load_mesh(Omega_h::Library&, const string&)]: Creating Omega_h mesh from GMSH mesh  ../mesh/../mesh/10x10x100_13009tets.msh 
 
Model checking:
No errors were found
steps4 nhost 16 time cost: 1.314486
steps4 nhost 16 avg rss (MB): 10.017334
steps4 nhost 16 avg mem ini (MB): 79.045410
/gpfs/bbp.cscs.ch/data/project/proj16/kotsalos/STEPS4Models/SimpleModel
 *** This was run 6 *** 
 *** This is run 7 *** 
/gpfs/bbp.cscs.ch/data/project/proj16/kotsalos/STEPS4Models/SimpleModel/Sample_STEPS3 /gpfs/bbp.cscs.ch/data/project/proj16/kotsalos/STEPS4Models/SimpleModel
-----------------------------------------------------------------
STEPS is running in parallel mode with  16  processes
-----------------------------------------------------------------
steps3 nhost 16 time cost: 2.115686
steps3 nhost 16 avg rss (MB): 22.663171
steps3 nhost 16 avg mem ini (MB): 76.687012
/gpfs/bbp.cscs.ch/data/project/proj16/kotsalos/STEPS4Models/SimpleModel
/gpfs/bbp.cscs.ch/data/project/proj16/kotsalos/STEPS4Models/SimpleModel/Sample_STEPS4 /gpfs/bbp.cscs.ch/data/project/proj16/kotsalos/STEPS4Models/SimpleModel
[2022-02-15 15:48:35,755][INFO][../bbp.cscs.ch/data/project/proj16/kotsalos/STEPS4Models/HBP_STEPS/src/steps/geom/dist/distmesh.cpp:232][static Omega_h::Mesh steps::dist::DistMesh::load_mesh(Omega_h::Library&, const string&)]: Creating Omega_h mesh from GMSH mesh  ../mesh/../mesh/10x10x100_13009tets.msh 
 
Model checking:
No errors were found
steps4 nhost 16 time cost: 1.317747
steps4 nhost 16 avg rss (MB): 9.993896
steps4 nhost 16 avg mem ini (MB): 79.053223
/gpfs/bbp.cscs.ch/data/project/proj16/kotsalos/STEPS4Models/SimpleModel
 *** This was run 7 *** 
 *** This is run 8 *** 
/gpfs/bbp.cscs.ch/data/project/proj16/kotsalos/STEPS4Models/SimpleModel/Sample_STEPS3 /gpfs/bbp.cscs.ch/data/project/proj16/kotsalos/STEPS4Models/SimpleModel
-----------------------------------------------------------------
STEPS is running in parallel mode with  16  processes
-----------------------------------------------------------------
steps3 nhost 16 time cost: 2.117148
steps3 nhost 16 avg rss (MB): 22.639946
steps3 nhost 16 avg mem ini (MB): 76.682861
/gpfs/bbp.cscs.ch/data/project/proj16/kotsalos/STEPS4Models/SimpleModel
/gpfs/bbp.cscs.ch/data/project/proj16/kotsalos/STEPS4Models/SimpleModel/Sample_STEPS4 /gpfs/bbp.cscs.ch/data/project/proj16/kotsalos/STEPS4Models/SimpleModel
[2022-02-15 15:49:04,355][INFO][../bbp.cscs.ch/data/project/proj16/kotsalos/STEPS4Models/HBP_STEPS/src/steps/geom/dist/distmesh.cpp:232][static Omega_h::Mesh steps::dist::DistMesh::load_mesh(Omega_h::Library&, const string&)]: Creating Omega_h mesh from GMSH mesh  ../mesh/../mesh/10x10x100_13009tets.msh 
 
Model checking:
No errors were found
steps4 nhost 16 time cost: 1.314877
steps4 nhost 16 avg rss (MB): 10.017578
steps4 nhost 16 avg mem ini (MB): 79.027832
/gpfs/bbp.cscs.ch/data/project/proj16/kotsalos/STEPS4Models/SimpleModel
 *** This was run 8 *** 
 *** This is run 9 *** 
/gpfs/bbp.cscs.ch/data/project/proj16/kotsalos/STEPS4Models/SimpleModel/Sample_STEPS3 /gpfs/bbp.cscs.ch/data/project/proj16/kotsalos/STEPS4Models/SimpleModel
-----------------------------------------------------------------
STEPS is running in parallel mode with  16  processes
-----------------------------------------------------------------
steps3 nhost 16 time cost: 2.102622
steps3 nhost 16 avg rss (MB): 22.651864
steps3 nhost 16 avg mem ini (MB): 76.688477
/gpfs/bbp.cscs.ch/data/project/proj16/kotsalos/STEPS4Models/SimpleModel
/gpfs/bbp.cscs.ch/data/project/proj16/kotsalos/STEPS4Models/SimpleModel/Sample_STEPS4 /gpfs/bbp.cscs.ch/data/project/proj16/kotsalos/STEPS4Models/SimpleModel
[2022-02-15 15:49:33,240][INFO][../bbp.cscs.ch/data/project/proj16/kotsalos/STEPS4Models/HBP_STEPS/src/steps/geom/dist/distmesh.cpp:232][static Omega_h::Mesh steps::dist::DistMesh::load_mesh(Omega_h::Library&, const string&)]: Creating Omega_h mesh from GMSH mesh  ../mesh/../mesh/10x10x100_13009tets.msh 
 
Model checking:
No errors were found
steps4 nhost 16 time cost: 1.312782
steps4 nhost 16 avg rss (MB): 9.981689
steps4 nhost 16 avg mem ini (MB): 79.053467
/gpfs/bbp.cscs.ch/data/project/proj16/kotsalos/STEPS4Models/SimpleModel
 *** This was run 9 *** 
 *** This is run 10 *** 
/gpfs/bbp.cscs.ch/data/project/proj16/kotsalos/STEPS4Models/SimpleModel/Sample_STEPS3 /gpfs/bbp.cscs.ch/data/project/proj16/kotsalos/STEPS4Models/SimpleModel
-----------------------------------------------------------------
STEPS is running in parallel mode with  16  processes
-----------------------------------------------------------------
steps3 nhost 16 time cost: 2.094266
steps3 nhost 16 avg rss (MB): 22.633631
steps3 nhost 16 avg mem ini (MB): 76.687744
/gpfs/bbp.cscs.ch/data/project/proj16/kotsalos/STEPS4Models/SimpleModel
/gpfs/bbp.cscs.ch/data/project/proj16/kotsalos/STEPS4Models/SimpleModel/Sample_STEPS4 /gpfs/bbp.cscs.ch/data/project/proj16/kotsalos/STEPS4Models/SimpleModel
[2022-02-15 15:50:01,605][INFO][../bbp.cscs.ch/data/project/proj16/kotsalos/STEPS4Models/HBP_STEPS/src/steps/geom/dist/distmesh.cpp:232][static Omega_h::Mesh steps::dist::DistMesh::load_mesh(Omega_h::Library&, const string&)]: Creating Omega_h mesh from GMSH mesh  ../mesh/../mesh/10x10x100_13009tets.msh 
 
Model checking:
No errors were found
steps4 nhost 16 time cost: 1.315965
steps4 nhost 16 avg rss (MB): 10.036133
steps4 nhost 16 avg mem ini (MB): 79.029785
/gpfs/bbp.cscs.ch/data/project/proj16/kotsalos/STEPS4Models/SimpleModel
 *** This was run 10 *** 
 *** This is run 11 *** 
/gpfs/bbp.cscs.ch/data/project/proj16/kotsalos/STEPS4Models/SimpleModel/Sample_STEPS3 /gpfs/bbp.cscs.ch/data/project/proj16/kotsalos/STEPS4Models/SimpleModel
-----------------------------------------------------------------
STEPS is running in parallel mode with  16  processes
-----------------------------------------------------------------
steps3 nhost 16 time cost: 2.107760
steps3 nhost 16 avg rss (MB): 22.648372
steps3 nhost 16 avg mem ini (MB): 76.691406
/gpfs/bbp.cscs.ch/data/project/proj16/kotsalos/STEPS4Models/SimpleModel
/gpfs/bbp.cscs.ch/data/project/proj16/kotsalos/STEPS4Models/SimpleModel/Sample_STEPS4 /gpfs/bbp.cscs.ch/data/project/proj16/kotsalos/STEPS4Models/SimpleModel
[2022-02-15 15:50:29,885][INFO][../bbp.cscs.ch/data/project/proj16/kotsalos/STEPS4Models/HBP_STEPS/src/steps/geom/dist/distmesh.cpp:232][static Omega_h::Mesh steps::dist::DistMesh::load_mesh(Omega_h::Library&, const string&)]: Creating Omega_h mesh from GMSH mesh  ../mesh/../mesh/10x10x100_13009tets.msh 
 
Model checking:
No errors were found
steps4 nhost 16 time cost: 1.313982
steps4 nhost 16 avg rss (MB): 10.007812
steps4 nhost 16 avg mem ini (MB): 79.053467
/gpfs/bbp.cscs.ch/data/project/proj16/kotsalos/STEPS4Models/SimpleModel
 *** This was run 11 *** 
 *** This is run 12 *** 
/gpfs/bbp.cscs.ch/data/project/proj16/kotsalos/STEPS4Models/SimpleModel/Sample_STEPS3 /gpfs/bbp.cscs.ch/data/project/proj16/kotsalos/STEPS4Models/SimpleModel
srun: Job 282788 step creation temporarily disabled, retrying (Requested nodes are busy)
srun: Step created for job 282788
-----------------------------------------------------------------
STEPS is running in parallel mode with  16  processes
-----------------------------------------------------------------
steps3 nhost 16 time cost: 2.092876
steps3 nhost 16 avg rss (MB): 22.618438
steps3 nhost 16 avg mem ini (MB): 76.687744
/gpfs/bbp.cscs.ch/data/project/proj16/kotsalos/STEPS4Models/SimpleModel
/gpfs/bbp.cscs.ch/data/project/proj16/kotsalos/STEPS4Models/SimpleModel/Sample_STEPS4 /gpfs/bbp.cscs.ch/data/project/proj16/kotsalos/STEPS4Models/SimpleModel
[2022-02-15 15:50:58,929][INFO][../bbp.cscs.ch/data/project/proj16/kotsalos/STEPS4Models/HBP_STEPS/src/steps/geom/dist/distmesh.cpp:232][static Omega_h::Mesh steps::dist::DistMesh::load_mesh(Omega_h::Library&, const string&)]: Creating Omega_h mesh from GMSH mesh  ../mesh/../mesh/10x10x100_13009tets.msh 
 
Model checking:
No errors were found
steps4 nhost 16 time cost: 1.312706
steps4 nhost 16 avg rss (MB): 10.045898
steps4 nhost 16 avg mem ini (MB): 79.013184
/gpfs/bbp.cscs.ch/data/project/proj16/kotsalos/STEPS4Models/SimpleModel
 *** This was run 12 *** 
 *** This is run 13 *** 
/gpfs/bbp.cscs.ch/data/project/proj16/kotsalos/STEPS4Models/SimpleModel/Sample_STEPS3 /gpfs/bbp.cscs.ch/data/project/proj16/kotsalos/STEPS4Models/SimpleModel
-----------------------------------------------------------------
STEPS is running in parallel mode with  16  processes
-----------------------------------------------------------------
steps3 nhost 16 time cost: 2.085946
steps3 nhost 16 avg rss (MB): 22.630490
steps3 nhost 16 avg mem ini (MB): 76.687500
/gpfs/bbp.cscs.ch/data/project/proj16/kotsalos/STEPS4Models/SimpleModel
/gpfs/bbp.cscs.ch/data/project/proj16/kotsalos/STEPS4Models/SimpleModel/Sample_STEPS4 /gpfs/bbp.cscs.ch/data/project/proj16/kotsalos/STEPS4Models/SimpleModel
[2022-02-15 15:51:27,467][INFO][../bbp.cscs.ch/data/project/proj16/kotsalos/STEPS4Models/HBP_STEPS/src/steps/geom/dist/distmesh.cpp:232][static Omega_h::Mesh steps::dist::DistMesh::load_mesh(Omega_h::Library&, const string&)]: Creating Omega_h mesh from GMSH mesh  ../mesh/../mesh/10x10x100_13009tets.msh 
 
Model checking:
No errors were found
steps4 nhost 16 time cost: 1.315815
steps4 nhost 16 avg rss (MB): 9.994629
steps4 nhost 16 avg mem ini (MB): 79.044434
/gpfs/bbp.cscs.ch/data/project/proj16/kotsalos/STEPS4Models/SimpleModel
 *** This was run 13 *** 
 *** This is run 14 *** 
/gpfs/bbp.cscs.ch/data/project/proj16/kotsalos/STEPS4Models/SimpleModel/Sample_STEPS3 /gpfs/bbp.cscs.ch/data/project/proj16/kotsalos/STEPS4Models/SimpleModel
-----------------------------------------------------------------
STEPS is running in parallel mode with  16  processes
-----------------------------------------------------------------
steps3 nhost 16 time cost: 2.084520
steps3 nhost 16 avg rss (MB): 22.652038
steps3 nhost 16 avg mem ini (MB): 76.688232
/gpfs/bbp.cscs.ch/data/project/proj16/kotsalos/STEPS4Models/SimpleModel
/gpfs/bbp.cscs.ch/data/project/proj16/kotsalos/STEPS4Models/SimpleModel/Sample_STEPS4 /gpfs/bbp.cscs.ch/data/project/proj16/kotsalos/STEPS4Models/SimpleModel
[2022-02-15 15:51:56,187][INFO][../bbp.cscs.ch/data/project/proj16/kotsalos/STEPS4Models/HBP_STEPS/src/steps/geom/dist/distmesh.cpp:232][static Omega_h::Mesh steps::dist::DistMesh::load_mesh(Omega_h::Library&, const string&)]: Creating Omega_h mesh from GMSH mesh  ../mesh/../mesh/10x10x100_13009tets.msh 
 
Model checking:
No errors were found
steps4 nhost 16 time cost: 1.310477
steps4 nhost 16 avg rss (MB): 10.026123
steps4 nhost 16 avg mem ini (MB): 79.019531
/gpfs/bbp.cscs.ch/data/project/proj16/kotsalos/STEPS4Models/SimpleModel
 *** This was run 14 *** 
 *** This is run 15 *** 
/gpfs/bbp.cscs.ch/data/project/proj16/kotsalos/STEPS4Models/SimpleModel/Sample_STEPS3 /gpfs/bbp.cscs.ch/data/project/proj16/kotsalos/STEPS4Models/SimpleModel
-----------------------------------------------------------------
STEPS is running in parallel mode with  16  processes
-----------------------------------------------------------------
steps3 nhost 16 time cost: 2.095645
steps3 nhost 16 avg rss (MB): 22.676647
steps3 nhost 16 avg mem ini (MB): 76.676514
/gpfs/bbp.cscs.ch/data/project/proj16/kotsalos/STEPS4Models/SimpleModel
/gpfs/bbp.cscs.ch/data/project/proj16/kotsalos/STEPS4Models/SimpleModel/Sample_STEPS4 /gpfs/bbp.cscs.ch/data/project/proj16/kotsalos/STEPS4Models/SimpleModel
[2022-02-15 15:52:24,248][INFO][../bbp.cscs.ch/data/project/proj16/kotsalos/STEPS4Models/HBP_STEPS/src/steps/geom/dist/distmesh.cpp:232][static Omega_h::Mesh steps::dist::DistMesh::load_mesh(Omega_h::Library&, const string&)]: Creating Omega_h mesh from GMSH mesh  ../mesh/../mesh/10x10x100_13009tets.msh 
 
Model checking:
No errors were found
steps4 nhost 16 time cost: 1.318104
steps4 nhost 16 avg rss (MB): 10.014160
steps4 nhost 16 avg mem ini (MB): 79.030273
/gpfs/bbp.cscs.ch/data/project/proj16/kotsalos/STEPS4Models/SimpleModel
 *** This was run 15 *** 
 *** This is run 16 *** 
/gpfs/bbp.cscs.ch/data/project/proj16/kotsalos/STEPS4Models/SimpleModel/Sample_STEPS3 /gpfs/bbp.cscs.ch/data/project/proj16/kotsalos/STEPS4Models/SimpleModel
-----------------------------------------------------------------
STEPS is running in parallel mode with  16  processes
-----------------------------------------------------------------
steps3 nhost 16 time cost: 2.087318
steps3 nhost 16 avg rss (MB): 22.669813
steps3 nhost 16 avg mem ini (MB): 76.687744
/gpfs/bbp.cscs.ch/data/project/proj16/kotsalos/STEPS4Models/SimpleModel
/gpfs/bbp.cscs.ch/data/project/proj16/kotsalos/STEPS4Models/SimpleModel/Sample_STEPS4 /gpfs/bbp.cscs.ch/data/project/proj16/kotsalos/STEPS4Models/SimpleModel
[2022-02-15 15:52:52,733][INFO][../bbp.cscs.ch/data/project/proj16/kotsalos/STEPS4Models/HBP_STEPS/src/steps/geom/dist/distmesh.cpp:232][static Omega_h::Mesh steps::dist::DistMesh::load_mesh(Omega_h::Library&, const string&)]: Creating Omega_h mesh from GMSH mesh  ../mesh/../mesh/10x10x100_13009tets.msh 
 
Model checking:
No errors were found
steps4 nhost 16 time cost: 1.310403
steps4 nhost 16 avg rss (MB): 10.016113
steps4 nhost 16 avg mem ini (MB): 79.037842
/gpfs/bbp.cscs.ch/data/project/proj16/kotsalos/STEPS4Models/SimpleModel
 *** This was run 16 *** 
 *** This is run 17 *** 
/gpfs/bbp.cscs.ch/data/project/proj16/kotsalos/STEPS4Models/SimpleModel/Sample_STEPS3 /gpfs/bbp.cscs.ch/data/project/proj16/kotsalos/STEPS4Models/SimpleModel
-----------------------------------------------------------------
STEPS is running in parallel mode with  16  processes
-----------------------------------------------------------------
steps3 nhost 16 time cost: 2.088427
steps3 nhost 16 avg rss (MB): 22.657573
steps3 nhost 16 avg mem ini (MB): 76.686768
/gpfs/bbp.cscs.ch/data/project/proj16/kotsalos/STEPS4Models/SimpleModel
/gpfs/bbp.cscs.ch/data/project/proj16/kotsalos/STEPS4Models/SimpleModel/Sample_STEPS4 /gpfs/bbp.cscs.ch/data/project/proj16/kotsalos/STEPS4Models/SimpleModel
[2022-02-15 15:53:20,981][INFO][../bbp.cscs.ch/data/project/proj16/kotsalos/STEPS4Models/HBP_STEPS/src/steps/geom/dist/distmesh.cpp:232][static Omega_h::Mesh steps::dist::DistMesh::load_mesh(Omega_h::Library&, const string&)]: Creating Omega_h mesh from GMSH mesh  ../mesh/../mesh/10x10x100_13009tets.msh 
 
Model checking:
No errors were found
steps4 nhost 16 time cost: 1.315871
steps4 nhost 16 avg rss (MB): 10.025146
steps4 nhost 16 avg mem ini (MB): 79.013184
/gpfs/bbp.cscs.ch/data/project/proj16/kotsalos/STEPS4Models/SimpleModel
 *** This was run 17 *** 
 *** This is run 18 *** 
/gpfs/bbp.cscs.ch/data/project/proj16/kotsalos/STEPS4Models/SimpleModel/Sample_STEPS3 /gpfs/bbp.cscs.ch/data/project/proj16/kotsalos/STEPS4Models/SimpleModel
-----------------------------------------------------------------
STEPS is running in parallel mode with  16  processes
-----------------------------------------------------------------
steps3 nhost 16 time cost: 2.098306
steps3 nhost 16 avg rss (MB): 22.671769
steps3 nhost 16 avg mem ini (MB): 76.683350
/gpfs/bbp.cscs.ch/data/project/proj16/kotsalos/STEPS4Models/SimpleModel
/gpfs/bbp.cscs.ch/data/project/proj16/kotsalos/STEPS4Models/SimpleModel/Sample_STEPS4 /gpfs/bbp.cscs.ch/data/project/proj16/kotsalos/STEPS4Models/SimpleModel
[2022-02-15 15:53:49,375][INFO][../bbp.cscs.ch/data/project/proj16/kotsalos/STEPS4Models/HBP_STEPS/src/steps/geom/dist/distmesh.cpp:232][static Omega_h::Mesh steps::dist::DistMesh::load_mesh(Omega_h::Library&, const string&)]: Creating Omega_h mesh from GMSH mesh  ../mesh/../mesh/10x10x100_13009tets.msh 
 
Model checking:
No errors were found
steps4 nhost 16 time cost: 1.316294
steps4 nhost 16 avg rss (MB): 10.003174
steps4 nhost 16 avg mem ini (MB): 79.044189
/gpfs/bbp.cscs.ch/data/project/proj16/kotsalos/STEPS4Models/SimpleModel
 *** This was run 18 *** 
 *** This is run 19 *** 
/gpfs/bbp.cscs.ch/data/project/proj16/kotsalos/STEPS4Models/SimpleModel/Sample_STEPS3 /gpfs/bbp.cscs.ch/data/project/proj16/kotsalos/STEPS4Models/SimpleModel
-----------------------------------------------------------------
STEPS is running in parallel mode with  16  processes
-----------------------------------------------------------------
steps3 nhost 16 time cost: 2.098400
steps3 nhost 16 avg rss (MB): 22.663013
steps3 nhost 16 avg mem ini (MB): 76.687256
/gpfs/bbp.cscs.ch/data/project/proj16/kotsalos/STEPS4Models/SimpleModel
/gpfs/bbp.cscs.ch/data/project/proj16/kotsalos/STEPS4Models/SimpleModel/Sample_STEPS4 /gpfs/bbp.cscs.ch/data/project/proj16/kotsalos/STEPS4Models/SimpleModel
[2022-02-15 15:54:17,753][INFO][../bbp.cscs.ch/data/project/proj16/kotsalos/STEPS4Models/HBP_STEPS/src/steps/geom/dist/distmesh.cpp:232][static Omega_h::Mesh steps::dist::DistMesh::load_mesh(Omega_h::Library&, const string&)]: Creating Omega_h mesh from GMSH mesh  ../mesh/../mesh/10x10x100_13009tets.msh 
 
Model checking:
No errors were found
steps4 nhost 16 time cost: 1.316642
steps4 nhost 16 avg rss (MB): 10.036621
steps4 nhost 16 avg mem ini (MB): 79.020996
/gpfs/bbp.cscs.ch/data/project/proj16/kotsalos/STEPS4Models/SimpleModel
 *** This was run 19 *** 
 *** This is run 20 *** 
/gpfs/bbp.cscs.ch/data/project/proj16/kotsalos/STEPS4Models/SimpleModel/Sample_STEPS3 /gpfs/bbp.cscs.ch/data/project/proj16/kotsalos/STEPS4Models/SimpleModel
-----------------------------------------------------------------
STEPS is running in parallel mode with  16  processes
-----------------------------------------------------------------
steps3 nhost 16 time cost: 2.082004
steps3 nhost 16 avg rss (MB): 22.661656
steps3 nhost 16 avg mem ini (MB): 76.685303
/gpfs/bbp.cscs.ch/data/project/proj16/kotsalos/STEPS4Models/SimpleModel
/gpfs/bbp.cscs.ch/data/project/proj16/kotsalos/STEPS4Models/SimpleModel/Sample_STEPS4 /gpfs/bbp.cscs.ch/data/project/proj16/kotsalos/STEPS4Models/SimpleModel
[2022-02-15 15:54:45,718][INFO][../bbp.cscs.ch/data/project/proj16/kotsalos/STEPS4Models/HBP_STEPS/src/steps/geom/dist/distmesh.cpp:232][static Omega_h::Mesh steps::dist::DistMesh::load_mesh(Omega_h::Library&, const string&)]: Creating Omega_h mesh from GMSH mesh  ../mesh/../mesh/10x10x100_13009tets.msh 
 
Model checking:
No errors were found
steps4 nhost 16 time cost: 1.315332
steps4 nhost 16 avg rss (MB): 10.020996
steps4 nhost 16 avg mem ini (MB): 79.037842
/gpfs/bbp.cscs.ch/data/project/proj16/kotsalos/STEPS4Models/SimpleModel
 *** This was run 20 *** 
 *** This is run 21 *** 
/gpfs/bbp.cscs.ch/data/project/proj16/kotsalos/STEPS4Models/SimpleModel/Sample_STEPS3 /gpfs/bbp.cscs.ch/data/project/proj16/kotsalos/STEPS4Models/SimpleModel
-----------------------------------------------------------------
STEPS is running in parallel mode with  16  processes
-----------------------------------------------------------------
steps3 nhost 16 time cost: 2.099855
steps3 nhost 16 avg rss (MB): 22.678905
steps3 nhost 16 avg mem ini (MB): 76.686768
/gpfs/bbp.cscs.ch/data/project/proj16/kotsalos/STEPS4Models/SimpleModel
/gpfs/bbp.cscs.ch/data/project/proj16/kotsalos/STEPS4Models/SimpleModel/Sample_STEPS4 /gpfs/bbp.cscs.ch/data/project/proj16/kotsalos/STEPS4Models/SimpleModel
[2022-02-15 15:55:14,113][INFO][../bbp.cscs.ch/data/project/proj16/kotsalos/STEPS4Models/HBP_STEPS/src/steps/geom/dist/distmesh.cpp:232][static Omega_h::Mesh steps::dist::DistMesh::load_mesh(Omega_h::Library&, const string&)]: Creating Omega_h mesh from GMSH mesh  ../mesh/../mesh/10x10x100_13009tets.msh 
 
Model checking:
No errors were found
steps4 nhost 16 time cost: 1.312558
steps4 nhost 16 avg rss (MB): 9.992432
steps4 nhost 16 avg mem ini (MB): 79.053467
/gpfs/bbp.cscs.ch/data/project/proj16/kotsalos/STEPS4Models/SimpleModel
 *** This was run 21 *** 
 *** This is run 22 *** 
/gpfs/bbp.cscs.ch/data/project/proj16/kotsalos/STEPS4Models/SimpleModel/Sample_STEPS3 /gpfs/bbp.cscs.ch/data/project/proj16/kotsalos/STEPS4Models/SimpleModel
-----------------------------------------------------------------
STEPS is running in parallel mode with  16  processes
-----------------------------------------------------------------
steps3 nhost 16 time cost: 2.082631
steps3 nhost 16 avg rss (MB): 22.612308
steps3 nhost 16 avg mem ini (MB): 76.687256
/gpfs/bbp.cscs.ch/data/project/proj16/kotsalos/STEPS4Models/SimpleModel
/gpfs/bbp.cscs.ch/data/project/proj16/kotsalos/STEPS4Models/SimpleModel/Sample_STEPS4 /gpfs/bbp.cscs.ch/data/project/proj16/kotsalos/STEPS4Models/SimpleModel
[2022-02-15 15:55:44,346][INFO][../bbp.cscs.ch/data/project/proj16/kotsalos/STEPS4Models/HBP_STEPS/src/steps/geom/dist/distmesh.cpp:232][static Omega_h::Mesh steps::dist::DistMesh::load_mesh(Omega_h::Library&, const string&)]: Creating Omega_h mesh from GMSH mesh  ../mesh/../mesh/10x10x100_13009tets.msh 
 
Model checking:
No errors were found
steps4 nhost 16 time cost: 1.316375
steps4 nhost 16 avg rss (MB): 10.045166
steps4 nhost 16 avg mem ini (MB): 79.004883
/gpfs/bbp.cscs.ch/data/project/proj16/kotsalos/STEPS4Models/SimpleModel
 *** This was run 22 *** 
 *** This is run 23 *** 
/gpfs/bbp.cscs.ch/data/project/proj16/kotsalos/STEPS4Models/SimpleModel/Sample_STEPS3 /gpfs/bbp.cscs.ch/data/project/proj16/kotsalos/STEPS4Models/SimpleModel
-----------------------------------------------------------------
STEPS is running in parallel mode with  16  processes
-----------------------------------------------------------------
steps3 nhost 16 time cost: 2.086884
steps3 nhost 16 avg rss (MB): 22.641391
steps3 nhost 16 avg mem ini (MB): 76.690186
/gpfs/bbp.cscs.ch/data/project/proj16/kotsalos/STEPS4Models/SimpleModel
/gpfs/bbp.cscs.ch/data/project/proj16/kotsalos/STEPS4Models/SimpleModel/Sample_STEPS4 /gpfs/bbp.cscs.ch/data/project/proj16/kotsalos/STEPS4Models/SimpleModel
[2022-02-15 15:56:14,032][INFO][../bbp.cscs.ch/data/project/proj16/kotsalos/STEPS4Models/HBP_STEPS/src/steps/geom/dist/distmesh.cpp:232][static Omega_h::Mesh steps::dist::DistMesh::load_mesh(Omega_h::Library&, const string&)]: Creating Omega_h mesh from GMSH mesh  ../mesh/../mesh/10x10x100_13009tets.msh 
 
Model checking:
No errors were found
steps4 nhost 16 time cost: 1.315687
steps4 nhost 16 avg rss (MB): 10.021240
steps4 nhost 16 avg mem ini (MB): 79.029297
/gpfs/bbp.cscs.ch/data/project/proj16/kotsalos/STEPS4Models/SimpleModel
 *** This was run 23 *** 
 *** This is run 24 *** 
/gpfs/bbp.cscs.ch/data/project/proj16/kotsalos/STEPS4Models/SimpleModel/Sample_STEPS3 /gpfs/bbp.cscs.ch/data/project/proj16/kotsalos/STEPS4Models/SimpleModel
-----------------------------------------------------------------
STEPS is running in parallel mode with  16  processes
-----------------------------------------------------------------
steps3 nhost 16 time cost: 2.107863
steps3 nhost 16 avg rss (MB): 22.637767
steps3 nhost 16 avg mem ini (MB): 76.688965
/gpfs/bbp.cscs.ch/data/project/proj16/kotsalos/STEPS4Models/SimpleModel
/gpfs/bbp.cscs.ch/data/project/proj16/kotsalos/STEPS4Models/SimpleModel/Sample_STEPS4 /gpfs/bbp.cscs.ch/data/project/proj16/kotsalos/STEPS4Models/SimpleModel
[2022-02-15 15:56:42,674][INFO][../bbp.cscs.ch/data/project/proj16/kotsalos/STEPS4Models/HBP_STEPS/src/steps/geom/dist/distmesh.cpp:232][static Omega_h::Mesh steps::dist::DistMesh::load_mesh(Omega_h::Library&, const string&)]: Creating Omega_h mesh from GMSH mesh  ../mesh/../mesh/10x10x100_13009tets.msh 
 
Model checking:
No errors were found
steps4 nhost 16 time cost: 1.312514
steps4 nhost 16 avg rss (MB): 10.017090
steps4 nhost 16 avg mem ini (MB): 79.043213
/gpfs/bbp.cscs.ch/data/project/proj16/kotsalos/STEPS4Models/SimpleModel
 *** This was run 24 *** 
 *** This is run 25 *** 
/gpfs/bbp.cscs.ch/data/project/proj16/kotsalos/STEPS4Models/SimpleModel/Sample_STEPS3 /gpfs/bbp.cscs.ch/data/project/proj16/kotsalos/STEPS4Models/SimpleModel
-----------------------------------------------------------------
STEPS is running in parallel mode with  16  processes
-----------------------------------------------------------------
steps3 nhost 16 time cost: 2.116634
steps3 nhost 16 avg rss (MB): 22.636828
steps3 nhost 16 avg mem ini (MB): 76.689209
/gpfs/bbp.cscs.ch/data/project/proj16/kotsalos/STEPS4Models/SimpleModel
/gpfs/bbp.cscs.ch/data/project/proj16/kotsalos/STEPS4Models/SimpleModel/Sample_STEPS4 /gpfs/bbp.cscs.ch/data/project/proj16/kotsalos/STEPS4Models/SimpleModel
[2022-02-15 15:57:11,093][INFO][../bbp.cscs.ch/data/project/proj16/kotsalos/STEPS4Models/HBP_STEPS/src/steps/geom/dist/distmesh.cpp:232][static Omega_h::Mesh steps::dist::DistMesh::load_mesh(Omega_h::Library&, const string&)]: Creating Omega_h mesh from GMSH mesh  ../mesh/../mesh/10x10x100_13009tets.msh 
 
Model checking:
No errors were found
steps4 nhost 16 time cost: 1.315840
steps4 nhost 16 avg rss (MB): 10.002686
steps4 nhost 16 avg mem ini (MB): 79.045166
/gpfs/bbp.cscs.ch/data/project/proj16/kotsalos/STEPS4Models/SimpleModel
 *** This was run 25 *** 
 *** This is run 26 *** 
/gpfs/bbp.cscs.ch/data/project/proj16/kotsalos/STEPS4Models/SimpleModel/Sample_STEPS3 /gpfs/bbp.cscs.ch/data/project/proj16/kotsalos/STEPS4Models/SimpleModel
-----------------------------------------------------------------
STEPS is running in parallel mode with  16  processes
-----------------------------------------------------------------
steps3 nhost 16 time cost: 2.086279
steps3 nhost 16 avg rss (MB): 22.628707
steps3 nhost 16 avg mem ini (MB): 76.687744
/gpfs/bbp.cscs.ch/data/project/proj16/kotsalos/STEPS4Models/SimpleModel
/gpfs/bbp.cscs.ch/data/project/proj16/kotsalos/STEPS4Models/SimpleModel/Sample_STEPS4 /gpfs/bbp.cscs.ch/data/project/proj16/kotsalos/STEPS4Models/SimpleModel
[2022-02-15 15:57:39,362][INFO][../bbp.cscs.ch/data/project/proj16/kotsalos/STEPS4Models/HBP_STEPS/src/steps/geom/dist/distmesh.cpp:232][static Omega_h::Mesh steps::dist::DistMesh::load_mesh(Omega_h::Library&, const string&)]: Creating Omega_h mesh from GMSH mesh  ../mesh/../mesh/10x10x100_13009tets.msh 
 
Model checking:
No errors were found
steps4 nhost 16 time cost: 1.315798
steps4 nhost 16 avg rss (MB): 10.029053
steps4 nhost 16 avg mem ini (MB): 79.029297
/gpfs/bbp.cscs.ch/data/project/proj16/kotsalos/STEPS4Models/SimpleModel
 *** This was run 26 *** 
 *** This is run 27 *** 
/gpfs/bbp.cscs.ch/data/project/proj16/kotsalos/STEPS4Models/SimpleModel/Sample_STEPS3 /gpfs/bbp.cscs.ch/data/project/proj16/kotsalos/STEPS4Models/SimpleModel
-----------------------------------------------------------------
STEPS is running in parallel mode with  16  processes
-----------------------------------------------------------------
steps3 nhost 16 time cost: 2.098365
steps3 nhost 16 avg rss (MB): 22.598373
steps3 nhost 16 avg mem ini (MB): 76.688477
/gpfs/bbp.cscs.ch/data/project/proj16/kotsalos/STEPS4Models/SimpleModel
/gpfs/bbp.cscs.ch/data/project/proj16/kotsalos/STEPS4Models/SimpleModel/Sample_STEPS4 /gpfs/bbp.cscs.ch/data/project/proj16/kotsalos/STEPS4Models/SimpleModel
[2022-02-15 15:58:08,053][INFO][../bbp.cscs.ch/data/project/proj16/kotsalos/STEPS4Models/HBP_STEPS/src/steps/geom/dist/distmesh.cpp:232][static Omega_h::Mesh steps::dist::DistMesh::load_mesh(Omega_h::Library&, const string&)]: Creating Omega_h mesh from GMSH mesh  ../mesh/../mesh/10x10x100_13009tets.msh 
 
Model checking:
No errors were found
steps4 nhost 16 time cost: 1.318631
steps4 nhost 16 avg rss (MB): 10.023926
steps4 nhost 16 avg mem ini (MB): 79.061523
/gpfs/bbp.cscs.ch/data/project/proj16/kotsalos/STEPS4Models/SimpleModel
 *** This was run 27 *** 
 *** This is run 28 *** 
/gpfs/bbp.cscs.ch/data/project/proj16/kotsalos/STEPS4Models/SimpleModel/Sample_STEPS3 /gpfs/bbp.cscs.ch/data/project/proj16/kotsalos/STEPS4Models/SimpleModel
-----------------------------------------------------------------
STEPS is running in parallel mode with  16  processes
-----------------------------------------------------------------
steps3 nhost 16 time cost: 2.089599
steps3 nhost 16 avg rss (MB): 22.676756
steps3 nhost 16 avg mem ini (MB): 76.683350
/gpfs/bbp.cscs.ch/data/project/proj16/kotsalos/STEPS4Models/SimpleModel
/gpfs/bbp.cscs.ch/data/project/proj16/kotsalos/STEPS4Models/SimpleModel/Sample_STEPS4 /gpfs/bbp.cscs.ch/data/project/proj16/kotsalos/STEPS4Models/SimpleModel
[2022-02-15 15:58:36,847][INFO][../bbp.cscs.ch/data/project/proj16/kotsalos/STEPS4Models/HBP_STEPS/src/steps/geom/dist/distmesh.cpp:232][static Omega_h::Mesh steps::dist::DistMesh::load_mesh(Omega_h::Library&, const string&)]: Creating Omega_h mesh from GMSH mesh  ../mesh/../mesh/10x10x100_13009tets.msh 
 
Model checking:
No errors were found
steps4 nhost 16 time cost: 1.317523
steps4 nhost 16 avg rss (MB): 9.998047
steps4 nhost 16 avg mem ini (MB): 79.062012
/gpfs/bbp.cscs.ch/data/project/proj16/kotsalos/STEPS4Models/SimpleModel
 *** This was run 28 *** 
 *** This is run 29 *** 
/gpfs/bbp.cscs.ch/data/project/proj16/kotsalos/STEPS4Models/SimpleModel/Sample_STEPS3 /gpfs/bbp.cscs.ch/data/project/proj16/kotsalos/STEPS4Models/SimpleModel
-----------------------------------------------------------------
STEPS is running in parallel mode with  16  processes
-----------------------------------------------------------------
steps3 nhost 16 time cost: 2.091162
steps3 nhost 16 avg rss (MB): 22.656543
steps3 nhost 16 avg mem ini (MB): 76.687500
/gpfs/bbp.cscs.ch/data/project/proj16/kotsalos/STEPS4Models/SimpleModel
/gpfs/bbp.cscs.ch/data/project/proj16/kotsalos/STEPS4Models/SimpleModel/Sample_STEPS4 /gpfs/bbp.cscs.ch/data/project/proj16/kotsalos/STEPS4Models/SimpleModel
[2022-02-15 15:59:04,945][INFO][../bbp.cscs.ch/data/project/proj16/kotsalos/STEPS4Models/HBP_STEPS/src/steps/geom/dist/distmesh.cpp:232][static Omega_h::Mesh steps::dist::DistMesh::load_mesh(Omega_h::Library&, const string&)]: Creating Omega_h mesh from GMSH mesh  ../mesh/../mesh/10x10x100_13009tets.msh 
 
Model checking:
No errors were found
steps4 nhost 16 time cost: 1.320169
steps4 nhost 16 avg rss (MB): 10.018799
steps4 nhost 16 avg mem ini (MB): 79.029785
/gpfs/bbp.cscs.ch/data/project/proj16/kotsalos/STEPS4Models/SimpleModel
 *** This was run 29 *** 
 *** This is run 30 *** 
/gpfs/bbp.cscs.ch/data/project/proj16/kotsalos/STEPS4Models/SimpleModel/Sample_STEPS3 /gpfs/bbp.cscs.ch/data/project/proj16/kotsalos/STEPS4Models/SimpleModel
-----------------------------------------------------------------
STEPS is running in parallel mode with  16  processes
-----------------------------------------------------------------
steps3 nhost 16 time cost: 2.086342
steps3 nhost 16 avg rss (MB): 22.628806
steps3 nhost 16 avg mem ini (MB): 76.689209
/gpfs/bbp.cscs.ch/data/project/proj16/kotsalos/STEPS4Models/SimpleModel
/gpfs/bbp.cscs.ch/data/project/proj16/kotsalos/STEPS4Models/SimpleModel/Sample_STEPS4 /gpfs/bbp.cscs.ch/data/project/proj16/kotsalos/STEPS4Models/SimpleModel
[2022-02-15 15:59:32,920][INFO][../bbp.cscs.ch/data/project/proj16/kotsalos/STEPS4Models/HBP_STEPS/src/steps/geom/dist/distmesh.cpp:232][static Omega_h::Mesh steps::dist::DistMesh::load_mesh(Omega_h::Library&, const string&)]: Creating Omega_h mesh from GMSH mesh  ../mesh/../mesh/10x10x100_13009tets.msh 
 
Model checking:
No errors were found
steps4 nhost 16 time cost: 1.317833
steps4 nhost 16 avg rss (MB): 10.025879
steps4 nhost 16 avg mem ini (MB): 79.028564
/gpfs/bbp.cscs.ch/data/project/proj16/kotsalos/STEPS4Models/SimpleModel
 *** This was run 30 *** 
