Autoloading python/3.8.3
Autoloading py-virtualenv/16.7.6
Autoloading py-numpy/1.19.4
Autoloading py-mpi4py/3.0.3
Autoloading py-h5py/3.1.0
Autoloading hpe-mpi/2.25.hmpt
Autoloading hdf5/1.10.7
 *** This is run 1 *** 
/gpfs/bbp.cscs.ch/data/project/proj16/kotsalos/STEPS4Models/SimpleModel/Sample_STEPS4 /gpfs/bbp.cscs.ch/data/project/proj16/kotsalos/STEPS4Models/SimpleModel
[2022-02-15 16:26:22,239][INFO][../bbp.cscs.ch/data/project/proj16/kotsalos/STEPS4Models/HBP_STEPS/src/steps/geom/dist/distmesh.cpp:232][static Omega_h::Mesh steps::dist::DistMesh::load_mesh(Omega_h::Library&, const string&)]: Creating Omega_h mesh from GMSH mesh  ../mesh/../mesh/10x10x100_13009tets.msh 
 
Model checking:
No errors were found
steps4 nhost 1024 time cost: 0.322478
steps4 nhost 1024 avg rss (MB): 7.776402
steps4 nhost 1024 avg mem ini (MB): 102.035847
Path                                             Min time/rank Max time/rank Avg time/rank Time %    
OmegaHSimulation::run()                               0.123173      0.170560      0.154266 53.966796 
  DiffusionOperator::operator()                       0.113561      0.160067      0.145087 50.755622 
    DiffusionOperator::sp~~s_entering_elements()      0.001726      0.002450      0.002091  0.731578 
    sync_delta_pools()                                0.098196      0.144554      0.128696 45.021516 
    DiffusionOperator::sp~~es_leaving_elements()      0.004412      0.008618      0.006285  2.198615 
  SSAOperator::run()                                  0.003760      0.006029      0.004815  1.684278 
/gpfs/bbp.cscs.ch/data/project/proj16/kotsalos/STEPS4Models/SimpleModel
 *** This was run 1 *** 
 *** This is run 2 *** 
/gpfs/bbp.cscs.ch/data/project/proj16/kotsalos/STEPS4Models/SimpleModel/Sample_STEPS4 /gpfs/bbp.cscs.ch/data/project/proj16/kotsalos/STEPS4Models/SimpleModel
[2022-02-15 16:26:53,166][INFO][../bbp.cscs.ch/data/project/proj16/kotsalos/STEPS4Models/HBP_STEPS/src/steps/geom/dist/distmesh.cpp:232][static Omega_h::Mesh steps::dist::DistMesh::load_mesh(Omega_h::Library&, const string&)]: Creating Omega_h mesh from GMSH mesh  ../mesh/../mesh/10x10x100_13009tets.msh 
 
Model checking:
No errors were found
steps4 nhost 1024 time cost: 0.304111
steps4 nhost 1024 avg rss (MB): 7.778763
steps4 nhost 1024 avg mem ini (MB): 102.034420
Path                                             Min time/rank Max time/rank Avg time/rank Time %    
OmegaHSimulation::run()                               0.111950      0.159346      0.143312 52.927488 
  DiffusionOperator::operator()                       0.102529      0.148803      0.134138 49.539322 
    DiffusionOperator::sp~~s_entering_elements()      0.001730      0.002566      0.002092  0.772734 
    sync_delta_pools()                                0.087252      0.133985      0.117741 43.483548 
    DiffusionOperator::sp~~es_leaving_elements()      0.004312      0.008675      0.006288  2.322311 
  SSAOperator::run()                                  0.003730      0.006062      0.004812  1.777080 
/gpfs/bbp.cscs.ch/data/project/proj16/kotsalos/STEPS4Models/SimpleModel
 *** This was run 2 *** 
 *** This is run 3 *** 
/gpfs/bbp.cscs.ch/data/project/proj16/kotsalos/STEPS4Models/SimpleModel/Sample_STEPS4 /gpfs/bbp.cscs.ch/data/project/proj16/kotsalos/STEPS4Models/SimpleModel
[2022-02-15 16:27:24,610][INFO][../bbp.cscs.ch/data/project/proj16/kotsalos/STEPS4Models/HBP_STEPS/src/steps/geom/dist/distmesh.cpp:232][static Omega_h::Mesh steps::dist::DistMesh::load_mesh(Omega_h::Library&, const string&)]: Creating Omega_h mesh from GMSH mesh  ../mesh/../mesh/10x10x100_13009tets.msh 
 
Model checking:
No errors were found
steps4 nhost 1024 time cost: 0.309512
steps4 nhost 1024 avg rss (MB): 7.780930
steps4 nhost 1024 avg mem ini (MB): 102.035618
Path                                             Min time/rank Max time/rank Avg time/rank Time %    
OmegaHSimulation::run()                               0.114945      0.164503      0.147348 53.332900 
  DiffusionOperator::operator()                       0.105498      0.153655      0.138175 50.012620 
    DiffusionOperator::sp~~s_entering_elements()      0.001703      0.002553      0.002093  0.757396 
    sync_delta_pools()                                0.090390      0.137192      0.121791 44.082649 
    DiffusionOperator::sp~~es_leaving_elements()      0.004300      0.008534      0.006275  2.271222 
  SSAOperator::run()                                  0.003736      0.006215      0.004810  1.740984 
/gpfs/bbp.cscs.ch/data/project/proj16/kotsalos/STEPS4Models/SimpleModel
 *** This was run 3 *** 
 *** This is run 4 *** 
/gpfs/bbp.cscs.ch/data/project/proj16/kotsalos/STEPS4Models/SimpleModel/Sample_STEPS4 /gpfs/bbp.cscs.ch/data/project/proj16/kotsalos/STEPS4Models/SimpleModel
[2022-02-15 16:27:55,409][INFO][../bbp.cscs.ch/data/project/proj16/kotsalos/STEPS4Models/HBP_STEPS/src/steps/geom/dist/distmesh.cpp:232][static Omega_h::Mesh steps::dist::DistMesh::load_mesh(Omega_h::Library&, const string&)]: Creating Omega_h mesh from GMSH mesh  ../mesh/../mesh/10x10x100_13009tets.msh 
 
Model checking:
No errors were found
steps4 nhost 1024 time cost: 0.306896
steps4 nhost 1024 avg rss (MB): 7.776825
steps4 nhost 1024 avg mem ini (MB): 102.036175
Path                                             Min time/rank Max time/rank Avg time/rank Time %    
OmegaHSimulation::run()                               0.111460      0.159275      0.143571 52.464934 
  DiffusionOperator::operator()                       0.101967      0.149218      0.134388 49.109144 
    DiffusionOperator::sp~~s_entering_elements()      0.001743      0.002504      0.002092  0.764493 
    sync_delta_pools()                                0.086893      0.132474      0.117995 43.118725 
    DiffusionOperator::sp~~es_leaving_elements()      0.004320      0.008589      0.006284  2.296277 
  SSAOperator::run()                                  0.003766      0.006092      0.004814  1.759128 
/gpfs/bbp.cscs.ch/data/project/proj16/kotsalos/STEPS4Models/SimpleModel
 *** This was run 4 *** 
 *** This is run 5 *** 
/gpfs/bbp.cscs.ch/data/project/proj16/kotsalos/STEPS4Models/SimpleModel/Sample_STEPS4 /gpfs/bbp.cscs.ch/data/project/proj16/kotsalos/STEPS4Models/SimpleModel
[2022-02-15 16:28:26,236][INFO][../bbp.cscs.ch/data/project/proj16/kotsalos/STEPS4Models/HBP_STEPS/src/steps/geom/dist/distmesh.cpp:232][static Omega_h::Mesh steps::dist::DistMesh::load_mesh(Omega_h::Library&, const string&)]: Creating Omega_h mesh from GMSH mesh  ../mesh/../mesh/10x10x100_13009tets.msh 
 
Model checking:
No errors were found
steps4 nhost 1024 time cost: 0.305627
steps4 nhost 1024 avg rss (MB): 7.778240
steps4 nhost 1024 avg mem ini (MB): 102.035503
Path                                             Min time/rank Max time/rank Avg time/rank Time %    
OmegaHSimulation::run()                               0.111410      0.159868      0.143605 52.702027 
  DiffusionOperator::operator()                       0.101840      0.150029      0.134421 49.331475 
    DiffusionOperator::sp~~s_entering_elements()      0.001733      0.002576      0.002091  0.767482 
    sync_delta_pools()                                0.086423      0.132934      0.118027 43.314935 
    DiffusionOperator::sp~~es_leaving_elements()      0.004388      0.008603      0.006285  2.306647 
  SSAOperator::run()                                  0.003732      0.006031      0.004818  1.768008 
/gpfs/bbp.cscs.ch/data/project/proj16/kotsalos/STEPS4Models/SimpleModel
 *** This was run 5 *** 
 *** This is run 6 *** 
/gpfs/bbp.cscs.ch/data/project/proj16/kotsalos/STEPS4Models/SimpleModel/Sample_STEPS4 /gpfs/bbp.cscs.ch/data/project/proj16/kotsalos/STEPS4Models/SimpleModel
[2022-02-15 16:28:56,783][INFO][../bbp.cscs.ch/data/project/proj16/kotsalos/STEPS4Models/HBP_STEPS/src/steps/geom/dist/distmesh.cpp:232][static Omega_h::Mesh steps::dist::DistMesh::load_mesh(Omega_h::Library&, const string&)]: Creating Omega_h mesh from GMSH mesh  ../mesh/../mesh/10x10x100_13009tets.msh 
 
Model checking:
No errors were found
steps4 nhost 1024 time cost: 0.309147
steps4 nhost 1024 avg rss (MB): 7.780441
steps4 nhost 1024 avg mem ini (MB): 102.035061
Path                                             Min time/rank Max time/rank Avg time/rank Time %    
OmegaHSimulation::run()                               0.111115      0.160792      0.143764 52.123076 
  DiffusionOperator::operator()                       0.101569      0.150296      0.134568 48.789175 
    DiffusionOperator::sp~~s_entering_elements()      0.001726      0.002498      0.002091  0.758260 
    sync_delta_pools()                                0.086535      0.133445      0.118147 42.835652 
    DiffusionOperator::sp~~es_leaving_elements()      0.004299      0.008749      0.006315  2.289438 
  SSAOperator::run()                                  0.003691      0.006128      0.004827  1.749971 
/gpfs/bbp.cscs.ch/data/project/proj16/kotsalos/STEPS4Models/SimpleModel
 *** This was run 6 *** 
 *** This is run 7 *** 
/gpfs/bbp.cscs.ch/data/project/proj16/kotsalos/STEPS4Models/SimpleModel/Sample_STEPS4 /gpfs/bbp.cscs.ch/data/project/proj16/kotsalos/STEPS4Models/SimpleModel
[2022-02-15 16:29:27,455][INFO][../bbp.cscs.ch/data/project/proj16/kotsalos/STEPS4Models/HBP_STEPS/src/steps/geom/dist/distmesh.cpp:232][static Omega_h::Mesh steps::dist::DistMesh::load_mesh(Omega_h::Library&, const string&)]: Creating Omega_h mesh from GMSH mesh  ../mesh/../mesh/10x10x100_13009tets.msh 
 
Model checking:
No errors were found
steps4 nhost 1024 time cost: 0.305956
steps4 nhost 1024 avg rss (MB): 7.779461
steps4 nhost 1024 avg mem ini (MB): 102.035393
Path                                             Min time/rank Max time/rank Avg time/rank Time %    
OmegaHSimulation::run()                               0.110536      0.160197      0.143086 52.506451 
  DiffusionOperator::operator()                       0.101015      0.149522      0.133905 49.137338 
    DiffusionOperator::sp~~s_entering_elements()      0.001716      0.002529      0.002092  0.767532 
    sync_delta_pools()                                0.086142      0.132876      0.117528 43.127760 
    DiffusionOperator::sp~~es_leaving_elements()      0.004376      0.008611      0.006272  2.301501 
  SSAOperator::run()                                  0.003722      0.006119      0.004814  1.766391 
/gpfs/bbp.cscs.ch/data/project/proj16/kotsalos/STEPS4Models/SimpleModel
 *** This was run 7 *** 
 *** This is run 8 *** 
/gpfs/bbp.cscs.ch/data/project/proj16/kotsalos/STEPS4Models/SimpleModel/Sample_STEPS4 /gpfs/bbp.cscs.ch/data/project/proj16/kotsalos/STEPS4Models/SimpleModel
[2022-02-15 16:29:58,179][INFO][../bbp.cscs.ch/data/project/proj16/kotsalos/STEPS4Models/HBP_STEPS/src/steps/geom/dist/distmesh.cpp:232][static Omega_h::Mesh steps::dist::DistMesh::load_mesh(Omega_h::Library&, const string&)]: Creating Omega_h mesh from GMSH mesh  ../mesh/../mesh/10x10x100_13009tets.msh 
 
Model checking:
No errors were found
steps4 nhost 1024 time cost: 0.307868
steps4 nhost 1024 avg rss (MB): 7.778866
steps4 nhost 1024 avg mem ini (MB): 102.035885
Path                                             Min time/rank Max time/rank Avg time/rank Time %    
OmegaHSimulation::run()                               0.112680      0.159836      0.143604 52.280548 
  DiffusionOperator::operator()                       0.103197      0.149396      0.134422 48.937749 
    DiffusionOperator::sp~~s_entering_elements()      0.001736      0.002528      0.002094  0.762444 
    sync_delta_pools()                                0.088261      0.133163      0.118036 42.972368 
    DiffusionOperator::sp~~es_leaving_elements()      0.004400      0.008518      0.006278  2.285543 
  SSAOperator::run()                                  0.003745      0.006054      0.004812  1.751806 
/gpfs/bbp.cscs.ch/data/project/proj16/kotsalos/STEPS4Models/SimpleModel
 *** This was run 8 *** 
 *** This is run 9 *** 
/gpfs/bbp.cscs.ch/data/project/proj16/kotsalos/STEPS4Models/SimpleModel/Sample_STEPS4 /gpfs/bbp.cscs.ch/data/project/proj16/kotsalos/STEPS4Models/SimpleModel
[2022-02-15 16:30:28,951][INFO][../bbp.cscs.ch/data/project/proj16/kotsalos/STEPS4Models/HBP_STEPS/src/steps/geom/dist/distmesh.cpp:232][static Omega_h::Mesh steps::dist::DistMesh::load_mesh(Omega_h::Library&, const string&)]: Creating Omega_h mesh from GMSH mesh  ../mesh/../mesh/10x10x100_13009tets.msh 
 
Model checking:
No errors were found
steps4 nhost 1024 time cost: 0.308616
steps4 nhost 1024 avg rss (MB): 7.782269
steps4 nhost 1024 avg mem ini (MB): 102.035713
Path                                             Min time/rank Max time/rank Avg time/rank Time %    
OmegaHSimulation::run()                               0.110782      0.159175      0.142997 51.912181 
  DiffusionOperator::operator()                       0.101242      0.149382      0.133805 48.575496 
    DiffusionOperator::sp~~s_entering_elements()      0.001731      0.002555      0.002091  0.759278 
    sync_delta_pools()                                0.086248      0.132528      0.117400 42.619801 
    DiffusionOperator::sp~~es_leaving_elements()      0.004328      0.008854      0.006295  2.285288 
  SSAOperator::run()                                  0.003647      0.006112      0.004823  1.750781 
/gpfs/bbp.cscs.ch/data/project/proj16/kotsalos/STEPS4Models/SimpleModel
 *** This was run 9 *** 
 *** This is run 10 *** 
/gpfs/bbp.cscs.ch/data/project/proj16/kotsalos/STEPS4Models/SimpleModel/Sample_STEPS4 /gpfs/bbp.cscs.ch/data/project/proj16/kotsalos/STEPS4Models/SimpleModel
[2022-02-15 16:30:59,720][INFO][../bbp.cscs.ch/data/project/proj16/kotsalos/STEPS4Models/HBP_STEPS/src/steps/geom/dist/distmesh.cpp:232][static Omega_h::Mesh steps::dist::DistMesh::load_mesh(Omega_h::Library&, const string&)]: Creating Omega_h mesh from GMSH mesh  ../mesh/../mesh/10x10x100_13009tets.msh 
 
Model checking:
No errors were found
steps4 nhost 1024 time cost: 0.315286
steps4 nhost 1024 avg rss (MB): 7.777248
steps4 nhost 1024 avg mem ini (MB): 102.035820
Path                                             Min time/rank Max time/rank Avg time/rank Time %    
OmegaHSimulation::run()                               0.114457      0.162266      0.145584 51.616980 
  DiffusionOperator::operator()                       0.105055      0.151844      0.136399 48.360543 
    DiffusionOperator::sp~~s_entering_elements()      0.001721      0.002634      0.002093  0.742161 
    sync_delta_pools()                                0.090001      0.134985      0.120007 42.548778 
    DiffusionOperator::sp~~es_leaving_elements()      0.004241      0.008717      0.006282  2.227417 
  SSAOperator::run()                                  0.003687      0.006386      0.004818  1.708117 
/gpfs/bbp.cscs.ch/data/project/proj16/kotsalos/STEPS4Models/SimpleModel
 *** This was run 10 *** 
 *** This is run 11 *** 
/gpfs/bbp.cscs.ch/data/project/proj16/kotsalos/STEPS4Models/SimpleModel/Sample_STEPS4 /gpfs/bbp.cscs.ch/data/project/proj16/kotsalos/STEPS4Models/SimpleModel
[2022-02-15 16:31:30,224][INFO][../bbp.cscs.ch/data/project/proj16/kotsalos/STEPS4Models/HBP_STEPS/src/steps/geom/dist/distmesh.cpp:232][static Omega_h::Mesh steps::dist::DistMesh::load_mesh(Omega_h::Library&, const string&)]: Creating Omega_h mesh from GMSH mesh  ../mesh/../mesh/10x10x100_13009tets.msh 
 
Model checking:
No errors were found
steps4 nhost 1024 time cost: 0.304669
steps4 nhost 1024 avg rss (MB): 7.776978
steps4 nhost 1024 avg mem ini (MB): 102.036312
Path                                             Min time/rank Max time/rank Avg time/rank Time %    
OmegaHSimulation::run()                               0.111972      0.158908      0.143417 52.794619 
  DiffusionOperator::operator()                       0.102578      0.148508      0.134228 49.412018 
    DiffusionOperator::sp~~s_entering_elements()      0.001745      0.002581      0.002094  0.770732 
    sync_delta_pools()                                0.087603      0.133570      0.117823 43.372815 
    DiffusionOperator::sp~~es_leaving_elements()      0.004347      0.008757      0.006298  2.318473 
  SSAOperator::run()                                  0.003747      0.006087      0.004827  1.776814 
/gpfs/bbp.cscs.ch/data/project/proj16/kotsalos/STEPS4Models/SimpleModel
 *** This was run 11 *** 
 *** This is run 12 *** 
/gpfs/bbp.cscs.ch/data/project/proj16/kotsalos/STEPS4Models/SimpleModel/Sample_STEPS4 /gpfs/bbp.cscs.ch/data/project/proj16/kotsalos/STEPS4Models/SimpleModel
[2022-02-15 16:32:01,642][INFO][../bbp.cscs.ch/data/project/proj16/kotsalos/STEPS4Models/HBP_STEPS/src/steps/geom/dist/distmesh.cpp:232][static Omega_h::Mesh steps::dist::DistMesh::load_mesh(Omega_h::Library&, const string&)]: Creating Omega_h mesh from GMSH mesh  ../mesh/../mesh/10x10x100_13009tets.msh 
 
Model checking:
No errors were found
steps4 nhost 1024 time cost: 0.307339
steps4 nhost 1024 avg rss (MB): 7.781532
steps4 nhost 1024 avg mem ini (MB): 102.035145
Path                                             Min time/rank Max time/rank Avg time/rank Time %    
OmegaHSimulation::run()                               0.112338      0.160455      0.144094 52.603527 
  DiffusionOperator::operator()                       0.102806      0.150564      0.134919 49.253977 
    DiffusionOperator::sp~~s_entering_elements()      0.001713      0.002517      0.002090  0.763096 
    sync_delta_pools()                                0.087895      0.132240      0.118539 43.274288 
    DiffusionOperator::sp~~es_leaving_elements()      0.004405      0.008677      0.006273  2.290054 
  SSAOperator::run()                                  0.003733      0.006074      0.004813  1.756946 
/gpfs/bbp.cscs.ch/data/project/proj16/kotsalos/STEPS4Models/SimpleModel
 *** This was run 12 *** 
 *** This is run 13 *** 
/gpfs/bbp.cscs.ch/data/project/proj16/kotsalos/STEPS4Models/SimpleModel/Sample_STEPS4 /gpfs/bbp.cscs.ch/data/project/proj16/kotsalos/STEPS4Models/SimpleModel
[2022-02-15 16:32:32,320][INFO][../bbp.cscs.ch/data/project/proj16/kotsalos/STEPS4Models/HBP_STEPS/src/steps/geom/dist/distmesh.cpp:232][static Omega_h::Mesh steps::dist::DistMesh::load_mesh(Omega_h::Library&, const string&)]: Creating Omega_h mesh from GMSH mesh  ../mesh/../mesh/10x10x100_13009tets.msh 
 
Model checking:
No errors were found
steps4 nhost 1024 time cost: 0.318801
steps4 nhost 1024 avg rss (MB): 7.776165
steps4 nhost 1024 avg mem ini (MB): 102.035839
Path                                             Min time/rank Max time/rank Avg time/rank Time %    
OmegaHSimulation::run()                               0.111734      0.166260      0.144460 50.567477 
  DiffusionOperator::operator()                       0.102369      0.156663      0.135277 47.353090 
    DiffusionOperator::sp~~s_entering_elements()      0.001703      0.002556      0.002093  0.732620 
    sync_delta_pools()                                0.086915      0.138278      0.118873 41.610856 
    DiffusionOperator::sp~~es_leaving_elements()      0.004266      0.008688      0.006286  2.200371 
  SSAOperator::run()                                  0.003697      0.006154      0.004815  1.685336 
/gpfs/bbp.cscs.ch/data/project/proj16/kotsalos/STEPS4Models/SimpleModel
 *** This was run 13 *** 
 *** This is run 14 *** 
/gpfs/bbp.cscs.ch/data/project/proj16/kotsalos/STEPS4Models/SimpleModel/Sample_STEPS4 /gpfs/bbp.cscs.ch/data/project/proj16/kotsalos/STEPS4Models/SimpleModel
[2022-02-15 16:33:02,813][INFO][../bbp.cscs.ch/data/project/proj16/kotsalos/STEPS4Models/HBP_STEPS/src/steps/geom/dist/distmesh.cpp:232][static Omega_h::Mesh steps::dist::DistMesh::load_mesh(Omega_h::Library&, const string&)]: Creating Omega_h mesh from GMSH mesh  ../mesh/../mesh/10x10x100_13009tets.msh 
 
Model checking:
No errors were found
steps4 nhost 1024 time cost: 0.306632
steps4 nhost 1024 avg rss (MB): 7.779808
steps4 nhost 1024 avg mem ini (MB): 102.035450
Path                                             Min time/rank Max time/rank Avg time/rank Time %    
OmegaHSimulation::run()                               0.111323      0.157801      0.142796 52.212316 
  DiffusionOperator::operator()                       0.101763      0.147949      0.133614 48.855047 
    DiffusionOperator::sp~~s_entering_elements()      0.001751      0.002495      0.002094  0.765500 
    sync_delta_pools()                                0.086858      0.132445      0.117218 42.859976 
    DiffusionOperator::sp~~es_leaving_elements()      0.004401      0.008684      0.006286  2.298467 
  SSAOperator::run()                                  0.003718      0.006019      0.004816  1.760878 
/gpfs/bbp.cscs.ch/data/project/proj16/kotsalos/STEPS4Models/SimpleModel
 *** This was run 14 *** 
 *** This is run 15 *** 
/gpfs/bbp.cscs.ch/data/project/proj16/kotsalos/STEPS4Models/SimpleModel/Sample_STEPS4 /gpfs/bbp.cscs.ch/data/project/proj16/kotsalos/STEPS4Models/SimpleModel
[2022-02-15 16:33:33,325][INFO][../bbp.cscs.ch/data/project/proj16/kotsalos/STEPS4Models/HBP_STEPS/src/steps/geom/dist/distmesh.cpp:232][static Omega_h::Mesh steps::dist::DistMesh::load_mesh(Omega_h::Library&, const string&)]: Creating Omega_h mesh from GMSH mesh  ../mesh/../mesh/10x10x100_13009tets.msh 
 
Model checking:
No errors were found
steps4 nhost 1024 time cost: 0.303856
steps4 nhost 1024 avg rss (MB): 7.781292
steps4 nhost 1024 avg mem ini (MB): 102.035469
Path                                             Min time/rank Max time/rank Avg time/rank Time %    
OmegaHSimulation::run()                               0.110321      0.157456      0.143694 53.147873 
  DiffusionOperator::operator()                       0.100772      0.148002      0.134517 49.753644 
    DiffusionOperator::sp~~s_entering_elements()      0.001727      0.002549      0.002092  0.773803 
    sync_delta_pools()                                0.085602      0.132830      0.118120 43.688765 
    DiffusionOperator::sp~~es_leaving_elements()      0.004257      0.008707      0.006283  2.323841 
  SSAOperator::run()                                  0.003736      0.006056      0.004813  1.780310 
/gpfs/bbp.cscs.ch/data/project/proj16/kotsalos/STEPS4Models/SimpleModel
 *** This was run 15 *** 
 *** This is run 16 *** 
/gpfs/bbp.cscs.ch/data/project/proj16/kotsalos/STEPS4Models/SimpleModel/Sample_STEPS4 /gpfs/bbp.cscs.ch/data/project/proj16/kotsalos/STEPS4Models/SimpleModel
[2022-02-15 16:34:04,104][INFO][../bbp.cscs.ch/data/project/proj16/kotsalos/STEPS4Models/HBP_STEPS/src/steps/geom/dist/distmesh.cpp:232][static Omega_h::Mesh steps::dist::DistMesh::load_mesh(Omega_h::Library&, const string&)]: Creating Omega_h mesh from GMSH mesh  ../mesh/../mesh/10x10x100_13009tets.msh 
 
Model checking:
No errors were found
steps4 nhost 1024 time cost: 0.309443
steps4 nhost 1024 avg rss (MB): 7.783520
steps4 nhost 1024 avg mem ini (MB): 102.034245
Path                                             Min time/rank Max time/rank Avg time/rank Time %    
OmegaHSimulation::run()                               0.113906      0.161146      0.144565 52.404186 
  DiffusionOperator::operator()                       0.104542      0.150677      0.135387 49.077183 
    DiffusionOperator::sp~~s_entering_elements()      0.001724      0.002680      0.002093  0.758748 
    sync_delta_pools()                                0.088600      0.135377      0.118982 43.130506 
    DiffusionOperator::sp~~es_leaving_elements()      0.004275      0.008573      0.006292  2.280737 
  SSAOperator::run()                                  0.003783      0.006097      0.004815  1.745442 
/gpfs/bbp.cscs.ch/data/project/proj16/kotsalos/STEPS4Models/SimpleModel
 *** This was run 16 *** 
 *** This is run 17 *** 
/gpfs/bbp.cscs.ch/data/project/proj16/kotsalos/STEPS4Models/SimpleModel/Sample_STEPS4 /gpfs/bbp.cscs.ch/data/project/proj16/kotsalos/STEPS4Models/SimpleModel
[2022-02-15 16:34:34,643][INFO][../bbp.cscs.ch/data/project/proj16/kotsalos/STEPS4Models/HBP_STEPS/src/steps/geom/dist/distmesh.cpp:232][static Omega_h::Mesh steps::dist::DistMesh::load_mesh(Omega_h::Library&, const string&)]: Creating Omega_h mesh from GMSH mesh  ../mesh/../mesh/10x10x100_13009tets.msh 
 
Model checking:
No errors were found
steps4 nhost 1024 time cost: 0.313033
steps4 nhost 1024 avg rss (MB): 7.779705
steps4 nhost 1024 avg mem ini (MB): 102.034809
Path                                             Min time/rank Max time/rank Avg time/rank Time %    
OmegaHSimulation::run()                               0.112728      0.161628      0.144051 51.474755 
  DiffusionOperator::operator()                       0.103327      0.151206      0.134863 48.191277 
    DiffusionOperator::sp~~s_entering_elements()      0.001722      0.002471      0.002092  0.747720 
    sync_delta_pools()                                0.088394      0.134568      0.118458 42.329171 
    DiffusionOperator::sp~~es_leaving_elements()      0.004328      0.008690      0.006289  2.247346 
  SSAOperator::run()                                  0.003780      0.006097      0.004820  1.722302 
/gpfs/bbp.cscs.ch/data/project/proj16/kotsalos/STEPS4Models/SimpleModel
 *** This was run 17 *** 
 *** This is run 18 *** 
/gpfs/bbp.cscs.ch/data/project/proj16/kotsalos/STEPS4Models/SimpleModel/Sample_STEPS4 /gpfs/bbp.cscs.ch/data/project/proj16/kotsalos/STEPS4Models/SimpleModel
[2022-02-15 16:35:05,210][INFO][../bbp.cscs.ch/data/project/proj16/kotsalos/STEPS4Models/HBP_STEPS/src/steps/geom/dist/distmesh.cpp:232][static Omega_h::Mesh steps::dist::DistMesh::load_mesh(Omega_h::Library&, const string&)]: Creating Omega_h mesh from GMSH mesh  ../mesh/../mesh/10x10x100_13009tets.msh 
 
Model checking:
No errors were found
steps4 nhost 1024 time cost: 0.303842
steps4 nhost 1024 avg rss (MB): 7.777843
steps4 nhost 1024 avg mem ini (MB): 102.034729
Path                                             Min time/rank Max time/rank Avg time/rank Time %    
OmegaHSimulation::run()                               0.110086      0.158968      0.142705 52.753591 
  DiffusionOperator::operator()                       0.100588      0.148394      0.133523 49.359341 
    DiffusionOperator::sp~~s_entering_elements()      0.001724      0.002531      0.002091  0.773139 
    sync_delta_pools()                                0.085611      0.131872      0.117127 43.298209 
    DiffusionOperator::sp~~es_leaving_elements()      0.004347      0.008539      0.006285  2.323310 
  SSAOperator::run()                                  0.003724      0.006031      0.004817  1.780669 
/gpfs/bbp.cscs.ch/data/project/proj16/kotsalos/STEPS4Models/SimpleModel
 *** This was run 18 *** 
 *** This is run 19 *** 
/gpfs/bbp.cscs.ch/data/project/proj16/kotsalos/STEPS4Models/SimpleModel/Sample_STEPS4 /gpfs/bbp.cscs.ch/data/project/proj16/kotsalos/STEPS4Models/SimpleModel
[2022-02-15 16:35:35,826][INFO][../bbp.cscs.ch/data/project/proj16/kotsalos/STEPS4Models/HBP_STEPS/src/steps/geom/dist/distmesh.cpp:232][static Omega_h::Mesh steps::dist::DistMesh::load_mesh(Omega_h::Library&, const string&)]: Creating Omega_h mesh from GMSH mesh  ../mesh/../mesh/10x10x100_13009tets.msh 
 
Model checking:
No errors were found
steps4 nhost 1024 time cost: 0.306726
steps4 nhost 1024 avg rss (MB): 7.779114
steps4 nhost 1024 avg mem ini (MB): 102.034973
Path                                             Min time/rank Max time/rank Avg time/rank Time %    
OmegaHSimulation::run()                               0.110013      0.159825      0.143193 52.495794 
  DiffusionOperator::operator()                       0.100455      0.149704      0.134009 49.129055 
    DiffusionOperator::sp~~s_entering_elements()      0.001752      0.002568      0.002092  0.767067 
    sync_delta_pools()                                0.085454      0.132559      0.117610 43.116760 
    DiffusionOperator::sp~~es_leaving_elements()      0.004302      0.008496      0.006290  2.305932 
  SSAOperator::run()                                  0.003735      0.005993      0.004820  1.766903 
/gpfs/bbp.cscs.ch/data/project/proj16/kotsalos/STEPS4Models/SimpleModel
 *** This was run 19 *** 
 *** This is run 20 *** 
/gpfs/bbp.cscs.ch/data/project/proj16/kotsalos/STEPS4Models/SimpleModel/Sample_STEPS4 /gpfs/bbp.cscs.ch/data/project/proj16/kotsalos/STEPS4Models/SimpleModel
[2022-02-15 16:36:06,669][INFO][../bbp.cscs.ch/data/project/proj16/kotsalos/STEPS4Models/HBP_STEPS/src/steps/geom/dist/distmesh.cpp:232][static Omega_h::Mesh steps::dist::DistMesh::load_mesh(Omega_h::Library&, const string&)]: Creating Omega_h mesh from GMSH mesh  ../mesh/../mesh/10x10x100_13009tets.msh 
 
Model checking:
No errors were found
steps4 nhost 1024 time cost: 0.304373
steps4 nhost 1024 avg rss (MB): 7.781036
steps4 nhost 1024 avg mem ini (MB): 102.032990
Path                                             Min time/rank Max time/rank Avg time/rank Time %    
OmegaHSimulation::run()                               0.110954      0.159711      0.143467 52.919480 
  DiffusionOperator::operator()                       0.101615      0.149267      0.134301 49.538619 
    DiffusionOperator::sp~~s_entering_elements()      0.001743      0.002535      0.002092  0.771483 
    sync_delta_pools()                                0.086876      0.133315      0.117920 43.496226 
    DiffusionOperator::sp~~es_leaving_elements()      0.004367      0.008629      0.006278  2.315677 
  SSAOperator::run()                                  0.003686      0.006006      0.004805  1.772462 
/gpfs/bbp.cscs.ch/data/project/proj16/kotsalos/STEPS4Models/SimpleModel
 *** This was run 20 *** 
 *** This is run 21 *** 
/gpfs/bbp.cscs.ch/data/project/proj16/kotsalos/STEPS4Models/SimpleModel/Sample_STEPS4 /gpfs/bbp.cscs.ch/data/project/proj16/kotsalos/STEPS4Models/SimpleModel
[2022-02-15 16:36:37,299][INFO][../bbp.cscs.ch/data/project/proj16/kotsalos/STEPS4Models/HBP_STEPS/src/steps/geom/dist/distmesh.cpp:232][static Omega_h::Mesh steps::dist::DistMesh::load_mesh(Omega_h::Library&, const string&)]: Creating Omega_h mesh from GMSH mesh  ../mesh/../mesh/10x10x100_13009tets.msh 
 
Model checking:
No errors were found
steps4 nhost 1024 time cost: 0.305328
steps4 nhost 1024 avg rss (MB): 7.781288
steps4 nhost 1024 avg mem ini (MB): 102.034828
Path                                             Min time/rank Max time/rank Avg time/rank Time %    
OmegaHSimulation::run()                               0.112265      0.159458      0.143901 52.913960 
  DiffusionOperator::operator()                       0.102811      0.149039      0.134725 49.539966 
    DiffusionOperator::sp~~s_entering_elements()      0.001724      0.002574      0.002092  0.769290 
    sync_delta_pools()                                0.087605      0.132607      0.118336 43.513402 
    DiffusionOperator::sp~~es_leaving_elements()      0.004309      0.008714      0.006279  2.308796 
  SSAOperator::run()                                  0.003737      0.006162      0.004813  1.769721 
/gpfs/bbp.cscs.ch/data/project/proj16/kotsalos/STEPS4Models/SimpleModel
 *** This was run 21 *** 
 *** This is run 22 *** 
/gpfs/bbp.cscs.ch/data/project/proj16/kotsalos/STEPS4Models/SimpleModel/Sample_STEPS4 /gpfs/bbp.cscs.ch/data/project/proj16/kotsalos/STEPS4Models/SimpleModel
[2022-02-15 16:37:08,143][INFO][../bbp.cscs.ch/data/project/proj16/kotsalos/STEPS4Models/HBP_STEPS/src/steps/geom/dist/distmesh.cpp:232][static Omega_h::Mesh steps::dist::DistMesh::load_mesh(Omega_h::Library&, const string&)]: Creating Omega_h mesh from GMSH mesh  ../mesh/../mesh/10x10x100_13009tets.msh 
 
Model checking:
No errors were found
steps4 nhost 1024 time cost: 0.316194
steps4 nhost 1024 avg rss (MB): 7.785145
steps4 nhost 1024 avg mem ini (MB): 102.039665
Path                                             Min time/rank Max time/rank Avg time/rank Time %    
OmegaHSimulation::run()                               0.112396      0.159142      0.144120 50.966106 
  DiffusionOperator::operator()                       0.102858      0.149211      0.134931 47.716396 
    DiffusionOperator::sp~~s_entering_elements()      0.001719      0.002640      0.002094  0.740352 
    sync_delta_pools()                                0.087700      0.135208      0.118523 41.913992 
    DiffusionOperator::sp~~es_leaving_elements()      0.004392      0.008865      0.006292  2.225191 
  SSAOperator::run()                                  0.003764      0.006059      0.004817  1.703477 
/gpfs/bbp.cscs.ch/data/project/proj16/kotsalos/STEPS4Models/SimpleModel
 *** This was run 22 *** 
 *** This is run 23 *** 
/gpfs/bbp.cscs.ch/data/project/proj16/kotsalos/STEPS4Models/SimpleModel/Sample_STEPS4 /gpfs/bbp.cscs.ch/data/project/proj16/kotsalos/STEPS4Models/SimpleModel
[2022-02-15 16:37:38,713][INFO][../bbp.cscs.ch/data/project/proj16/kotsalos/STEPS4Models/HBP_STEPS/src/steps/geom/dist/distmesh.cpp:232][static Omega_h::Mesh steps::dist::DistMesh::load_mesh(Omega_h::Library&, const string&)]: Creating Omega_h mesh from GMSH mesh  ../mesh/../mesh/10x10x100_13009tets.msh 
 
Model checking:
No errors were found
steps4 nhost 1024 time cost: 0.313283
steps4 nhost 1024 avg rss (MB): 7.783924
steps4 nhost 1024 avg mem ini (MB): 102.034817
Path                                             Min time/rank Max time/rank Avg time/rank Time %    
OmegaHSimulation::run()                               0.112948      0.160806      0.144384 51.581843 
  DiffusionOperator::operator()                       0.103416      0.150245      0.135186 48.295705 
    DiffusionOperator::sp~~s_entering_elements()      0.001718      0.002543      0.002092  0.747397 
    sync_delta_pools()                                0.088122      0.132454      0.118768 42.430286 
    DiffusionOperator::sp~~es_leaving_elements()      0.004372      0.008741      0.006303  2.251869 
  SSAOperator::run()                                  0.003709      0.006218      0.004828  1.724982 
/gpfs/bbp.cscs.ch/data/project/proj16/kotsalos/STEPS4Models/SimpleModel
 *** This was run 23 *** 
 *** This is run 24 *** 
/gpfs/bbp.cscs.ch/data/project/proj16/kotsalos/STEPS4Models/SimpleModel/Sample_STEPS4 /gpfs/bbp.cscs.ch/data/project/proj16/kotsalos/STEPS4Models/SimpleModel
[2022-02-15 16:38:10,063][INFO][../bbp.cscs.ch/data/project/proj16/kotsalos/STEPS4Models/HBP_STEPS/src/steps/geom/dist/distmesh.cpp:232][static Omega_h::Mesh steps::dist::DistMesh::load_mesh(Omega_h::Library&, const string&)]: Creating Omega_h mesh from GMSH mesh  ../mesh/../mesh/10x10x100_13009tets.msh 
 
Model checking:
No errors were found
steps4 nhost 1024 time cost: 0.305064
steps4 nhost 1024 avg rss (MB): 7.783939
steps4 nhost 1024 avg mem ini (MB): 102.036831
Path                                             Min time/rank Max time/rank Avg time/rank Time %    
OmegaHSimulation::run()                               0.111669      0.159842      0.143356 52.773763 
  DiffusionOperator::operator()                       0.102385      0.149346      0.134183 49.396964 
    DiffusionOperator::sp~~s_entering_elements()      0.001727      0.002503      0.002090  0.769437 
    sync_delta_pools()                                0.087424      0.132495      0.117797 43.364827 
    DiffusionOperator::sp~~es_leaving_elements()      0.004299      0.008644      0.006282  2.312674 
  SSAOperator::run()                                  0.003724      0.005998      0.004812  1.771540 
/gpfs/bbp.cscs.ch/data/project/proj16/kotsalos/STEPS4Models/SimpleModel
 *** This was run 24 *** 
 *** This is run 25 *** 
/gpfs/bbp.cscs.ch/data/project/proj16/kotsalos/STEPS4Models/SimpleModel/Sample_STEPS4 /gpfs/bbp.cscs.ch/data/project/proj16/kotsalos/STEPS4Models/SimpleModel
[2022-02-15 16:38:40,793][INFO][../bbp.cscs.ch/data/project/proj16/kotsalos/STEPS4Models/HBP_STEPS/src/steps/geom/dist/distmesh.cpp:232][static Omega_h::Mesh steps::dist::DistMesh::load_mesh(Omega_h::Library&, const string&)]: Creating Omega_h mesh from GMSH mesh  ../mesh/../mesh/10x10x100_13009tets.msh 
 
Model checking:
No errors were found
steps4 nhost 1024 time cost: 0.308202
steps4 nhost 1024 avg rss (MB): 7.784195
steps4 nhost 1024 avg mem ini (MB): 102.040188
Path                                             Min time/rank Max time/rank Avg time/rank Time %    
OmegaHSimulation::run()                               0.111047      0.158506      0.143689 52.228165 
  DiffusionOperator::operator()                       0.101453      0.148442      0.134500 48.888255 
    DiffusionOperator::sp~~s_entering_elements()      0.001757      0.002600      0.002093  0.760929 
    sync_delta_pools()                                0.086130      0.131205      0.118087 42.922478 
    DiffusionOperator::sp~~es_leaving_elements()      0.004395      0.008938      0.006303  2.291049 
  SSAOperator::run()                                  0.003743      0.006171      0.004823  1.752943 
/gpfs/bbp.cscs.ch/data/project/proj16/kotsalos/STEPS4Models/SimpleModel
 *** This was run 25 *** 
 *** This is run 26 *** 
/gpfs/bbp.cscs.ch/data/project/proj16/kotsalos/STEPS4Models/SimpleModel/Sample_STEPS4 /gpfs/bbp.cscs.ch/data/project/proj16/kotsalos/STEPS4Models/SimpleModel
[2022-02-15 16:39:11,512][INFO][../bbp.cscs.ch/data/project/proj16/kotsalos/STEPS4Models/HBP_STEPS/src/steps/geom/dist/distmesh.cpp:232][static Omega_h::Mesh steps::dist::DistMesh::load_mesh(Omega_h::Library&, const string&)]: Creating Omega_h mesh from GMSH mesh  ../mesh/../mesh/10x10x100_13009tets.msh 
 
Model checking:
No errors were found
steps4 nhost 1024 time cost: 0.308399
steps4 nhost 1024 avg rss (MB): 7.788872
steps4 nhost 1024 avg mem ini (MB): 102.047939
Path                                             Min time/rank Max time/rank Avg time/rank Time %    
OmegaHSimulation::run()                               0.112986      0.160020      0.143672 52.219174 
  DiffusionOperator::operator()                       0.103521      0.149356      0.134496 48.883881 
    DiffusionOperator::sp~~s_entering_elements()      0.001741      0.002554      0.002091  0.759903 
    sync_delta_pools()                                0.088493      0.134075      0.118108 42.927575 
    DiffusionOperator::sp~~es_leaving_elements()      0.004405      0.008991      0.006281  2.282886 
  SSAOperator::run()                                  0.003701      0.006123      0.004813  1.749253 
/gpfs/bbp.cscs.ch/data/project/proj16/kotsalos/STEPS4Models/SimpleModel
 *** This was run 26 *** 
 *** This is run 27 *** 
/gpfs/bbp.cscs.ch/data/project/proj16/kotsalos/STEPS4Models/SimpleModel/Sample_STEPS4 /gpfs/bbp.cscs.ch/data/project/proj16/kotsalos/STEPS4Models/SimpleModel
[2022-02-15 16:39:42,480][INFO][../bbp.cscs.ch/data/project/proj16/kotsalos/STEPS4Models/HBP_STEPS/src/steps/geom/dist/distmesh.cpp:232][static Omega_h::Mesh steps::dist::DistMesh::load_mesh(Omega_h::Library&, const string&)]: Creating Omega_h mesh from GMSH mesh  ../mesh/../mesh/10x10x100_13009tets.msh 
 
Model checking:
No errors were found
steps4 nhost 1024 time cost: 0.314635
steps4 nhost 1024 avg rss (MB): 7.786541
steps4 nhost 1024 avg mem ini (MB): 102.041698
Path                                             Min time/rank Max time/rank Avg time/rank Time %    
OmegaHSimulation::run()                               0.112631      0.160252      0.144242 51.237908 
  DiffusionOperator::operator()                       0.103105      0.150180      0.135057 47.974990 
    DiffusionOperator::sp~~s_entering_elements()      0.001718      0.002495      0.002092  0.743182 
    sync_delta_pools()                                0.088034      0.132378      0.118646 42.145331 
    DiffusionOperator::sp~~es_leaving_elements()      0.004385      0.008640      0.006299  2.237401 
  SSAOperator::run()                                  0.003691      0.006173      0.004823  1.713228 
/gpfs/bbp.cscs.ch/data/project/proj16/kotsalos/STEPS4Models/SimpleModel
 *** This was run 27 *** 
 *** This is run 28 *** 
/gpfs/bbp.cscs.ch/data/project/proj16/kotsalos/STEPS4Models/SimpleModel/Sample_STEPS4 /gpfs/bbp.cscs.ch/data/project/proj16/kotsalos/STEPS4Models/SimpleModel
[2022-02-15 16:40:13,019][INFO][../bbp.cscs.ch/data/project/proj16/kotsalos/STEPS4Models/HBP_STEPS/src/steps/geom/dist/distmesh.cpp:232][static Omega_h::Mesh steps::dist::DistMesh::load_mesh(Omega_h::Library&, const string&)]: Creating Omega_h mesh from GMSH mesh  ../mesh/../mesh/10x10x100_13009tets.msh 
 
Model checking:
No errors were found
steps4 nhost 1024 time cost: 0.305041
steps4 nhost 1024 avg rss (MB): 7.794285
steps4 nhost 1024 avg mem ini (MB): 102.041302
Path                                             Min time/rank Max time/rank Avg time/rank Time %    
OmegaHSimulation::run()                               0.111076      0.158780      0.143158 52.646536 
  DiffusionOperator::operator()                       0.101526      0.148886      0.133972 49.268580 
    DiffusionOperator::sp~~s_entering_elements()      0.001725      0.002521      0.002092  0.769253 
    sync_delta_pools()                                0.086488      0.131289      0.117571 43.237165 
    DiffusionOperator::sp~~es_leaving_elements()      0.004264      0.008767      0.006289  2.312821 
  SSAOperator::run()                                  0.003699      0.006155      0.004823  1.773701 
/gpfs/bbp.cscs.ch/data/project/proj16/kotsalos/STEPS4Models/SimpleModel
 *** This was run 28 *** 
 *** This is run 29 *** 
/gpfs/bbp.cscs.ch/data/project/proj16/kotsalos/STEPS4Models/SimpleModel/Sample_STEPS4 /gpfs/bbp.cscs.ch/data/project/proj16/kotsalos/STEPS4Models/SimpleModel
[2022-02-15 16:40:43,691][INFO][../bbp.cscs.ch/data/project/proj16/kotsalos/STEPS4Models/HBP_STEPS/src/steps/geom/dist/distmesh.cpp:232][static Omega_h::Mesh steps::dist::DistMesh::load_mesh(Omega_h::Library&, const string&)]: Creating Omega_h mesh from GMSH mesh  ../mesh/../mesh/10x10x100_13009tets.msh 
 
Model checking:
No errors were found
steps4 nhost 1024 time cost: 0.304220
steps4 nhost 1024 avg rss (MB): 7.787628
steps4 nhost 1024 avg mem ini (MB): 102.041771
Path                                             Min time/rank Max time/rank Avg time/rank Time %    
OmegaHSimulation::run()                               0.111706      0.160100      0.143593 52.990907 
  DiffusionOperator::operator()                       0.102511      0.149582      0.134423 49.606880 
    DiffusionOperator::sp~~s_entering_elements()      0.001745      0.002567      0.002090  0.771377 
    sync_delta_pools()                                0.087512      0.132567      0.118044 43.562595 
    DiffusionOperator::sp~~es_leaving_elements()      0.004390      0.008559      0.006280  2.317513 
  SSAOperator::run()                                  0.003714      0.006096      0.004811  1.775383 
/gpfs/bbp.cscs.ch/data/project/proj16/kotsalos/STEPS4Models/SimpleModel
 *** This was run 29 *** 
 *** This is run 30 *** 
/gpfs/bbp.cscs.ch/data/project/proj16/kotsalos/STEPS4Models/SimpleModel/Sample_STEPS4 /gpfs/bbp.cscs.ch/data/project/proj16/kotsalos/STEPS4Models/SimpleModel
[2022-02-15 16:41:14,264][INFO][../bbp.cscs.ch/data/project/proj16/kotsalos/STEPS4Models/HBP_STEPS/src/steps/geom/dist/distmesh.cpp:232][static Omega_h::Mesh steps::dist::DistMesh::load_mesh(Omega_h::Library&, const string&)]: Creating Omega_h mesh from GMSH mesh  ../mesh/../mesh/10x10x100_13009tets.msh 
 
Model checking:
No errors were found
steps4 nhost 1024 time cost: 0.308807
steps4 nhost 1024 avg rss (MB): 7.791855
steps4 nhost 1024 avg mem ini (MB): 102.040989
Path                                             Min time/rank Max time/rank Avg time/rank Time %    
OmegaHSimulation::run()                               0.113163      0.162066      0.146323 53.070186 
  DiffusionOperator::operator()                       0.103628      0.151833      0.137138 49.738787 
    DiffusionOperator::sp~~s_entering_elements()      0.001741      0.002516      0.002091  0.758366 
    sync_delta_pools()                                0.088714      0.135607      0.120731 43.787983 
    DiffusionOperator::sp~~es_leaving_elements()      0.004364      0.008800      0.006297  2.283899 
  SSAOperator::run()                                  0.003709      0.006149      0.004822  1.749049 
/gpfs/bbp.cscs.ch/data/project/proj16/kotsalos/STEPS4Models/SimpleModel
 *** This was run 30 *** 
