Autoloading python/3.8.3
Autoloading py-virtualenv/16.7.6
Autoloading py-numpy/1.19.4
Autoloading py-mpi4py/3.0.3
Autoloading py-h5py/3.1.0
Autoloading hpe-mpi/2.25.hmpt
Autoloading hdf5/1.10.7
 *** This is run 1 *** 
/gpfs/bbp.cscs.ch/data/project/proj16/kotsalos/STEPS4Models/SimpleModel/Sample_STEPS4 /gpfs/bbp.cscs.ch/data/project/proj16/kotsalos/STEPS4Models/SimpleModel
[2022-02-15 15:45:46,283][INFO][../bbp.cscs.ch/data/project/proj16/kotsalos/STEPS4Models/HBP_STEPS/src/steps/geom/dist/distmesh.cpp:232][static Omega_h::Mesh steps::dist::DistMesh::load_mesh(Omega_h::Library&, const string&)]: Creating Omega_h mesh from GMSH mesh  ../mesh/../mesh/10x10x100_13009tets.msh 
 
Model checking:
No errors were found
steps4 nhost 512 time cost: 0.293445
steps4 nhost 512 avg rss (MB): 7.844078
steps4 nhost 512 avg mem ini (MB): 99.930656
Path                                             Min time/rank Max time/rank Avg time/rank Time %    
OmegaHSimulation::run()                               0.126321      0.166630      0.145416 55.842657 
  DiffusionOperator::operator()                       0.114063      0.152816      0.132505 50.884600 
    DiffusionOperator::sp~~s_entering_elements()      0.002677      0.003694      0.003061  1.175347 
    sync_delta_pools()                                0.091657      0.126021      0.108353 41.609696 
    DiffusionOperator::sp~~es_leaving_elements()      0.008400      0.015622      0.011438  4.392463 
  SSAOperator::run()                                  0.006822      0.010047      0.008310  3.191335 
/gpfs/bbp.cscs.ch/data/project/proj16/kotsalos/STEPS4Models/SimpleModel
 *** This was run 1 *** 
 *** This is run 2 *** 
/gpfs/bbp.cscs.ch/data/project/proj16/kotsalos/STEPS4Models/SimpleModel/Sample_STEPS4 /gpfs/bbp.cscs.ch/data/project/proj16/kotsalos/STEPS4Models/SimpleModel
[2022-02-15 15:46:14,526][INFO][../bbp.cscs.ch/data/project/proj16/kotsalos/STEPS4Models/HBP_STEPS/src/steps/geom/dist/distmesh.cpp:232][static Omega_h::Mesh steps::dist::DistMesh::load_mesh(Omega_h::Library&, const string&)]: Creating Omega_h mesh from GMSH mesh  ../mesh/../mesh/10x10x100_13009tets.msh 
 
Model checking:
No errors were found
steps4 nhost 512 time cost: 0.293785
steps4 nhost 512 avg rss (MB): 7.842842
steps4 nhost 512 avg mem ini (MB): 99.931801
Path                                             Min time/rank Max time/rank Avg time/rank Time %    
OmegaHSimulation::run()                               0.126198      0.166213      0.145651 55.866903 
  DiffusionOperator::operator()                       0.114042      0.152626      0.132741 50.915245 
    DiffusionOperator::sp~~s_entering_elements()      0.002694      0.003569      0.003062  1.174348 
    sync_delta_pools()                                0.090267      0.126266      0.108576 41.646263 
    DiffusionOperator::sp~~es_leaving_elements()      0.008559      0.015412      0.011450  4.391691 
  SSAOperator::run()                                  0.006876      0.009704      0.008314  3.188904 
/gpfs/bbp.cscs.ch/data/project/proj16/kotsalos/STEPS4Models/SimpleModel
 *** This was run 2 *** 
 *** This is run 3 *** 
/gpfs/bbp.cscs.ch/data/project/proj16/kotsalos/STEPS4Models/SimpleModel/Sample_STEPS4 /gpfs/bbp.cscs.ch/data/project/proj16/kotsalos/STEPS4Models/SimpleModel
[2022-02-15 15:46:41,920][INFO][../bbp.cscs.ch/data/project/proj16/kotsalos/STEPS4Models/HBP_STEPS/src/steps/geom/dist/distmesh.cpp:232][static Omega_h::Mesh steps::dist::DistMesh::load_mesh(Omega_h::Library&, const string&)]: Creating Omega_h mesh from GMSH mesh  ../mesh/../mesh/10x10x100_13009tets.msh 
 
Model checking:
No errors were found
steps4 nhost 512 time cost: 0.293627
steps4 nhost 512 avg rss (MB): 7.842430
steps4 nhost 512 avg mem ini (MB): 99.931999
Path                                             Min time/rank Max time/rank Avg time/rank Time %    
OmegaHSimulation::run()                               0.126553      0.170738      0.145633 55.853320 
  DiffusionOperator::operator()                       0.114448      0.156861      0.132737 50.907523 
    DiffusionOperator::sp~~s_entering_elements()      0.002680      0.003544      0.003060  1.173734 
    sync_delta_pools()                                0.089528      0.130322      0.108602 41.651267 
    DiffusionOperator::sp~~es_leaving_elements()      0.008261      0.015358      0.011424  4.381485 
  SSAOperator::run()                                  0.006571      0.009878      0.008298  3.182527 
/gpfs/bbp.cscs.ch/data/project/proj16/kotsalos/STEPS4Models/SimpleModel
 *** This was run 3 *** 
 *** This is run 4 *** 
/gpfs/bbp.cscs.ch/data/project/proj16/kotsalos/STEPS4Models/SimpleModel/Sample_STEPS4 /gpfs/bbp.cscs.ch/data/project/proj16/kotsalos/STEPS4Models/SimpleModel
[2022-02-15 15:47:09,391][INFO][../bbp.cscs.ch/data/project/proj16/kotsalos/STEPS4Models/HBP_STEPS/src/steps/geom/dist/distmesh.cpp:232][static Omega_h::Mesh steps::dist::DistMesh::load_mesh(Omega_h::Library&, const string&)]: Creating Omega_h mesh from GMSH mesh  ../mesh/../mesh/10x10x100_13009tets.msh 
 
Model checking:
No errors were found
steps4 nhost 512 time cost: 0.293531
steps4 nhost 512 avg rss (MB): 7.847786
steps4 nhost 512 avg mem ini (MB): 99.927910
Path                                             Min time/rank Max time/rank Avg time/rank Time %    
OmegaHSimulation::run()                               0.127499      0.168773      0.145632 55.868981 
  DiffusionOperator::operator()                       0.115253      0.155451      0.132746 50.925814 
    DiffusionOperator::sp~~s_entering_elements()      0.002691      0.003521      0.003060  1.173729 
    sync_delta_pools()                                0.091918      0.129399      0.108624 41.671607 
    DiffusionOperator::sp~~es_leaving_elements()      0.008413      0.015539      0.011410  4.377096 
  SSAOperator::run()                                  0.006742      0.009910      0.008289  3.180022 
/gpfs/bbp.cscs.ch/data/project/proj16/kotsalos/STEPS4Models/SimpleModel
 *** This was run 4 *** 
 *** This is run 5 *** 
/gpfs/bbp.cscs.ch/data/project/proj16/kotsalos/STEPS4Models/SimpleModel/Sample_STEPS4 /gpfs/bbp.cscs.ch/data/project/proj16/kotsalos/STEPS4Models/SimpleModel
[2022-02-15 15:47:36,633][INFO][../bbp.cscs.ch/data/project/proj16/kotsalos/STEPS4Models/HBP_STEPS/src/steps/geom/dist/distmesh.cpp:232][static Omega_h::Mesh steps::dist::DistMesh::load_mesh(Omega_h::Library&, const string&)]: Creating Omega_h mesh from GMSH mesh  ../mesh/../mesh/10x10x100_13009tets.msh 
 
Model checking:
No errors were found
steps4 nhost 512 time cost: 0.293679
steps4 nhost 512 avg rss (MB): 7.847725
steps4 nhost 512 avg mem ini (MB): 99.928925
Path                                             Min time/rank Max time/rank Avg time/rank Time %    
OmegaHSimulation::run()                               0.126338      0.169586      0.145920 55.960453 
  DiffusionOperator::operator()                       0.114253      0.155945      0.133016 51.011959 
    DiffusionOperator::sp~~s_entering_elements()      0.002653      0.003578      0.003059  1.172984 
    sync_delta_pools()                                0.091111      0.129291      0.108840 41.740415 
    DiffusionOperator::sp~~es_leaving_elements()      0.008768      0.015224      0.011461  4.395299 
  SSAOperator::run()                                  0.006973      0.009832      0.008311  3.187433 
/gpfs/bbp.cscs.ch/data/project/proj16/kotsalos/STEPS4Models/SimpleModel
 *** This was run 5 *** 
 *** This is run 6 *** 
/gpfs/bbp.cscs.ch/data/project/proj16/kotsalos/STEPS4Models/SimpleModel/Sample_STEPS4 /gpfs/bbp.cscs.ch/data/project/proj16/kotsalos/STEPS4Models/SimpleModel
[2022-02-15 15:48:04,004][INFO][../bbp.cscs.ch/data/project/proj16/kotsalos/STEPS4Models/HBP_STEPS/src/steps/geom/dist/distmesh.cpp:232][static Omega_h::Mesh steps::dist::DistMesh::load_mesh(Omega_h::Library&, const string&)]: Creating Omega_h mesh from GMSH mesh  ../mesh/../mesh/10x10x100_13009tets.msh 
 
Model checking:
No errors were found
steps4 nhost 512 time cost: 0.293497
steps4 nhost 512 avg rss (MB): 7.845490
steps4 nhost 512 avg mem ini (MB): 99.930534
Path                                             Min time/rank Max time/rank Avg time/rank Time %    
OmegaHSimulation::run()                               0.126239      0.167578      0.144854 55.657781 
  DiffusionOperator::operator()                       0.113451      0.153919      0.131951 50.699990 
    DiffusionOperator::sp~~s_entering_elements()      0.002692      0.003555      0.003059  1.175460 
    sync_delta_pools()                                0.087943      0.127425      0.107808 41.423605 
    DiffusionOperator::sp~~es_leaving_elements()      0.008231      0.016097      0.011441  4.396035 
  SSAOperator::run()                                  0.006778      0.009689      0.008305  3.191038 
/gpfs/bbp.cscs.ch/data/project/proj16/kotsalos/STEPS4Models/SimpleModel
 *** This was run 6 *** 
 *** This is run 7 *** 
/gpfs/bbp.cscs.ch/data/project/proj16/kotsalos/STEPS4Models/SimpleModel/Sample_STEPS4 /gpfs/bbp.cscs.ch/data/project/proj16/kotsalos/STEPS4Models/SimpleModel
[2022-02-15 15:48:31,351][INFO][../bbp.cscs.ch/data/project/proj16/kotsalos/STEPS4Models/HBP_STEPS/src/steps/geom/dist/distmesh.cpp:232][static Omega_h::Mesh steps::dist::DistMesh::load_mesh(Omega_h::Library&, const string&)]: Creating Omega_h mesh from GMSH mesh  ../mesh/../mesh/10x10x100_13009tets.msh 
 
Model checking:
No errors were found
steps4 nhost 512 time cost: 0.293596
steps4 nhost 512 avg rss (MB): 7.848244
steps4 nhost 512 avg mem ini (MB): 99.927834
Path                                             Min time/rank Max time/rank Avg time/rank Time %    
OmegaHSimulation::run()                               0.127337      0.170485      0.146501 56.187706 
  DiffusionOperator::operator()                       0.114840      0.156891      0.133588 51.234963 
    DiffusionOperator::sp~~s_entering_elements()      0.002675      0.003585      0.003061  1.174023 
    sync_delta_pools()                                0.091642      0.130482      0.109429 41.969201 
    DiffusionOperator::sp~~es_leaving_elements()      0.008501      0.015064      0.011440  4.387550 
  SSAOperator::run()                                  0.006929      0.009718      0.008315  3.188970 
/gpfs/bbp.cscs.ch/data/project/proj16/kotsalos/STEPS4Models/SimpleModel
 *** This was run 7 *** 
 *** This is run 8 *** 
/gpfs/bbp.cscs.ch/data/project/proj16/kotsalos/STEPS4Models/SimpleModel/Sample_STEPS4 /gpfs/bbp.cscs.ch/data/project/proj16/kotsalos/STEPS4Models/SimpleModel
[2022-02-15 15:48:59,721][INFO][../bbp.cscs.ch/data/project/proj16/kotsalos/STEPS4Models/HBP_STEPS/src/steps/geom/dist/distmesh.cpp:232][static Omega_h::Mesh steps::dist::DistMesh::load_mesh(Omega_h::Library&, const string&)]: Creating Omega_h mesh from GMSH mesh  ../mesh/../mesh/10x10x100_13009tets.msh 
 
Model checking:
No errors were found
steps4 nhost 512 time cost: 0.291081
steps4 nhost 512 avg rss (MB): 7.847427
steps4 nhost 512 avg mem ini (MB): 99.929985
Path                                             Min time/rank Max time/rank Avg time/rank Time %    
OmegaHSimulation::run()                               0.126911      0.168189      0.145241 56.246834 
  DiffusionOperator::operator()                       0.114581      0.154816      0.132341 51.251006 
    DiffusionOperator::sp~~s_entering_elements()      0.002699      0.003573      0.003059  1.184634 
    sync_delta_pools()                                0.091725      0.128765      0.108208 41.905195 
    DiffusionOperator::sp~~es_leaving_elements()      0.008473      0.015264      0.011428  4.425742 
  SSAOperator::run()                                  0.006884      0.009712      0.008302  3.214967 
/gpfs/bbp.cscs.ch/data/project/proj16/kotsalos/STEPS4Models/SimpleModel
 *** This was run 8 *** 
 *** This is run 9 *** 
/gpfs/bbp.cscs.ch/data/project/proj16/kotsalos/STEPS4Models/SimpleModel/Sample_STEPS4 /gpfs/bbp.cscs.ch/data/project/proj16/kotsalos/STEPS4Models/SimpleModel
[2022-02-15 15:49:26,986][INFO][../bbp.cscs.ch/data/project/proj16/kotsalos/STEPS4Models/HBP_STEPS/src/steps/geom/dist/distmesh.cpp:232][static Omega_h::Mesh steps::dist::DistMesh::load_mesh(Omega_h::Library&, const string&)]: Creating Omega_h mesh from GMSH mesh  ../mesh/../mesh/10x10x100_13009tets.msh 
 
Model checking:
No errors were found
steps4 nhost 512 time cost: 0.295218
steps4 nhost 512 avg rss (MB): 7.844505
steps4 nhost 512 avg mem ini (MB): 99.928535
Path                                             Min time/rank Max time/rank Avg time/rank Time %    
OmegaHSimulation::run()                               0.127738      0.171743      0.146080 55.676590 
  DiffusionOperator::operator()                       0.115621      0.157960      0.133163 50.753315 
    DiffusionOperator::sp~~s_entering_elements()      0.002652      0.003648      0.003063  1.167601 
    sync_delta_pools()                                0.090739      0.131220      0.108981 41.536722 
    DiffusionOperator::sp~~es_leaving_elements()      0.008730      0.015556      0.011454  4.365644 
  SSAOperator::run()                                  0.006963      0.009769      0.008318  3.170119 
/gpfs/bbp.cscs.ch/data/project/proj16/kotsalos/STEPS4Models/SimpleModel
 *** This was run 9 *** 
 *** This is run 10 *** 
/gpfs/bbp.cscs.ch/data/project/proj16/kotsalos/STEPS4Models/SimpleModel/Sample_STEPS4 /gpfs/bbp.cscs.ch/data/project/proj16/kotsalos/STEPS4Models/SimpleModel
[2022-02-15 15:49:54,379][INFO][../bbp.cscs.ch/data/project/proj16/kotsalos/STEPS4Models/HBP_STEPS/src/steps/geom/dist/distmesh.cpp:232][static Omega_h::Mesh steps::dist::DistMesh::load_mesh(Omega_h::Library&, const string&)]: Creating Omega_h mesh from GMSH mesh  ../mesh/../mesh/10x10x100_13009tets.msh 
 
Model checking:
No errors were found
steps4 nhost 512 time cost: 0.290948
steps4 nhost 512 avg rss (MB): 7.844353
steps4 nhost 512 avg mem ini (MB): 99.932884
Path                                             Min time/rank Max time/rank Avg time/rank Time %    
OmegaHSimulation::run()                               0.126303      0.167471      0.144634 55.977018 
  DiffusionOperator::operator()                       0.113751      0.154027      0.131722 50.979722 
    DiffusionOperator::sp~~s_entering_elements()      0.002685      0.003564      0.003060  1.184478 
    sync_delta_pools()                                0.089004      0.127534      0.107543 41.621865 
    DiffusionOperator::sp~~es_leaving_elements()      0.008561      0.015175      0.011460  4.435493 
  SSAOperator::run()                                  0.006787      0.009935      0.008312  3.217050 
/gpfs/bbp.cscs.ch/data/project/proj16/kotsalos/STEPS4Models/SimpleModel
 *** This was run 10 *** 
 *** This is run 11 *** 
/gpfs/bbp.cscs.ch/data/project/proj16/kotsalos/STEPS4Models/SimpleModel/Sample_STEPS4 /gpfs/bbp.cscs.ch/data/project/proj16/kotsalos/STEPS4Models/SimpleModel
[2022-02-15 15:50:21,703][INFO][../bbp.cscs.ch/data/project/proj16/kotsalos/STEPS4Models/HBP_STEPS/src/steps/geom/dist/distmesh.cpp:232][static Omega_h::Mesh steps::dist::DistMesh::load_mesh(Omega_h::Library&, const string&)]: Creating Omega_h mesh from GMSH mesh  ../mesh/../mesh/10x10x100_13009tets.msh 
 
Model checking:
No errors were found
steps4 nhost 512 time cost: 0.294905
steps4 nhost 512 avg rss (MB): 7.842979
steps4 nhost 512 avg mem ini (MB): 99.929832
Path                                             Min time/rank Max time/rank Avg time/rank Time %    
OmegaHSimulation::run()                               0.124025      0.169092      0.144971 55.348604 
  DiffusionOperator::operator()                       0.111558      0.155304      0.132042 50.412384 
    DiffusionOperator::sp~~s_entering_elements()      0.002673      0.003554      0.003062  1.169221 
    sync_delta_pools()                                0.089846      0.128631      0.107829 41.167939 
    DiffusionOperator::sp~~es_leaving_elements()      0.008431      0.015461      0.011487  4.385617 
  SSAOperator::run()                                  0.006848      0.009854      0.008330  3.180269 
/gpfs/bbp.cscs.ch/data/project/proj16/kotsalos/STEPS4Models/SimpleModel
 *** This was run 11 *** 
 *** This is run 12 *** 
/gpfs/bbp.cscs.ch/data/project/proj16/kotsalos/STEPS4Models/SimpleModel/Sample_STEPS4 /gpfs/bbp.cscs.ch/data/project/proj16/kotsalos/STEPS4Models/SimpleModel
[2022-02-15 15:50:49,013][INFO][../bbp.cscs.ch/data/project/proj16/kotsalos/STEPS4Models/HBP_STEPS/src/steps/geom/dist/distmesh.cpp:232][static Omega_h::Mesh steps::dist::DistMesh::load_mesh(Omega_h::Library&, const string&)]: Creating Omega_h mesh from GMSH mesh  ../mesh/../mesh/10x10x100_13009tets.msh 
 
Model checking:
No errors were found
steps4 nhost 512 time cost: 0.299802
steps4 nhost 512 avg rss (MB): 7.843758
steps4 nhost 512 avg mem ini (MB): 99.933022
Path                                             Min time/rank Max time/rank Avg time/rank Time %    
OmegaHSimulation::run()                               0.126956      0.169032      0.146817 55.064342 
  DiffusionOperator::operator()                       0.114782      0.155551      0.133915 50.225072 
    DiffusionOperator::sp~~s_entering_elements()      0.002659      0.003635      0.003061  1.147873 
    sync_delta_pools()                                0.090648      0.129491      0.109760 41.165917 
    DiffusionOperator::sp~~es_leaving_elements()      0.008431      0.015224      0.011434  4.288455 
  SSAOperator::run()                                  0.006709      0.009665      0.008304  3.114271 
/gpfs/bbp.cscs.ch/data/project/proj16/kotsalos/STEPS4Models/SimpleModel
 *** This was run 12 *** 
 *** This is run 13 *** 
/gpfs/bbp.cscs.ch/data/project/proj16/kotsalos/STEPS4Models/SimpleModel/Sample_STEPS4 /gpfs/bbp.cscs.ch/data/project/proj16/kotsalos/STEPS4Models/SimpleModel
[2022-02-15 15:51:16,327][INFO][../bbp.cscs.ch/data/project/proj16/kotsalos/STEPS4Models/HBP_STEPS/src/steps/geom/dist/distmesh.cpp:232][static Omega_h::Mesh steps::dist::DistMesh::load_mesh(Omega_h::Library&, const string&)]: Creating Omega_h mesh from GMSH mesh  ../mesh/../mesh/10x10x100_13009tets.msh 
 
Model checking:
No errors were found
steps4 nhost 512 time cost: 0.296117
steps4 nhost 512 avg rss (MB): 7.847107
steps4 nhost 512 avg mem ini (MB): 99.930717
Path                                             Min time/rank Max time/rank Avg time/rank Time %    
OmegaHSimulation::run()                               0.127557      0.171729      0.146557 55.679551 
  DiffusionOperator::operator()                       0.115301      0.158117      0.133652 50.776960 
    DiffusionOperator::sp~~s_entering_elements()      0.002672      0.003526      0.003057  1.161327 
    sync_delta_pools()                                0.091819      0.131546      0.109522 41.609336 
    DiffusionOperator::sp~~es_leaving_elements()      0.008263      0.015014      0.011430  4.342433 
  SSAOperator::run()                                  0.006912      0.009809      0.008303  3.154442 
/gpfs/bbp.cscs.ch/data/project/proj16/kotsalos/STEPS4Models/SimpleModel
 *** This was run 13 *** 
 *** This is run 14 *** 
/gpfs/bbp.cscs.ch/data/project/proj16/kotsalos/STEPS4Models/SimpleModel/Sample_STEPS4 /gpfs/bbp.cscs.ch/data/project/proj16/kotsalos/STEPS4Models/SimpleModel
[2022-02-15 15:51:44,477][INFO][../bbp.cscs.ch/data/project/proj16/kotsalos/STEPS4Models/HBP_STEPS/src/steps/geom/dist/distmesh.cpp:232][static Omega_h::Mesh steps::dist::DistMesh::load_mesh(Omega_h::Library&, const string&)]: Creating Omega_h mesh from GMSH mesh  ../mesh/../mesh/10x10x100_13009tets.msh 
 
Model checking:
No errors were found
steps4 nhost 512 time cost: 0.290337
steps4 nhost 512 avg rss (MB): 7.845322
steps4 nhost 512 avg mem ini (MB): 99.930824
Path                                             Min time/rank Max time/rank Avg time/rank Time %    
OmegaHSimulation::run()                               0.126388      0.169010      0.145208 56.396094 
  DiffusionOperator::operator()                       0.114262      0.155714      0.132296 51.381517 
    DiffusionOperator::sp~~s_entering_elements()      0.002684      0.003556      0.003064  1.189934 
    sync_delta_pools()                                0.089971      0.129324      0.108115 41.989996 
    DiffusionOperator::sp~~es_leaving_elements()      0.008834      0.015529      0.011443  4.444320 
  SSAOperator::run()                                  0.006982      0.009901      0.008313  3.228598 
/gpfs/bbp.cscs.ch/data/project/proj16/kotsalos/STEPS4Models/SimpleModel
 *** This was run 14 *** 
 *** This is run 15 *** 
/gpfs/bbp.cscs.ch/data/project/proj16/kotsalos/STEPS4Models/SimpleModel/Sample_STEPS4 /gpfs/bbp.cscs.ch/data/project/proj16/kotsalos/STEPS4Models/SimpleModel
[2022-02-15 15:52:11,897][INFO][../bbp.cscs.ch/data/project/proj16/kotsalos/STEPS4Models/HBP_STEPS/src/steps/geom/dist/distmesh.cpp:232][static Omega_h::Mesh steps::dist::DistMesh::load_mesh(Omega_h::Library&, const string&)]: Creating Omega_h mesh from GMSH mesh  ../mesh/../mesh/10x10x100_13009tets.msh 
 
Model checking:
No errors were found
steps4 nhost 512 time cost: 0.292341
steps4 nhost 512 avg rss (MB): 7.849098
steps4 nhost 512 avg mem ini (MB): 99.933617
Path                                             Min time/rank Max time/rank Avg time/rank Time %    
OmegaHSimulation::run()                               0.126991      0.167823      0.145185 55.938182 
  DiffusionOperator::operator()                       0.114445      0.154300      0.132277 50.964768 
    DiffusionOperator::sp~~s_entering_elements()      0.002675      0.003528      0.003060  1.179080 
    sync_delta_pools()                                0.089794      0.127806      0.108143 41.666215 
    DiffusionOperator::sp~~es_leaving_elements()      0.008429      0.015663      0.011416  4.398330 
  SSAOperator::run()                                  0.006882      0.009755      0.008308  3.200871 
/gpfs/bbp.cscs.ch/data/project/proj16/kotsalos/STEPS4Models/SimpleModel
 *** This was run 15 *** 
 *** This is run 16 *** 
/gpfs/bbp.cscs.ch/data/project/proj16/kotsalos/STEPS4Models/SimpleModel/Sample_STEPS4 /gpfs/bbp.cscs.ch/data/project/proj16/kotsalos/STEPS4Models/SimpleModel
[2022-02-15 15:52:39,209][INFO][../bbp.cscs.ch/data/project/proj16/kotsalos/STEPS4Models/HBP_STEPS/src/steps/geom/dist/distmesh.cpp:232][static Omega_h::Mesh steps::dist::DistMesh::load_mesh(Omega_h::Library&, const string&)]: Creating Omega_h mesh from GMSH mesh  ../mesh/../mesh/10x10x100_13009tets.msh 
 
Model checking:
No errors were found
steps4 nhost 512 time cost: 0.294824
steps4 nhost 512 avg rss (MB): 7.857330
steps4 nhost 512 avg mem ini (MB): 99.937637
Path                                             Min time/rank Max time/rank Avg time/rank Time %    
OmegaHSimulation::run()                               0.123630      0.169313      0.146211 55.836141 
  DiffusionOperator::operator()                       0.111685      0.155576      0.133292 50.902696 
    DiffusionOperator::sp~~s_entering_elements()      0.002699      0.003506      0.003053  1.165917 
    sync_delta_pools()                                0.089989      0.129088      0.109139 41.678642 
    DiffusionOperator::sp~~es_leaving_elements()      0.008218      0.015233      0.011447  4.371579 
  SSAOperator::run()                                  0.006768      0.009757      0.008326  3.179421 
/gpfs/bbp.cscs.ch/data/project/proj16/kotsalos/STEPS4Models/SimpleModel
 *** This was run 16 *** 
 *** This is run 17 *** 
/gpfs/bbp.cscs.ch/data/project/proj16/kotsalos/STEPS4Models/SimpleModel/Sample_STEPS4 /gpfs/bbp.cscs.ch/data/project/proj16/kotsalos/STEPS4Models/SimpleModel
[2022-02-15 15:53:06,539][INFO][../bbp.cscs.ch/data/project/proj16/kotsalos/STEPS4Models/HBP_STEPS/src/steps/geom/dist/distmesh.cpp:232][static Omega_h::Mesh steps::dist::DistMesh::load_mesh(Omega_h::Library&, const string&)]: Creating Omega_h mesh from GMSH mesh  ../mesh/../mesh/10x10x100_13009tets.msh 
 
Model checking:
No errors were found
steps4 nhost 512 time cost: 0.292565
steps4 nhost 512 avg rss (MB): 7.855225
steps4 nhost 512 avg mem ini (MB): 99.934555
Path                                             Min time/rank Max time/rank Avg time/rank Time %    
OmegaHSimulation::run()                               0.126021      0.169985      0.145131 55.883238 
  DiffusionOperator::operator()                       0.113805      0.156434      0.132230 50.915428 
    DiffusionOperator::sp~~s_entering_elements()      0.002678      0.003643      0.003055  1.176378 
    sync_delta_pools()                                0.089555      0.129954      0.108081 41.616917 
    DiffusionOperator::sp~~es_leaving_elements()      0.008743      0.014869      0.011437  4.403888 
  SSAOperator::run()                                  0.006923      0.009681      0.008311  3.200322 
/gpfs/bbp.cscs.ch/data/project/proj16/kotsalos/STEPS4Models/SimpleModel
 *** This was run 17 *** 
 *** This is run 18 *** 
/gpfs/bbp.cscs.ch/data/project/proj16/kotsalos/STEPS4Models/SimpleModel/Sample_STEPS4 /gpfs/bbp.cscs.ch/data/project/proj16/kotsalos/STEPS4Models/SimpleModel
[2022-02-15 15:53:33,816][INFO][../bbp.cscs.ch/data/project/proj16/kotsalos/STEPS4Models/HBP_STEPS/src/steps/geom/dist/distmesh.cpp:232][static Omega_h::Mesh steps::dist::DistMesh::load_mesh(Omega_h::Library&, const string&)]: Creating Omega_h mesh from GMSH mesh  ../mesh/../mesh/10x10x100_13009tets.msh 
 
Model checking:
No errors were found
steps4 nhost 512 time cost: 0.292760
steps4 nhost 512 avg rss (MB): 7.861107
steps4 nhost 512 avg mem ini (MB): 99.951736
Path                                             Min time/rank Max time/rank Avg time/rank Time %    
OmegaHSimulation::run()                               0.127100      0.168420      0.145801 56.116606 
  DiffusionOperator::operator()                       0.114894      0.154972      0.132905 51.153116 
    DiffusionOperator::sp~~s_entering_elements()      0.002635      0.003575      0.003054  1.175599 
    sync_delta_pools()                                0.090648      0.128823      0.108752 41.856841 
    DiffusionOperator::sp~~es_leaving_elements()      0.008518      0.015309      0.011447  4.405817 
  SSAOperator::run()                                  0.006859      0.009950      0.008309  3.197935 
/gpfs/bbp.cscs.ch/data/project/proj16/kotsalos/STEPS4Models/SimpleModel
 *** This was run 18 *** 
 *** This is run 19 *** 
/gpfs/bbp.cscs.ch/data/project/proj16/kotsalos/STEPS4Models/SimpleModel/Sample_STEPS4 /gpfs/bbp.cscs.ch/data/project/proj16/kotsalos/STEPS4Models/SimpleModel
[2022-02-15 15:54:01,247][INFO][../bbp.cscs.ch/data/project/proj16/kotsalos/STEPS4Models/HBP_STEPS/src/steps/geom/dist/distmesh.cpp:232][static Omega_h::Mesh steps::dist::DistMesh::load_mesh(Omega_h::Library&, const string&)]: Creating Omega_h mesh from GMSH mesh  ../mesh/../mesh/10x10x100_13009tets.msh 
 
Model checking:
No errors were found
steps4 nhost 512 time cost: 0.293561
steps4 nhost 512 avg rss (MB): 7.848991
steps4 nhost 512 avg mem ini (MB): 99.936699
Path                                             Min time/rank Max time/rank Avg time/rank Time %    
OmegaHSimulation::run()                               0.126052      0.168983      0.144996 55.595384 
  DiffusionOperator::operator()                       0.113791      0.155312      0.132094 50.648272 
    DiffusionOperator::sp~~s_entering_elements()      0.002669      0.003565      0.003056  1.171616 
    sync_delta_pools()                                0.090966      0.128556      0.107962 41.395406 
    DiffusionOperator::sp~~es_leaving_elements()      0.008489      0.014846      0.011422  4.379516 
  SSAOperator::run()                                  0.006859      0.009652      0.008308  3.185577 
/gpfs/bbp.cscs.ch/data/project/proj16/kotsalos/STEPS4Models/SimpleModel
 *** This was run 19 *** 
 *** This is run 20 *** 
/gpfs/bbp.cscs.ch/data/project/proj16/kotsalos/STEPS4Models/SimpleModel/Sample_STEPS4 /gpfs/bbp.cscs.ch/data/project/proj16/kotsalos/STEPS4Models/SimpleModel
[2022-02-15 15:54:28,508][INFO][../bbp.cscs.ch/data/project/proj16/kotsalos/STEPS4Models/HBP_STEPS/src/steps/geom/dist/distmesh.cpp:232][static Omega_h::Mesh steps::dist::DistMesh::load_mesh(Omega_h::Library&, const string&)]: Creating Omega_h mesh from GMSH mesh  ../mesh/../mesh/10x10x100_13009tets.msh 
 
Model checking:
No errors were found
steps4 nhost 512 time cost: 0.294508
steps4 nhost 512 avg rss (MB): 7.845543
steps4 nhost 512 avg mem ini (MB): 99.929710
Path                                             Min time/rank Max time/rank Avg time/rank Time %    
OmegaHSimulation::run()                               0.127593      0.171488      0.146434 56.047999 
  DiffusionOperator::operator()                       0.115481      0.158103      0.133539 51.112342 
    DiffusionOperator::sp~~s_entering_elements()      0.002699      0.003554      0.003061  1.171508 
    sync_delta_pools()                                0.091941      0.131527      0.109389 41.869177 
    DiffusionOperator::sp~~es_leaving_elements()      0.008644      0.015386      0.011425  4.372908 
  SSAOperator::run()                                  0.006904      0.009667      0.008301  3.177187 
/gpfs/bbp.cscs.ch/data/project/proj16/kotsalos/STEPS4Models/SimpleModel
 *** This was run 20 *** 
 *** This is run 21 *** 
/gpfs/bbp.cscs.ch/data/project/proj16/kotsalos/STEPS4Models/SimpleModel/Sample_STEPS4 /gpfs/bbp.cscs.ch/data/project/proj16/kotsalos/STEPS4Models/SimpleModel
[2022-02-15 15:54:55,886][INFO][../bbp.cscs.ch/data/project/proj16/kotsalos/STEPS4Models/HBP_STEPS/src/steps/geom/dist/distmesh.cpp:232][static Omega_h::Mesh steps::dist::DistMesh::load_mesh(Omega_h::Library&, const string&)]: Creating Omega_h mesh from GMSH mesh  ../mesh/../mesh/10x10x100_13009tets.msh 
 
Model checking:
No errors were found
steps4 nhost 512 time cost: 0.293427
steps4 nhost 512 avg rss (MB): 7.844116
steps4 nhost 512 avg mem ini (MB): 99.931824
Path                                             Min time/rank Max time/rank Avg time/rank Time %    
OmegaHSimulation::run()                               0.125042      0.168886      0.145268 55.762504 
  DiffusionOperator::operator()                       0.112904      0.155156      0.132365 50.809490 
    DiffusionOperator::sp~~s_entering_elements()      0.002640      0.003539      0.003061  1.175011 
    sync_delta_pools()                                0.090021      0.128506      0.108218 41.540374 
    DiffusionOperator::sp~~es_leaving_elements()      0.008521      0.015184      0.011423  4.384757 
  SSAOperator::run()                                  0.006842      0.010065      0.008309  3.189317 
/gpfs/bbp.cscs.ch/data/project/proj16/kotsalos/STEPS4Models/SimpleModel
 *** This was run 21 *** 
 *** This is run 22 *** 
/gpfs/bbp.cscs.ch/data/project/proj16/kotsalos/STEPS4Models/SimpleModel/Sample_STEPS4 /gpfs/bbp.cscs.ch/data/project/proj16/kotsalos/STEPS4Models/SimpleModel
[2022-02-15 15:55:23,486][INFO][../bbp.cscs.ch/data/project/proj16/kotsalos/STEPS4Models/HBP_STEPS/src/steps/geom/dist/distmesh.cpp:232][static Omega_h::Mesh steps::dist::DistMesh::load_mesh(Omega_h::Library&, const string&)]: Creating Omega_h mesh from GMSH mesh  ../mesh/../mesh/10x10x100_13009tets.msh 
 
Model checking:
No errors were found
steps4 nhost 512 time cost: 0.291611
steps4 nhost 512 avg rss (MB): 7.842369
steps4 nhost 512 avg mem ini (MB): 99.932358
Path                                             Min time/rank Max time/rank Avg time/rank Time %    
OmegaHSimulation::run()                               0.124892      0.167287      0.145093 56.048954 
  DiffusionOperator::operator()                       0.112949      0.153785      0.132176 51.059176 
    DiffusionOperator::sp~~s_entering_elements()      0.002682      0.003499      0.003062  1.182846 
    sync_delta_pools()                                0.090130      0.127389      0.107985 41.714370 
    DiffusionOperator::sp~~es_leaving_elements()      0.008472      0.015289      0.011470  4.430657 
  SSAOperator::run()                                  0.006895      0.009826      0.008316  3.212499 
/gpfs/bbp.cscs.ch/data/project/proj16/kotsalos/STEPS4Models/SimpleModel
 *** This was run 22 *** 
 *** This is run 23 *** 
/gpfs/bbp.cscs.ch/data/project/proj16/kotsalos/STEPS4Models/SimpleModel/Sample_STEPS4 /gpfs/bbp.cscs.ch/data/project/proj16/kotsalos/STEPS4Models/SimpleModel
[2022-02-15 15:55:50,790][INFO][../bbp.cscs.ch/data/project/proj16/kotsalos/STEPS4Models/HBP_STEPS/src/steps/geom/dist/distmesh.cpp:232][static Omega_h::Mesh steps::dist::DistMesh::load_mesh(Omega_h::Library&, const string&)]: Creating Omega_h mesh from GMSH mesh  ../mesh/../mesh/10x10x100_13009tets.msh 
 
Model checking:
No errors were found
steps4 nhost 512 time cost: 0.297938
steps4 nhost 512 avg rss (MB): 7.845055
steps4 nhost 512 avg mem ini (MB): 99.931076
Path                                             Min time/rank Max time/rank Avg time/rank Time %    
OmegaHSimulation::run()                               0.125394      0.169780      0.145827 54.998134 
  DiffusionOperator::operator()                       0.112979      0.156168      0.132921 50.130705 
    DiffusionOperator::sp~~s_entering_elements()      0.002680      0.003527      0.003064  1.155475 
    sync_delta_pools()                                0.090644      0.129730      0.108778 41.025259 
    DiffusionOperator::sp~~es_leaving_elements()      0.008642      0.015713      0.011423  4.308079 
  SSAOperator::run()                                  0.006893      0.009845      0.008301  3.130812 
/gpfs/bbp.cscs.ch/data/project/proj16/kotsalos/STEPS4Models/SimpleModel
 *** This was run 23 *** 
 *** This is run 24 *** 
/gpfs/bbp.cscs.ch/data/project/proj16/kotsalos/STEPS4Models/SimpleModel/Sample_STEPS4 /gpfs/bbp.cscs.ch/data/project/proj16/kotsalos/STEPS4Models/SimpleModel
[2022-02-15 15:56:18,012][INFO][../bbp.cscs.ch/data/project/proj16/kotsalos/STEPS4Models/HBP_STEPS/src/steps/geom/dist/distmesh.cpp:232][static Omega_h::Mesh steps::dist::DistMesh::load_mesh(Omega_h::Library&, const string&)]: Creating Omega_h mesh from GMSH mesh  ../mesh/../mesh/10x10x100_13009tets.msh 
 
Model checking:
No errors were found
steps4 nhost 512 time cost: 0.292205
steps4 nhost 512 avg rss (MB): 7.845894
steps4 nhost 512 avg mem ini (MB): 99.931664
Path                                             Min time/rank Max time/rank Avg time/rank Time %    
OmegaHSimulation::run()                               0.126791      0.168594      0.145021 55.894211 
  DiffusionOperator::operator()                       0.114366      0.155010      0.132130 50.925777 
    DiffusionOperator::sp~~s_entering_elements()      0.002644      0.003531      0.003063  1.180597 
    sync_delta_pools()                                0.089741      0.128501      0.107993 41.622620 
    DiffusionOperator::sp~~es_leaving_elements()      0.008651      0.015272      0.011424  4.403047 
  SSAOperator::run()                                  0.006892      0.009852      0.008296  3.197620 
/gpfs/bbp.cscs.ch/data/project/proj16/kotsalos/STEPS4Models/SimpleModel
 *** This was run 24 *** 
 *** This is run 25 *** 
/gpfs/bbp.cscs.ch/data/project/proj16/kotsalos/STEPS4Models/SimpleModel/Sample_STEPS4 /gpfs/bbp.cscs.ch/data/project/proj16/kotsalos/STEPS4Models/SimpleModel
[2022-02-15 15:56:45,321][INFO][../bbp.cscs.ch/data/project/proj16/kotsalos/STEPS4Models/HBP_STEPS/src/steps/geom/dist/distmesh.cpp:232][static Omega_h::Mesh steps::dist::DistMesh::load_mesh(Omega_h::Library&, const string&)]: Creating Omega_h mesh from GMSH mesh  ../mesh/../mesh/10x10x100_13009tets.msh 
 
Model checking:
No errors were found
steps4 nhost 512 time cost: 0.291818
steps4 nhost 512 avg rss (MB): 7.844879
steps4 nhost 512 avg mem ini (MB): 99.930206
Path                                             Min time/rank Max time/rank Avg time/rank Time %    
OmegaHSimulation::run()                               0.125432      0.168171      0.144519 55.798994 
  DiffusionOperator::operator()                       0.113292      0.154708      0.131590 50.806980 
    DiffusionOperator::sp~~s_entering_elements()      0.002691      0.003636      0.003062  1.182433 
    sync_delta_pools()                                0.089928      0.128331      0.107420 41.475080 
    DiffusionOperator::sp~~es_leaving_elements()      0.008624      0.015695      0.011445  4.419050 
  SSAOperator::run()                                  0.007006      0.009961      0.008331  3.216524 
/gpfs/bbp.cscs.ch/data/project/proj16/kotsalos/STEPS4Models/SimpleModel
 *** This was run 25 *** 
 *** This is run 26 *** 
/gpfs/bbp.cscs.ch/data/project/proj16/kotsalos/STEPS4Models/SimpleModel/Sample_STEPS4 /gpfs/bbp.cscs.ch/data/project/proj16/kotsalos/STEPS4Models/SimpleModel
[2022-02-15 15:57:12,686][INFO][../bbp.cscs.ch/data/project/proj16/kotsalos/STEPS4Models/HBP_STEPS/src/steps/geom/dist/distmesh.cpp:232][static Omega_h::Mesh steps::dist::DistMesh::load_mesh(Omega_h::Library&, const string&)]: Creating Omega_h mesh from GMSH mesh  ../mesh/../mesh/10x10x100_13009tets.msh 
 
Model checking:
No errors were found
steps4 nhost 512 time cost: 0.291424
steps4 nhost 512 avg rss (MB): 7.844475
steps4 nhost 512 avg mem ini (MB): 99.932343
Path                                             Min time/rank Max time/rank Avg time/rank Time %    
OmegaHSimulation::run()                               0.126198      0.169727      0.145474 56.283245 
  DiffusionOperator::operator()                       0.113982      0.156039      0.132570 51.290768 
    DiffusionOperator::sp~~s_entering_elements()      0.002661      0.003579      0.003057  1.182729 
    sync_delta_pools()                                0.090708      0.129543      0.108425 41.948973 
    DiffusionOperator::sp~~es_leaving_elements()      0.008373      0.015667      0.011438  4.425472 
  SSAOperator::run()                                  0.006849      0.009633      0.008310  3.215280 
/gpfs/bbp.cscs.ch/data/project/proj16/kotsalos/STEPS4Models/SimpleModel
 *** This was run 26 *** 
 *** This is run 27 *** 
/gpfs/bbp.cscs.ch/data/project/proj16/kotsalos/STEPS4Models/SimpleModel/Sample_STEPS4 /gpfs/bbp.cscs.ch/data/project/proj16/kotsalos/STEPS4Models/SimpleModel
[2022-02-15 15:57:40,274][INFO][../bbp.cscs.ch/data/project/proj16/kotsalos/STEPS4Models/HBP_STEPS/src/steps/geom/dist/distmesh.cpp:232][static Omega_h::Mesh steps::dist::DistMesh::load_mesh(Omega_h::Library&, const string&)]: Creating Omega_h mesh from GMSH mesh  ../mesh/../mesh/10x10x100_13009tets.msh 
 
Model checking:
No errors were found
steps4 nhost 512 time cost: 0.298573
steps4 nhost 512 avg rss (MB): 7.842285
steps4 nhost 512 avg mem ini (MB): 99.933334
Path                                             Min time/rank Max time/rank Avg time/rank Time %    
OmegaHSimulation::run()                               0.131752      0.173230      0.148943 56.162343 
  DiffusionOperator::operator()                       0.119404      0.159652      0.136016 51.287654 
    DiffusionOperator::sp~~s_entering_elements()      0.002660      0.003530      0.003063  1.155014 
    sync_delta_pools()                                0.094214      0.133017      0.111840 42.171752 
    DiffusionOperator::sp~~es_leaving_elements()      0.008549      0.015493      0.011440  4.313609 
  SSAOperator::run()                                  0.006906      0.010219      0.008322  3.137923 
/gpfs/bbp.cscs.ch/data/project/proj16/kotsalos/STEPS4Models/SimpleModel
 *** This was run 27 *** 
 *** This is run 28 *** 
/gpfs/bbp.cscs.ch/data/project/proj16/kotsalos/STEPS4Models/SimpleModel/Sample_STEPS4 /gpfs/bbp.cscs.ch/data/project/proj16/kotsalos/STEPS4Models/SimpleModel
[2022-02-15 15:58:07,607][INFO][../bbp.cscs.ch/data/project/proj16/kotsalos/STEPS4Models/HBP_STEPS/src/steps/geom/dist/distmesh.cpp:232][static Omega_h::Mesh steps::dist::DistMesh::load_mesh(Omega_h::Library&, const string&)]: Creating Omega_h mesh from GMSH mesh  ../mesh/../mesh/10x10x100_13009tets.msh 
 
Model checking:
No errors were found
steps4 nhost 512 time cost: 0.307018
steps4 nhost 512 avg rss (MB): 7.844688
steps4 nhost 512 avg mem ini (MB): 99.930725
Path                                             Min time/rank Max time/rank Avg time/rank Time %    
OmegaHSimulation::run()                               0.124605      0.167612      0.145442 53.015792 
  DiffusionOperator::operator()                       0.112324      0.153919      0.132515 48.303757 
    DiffusionOperator::sp~~s_entering_elements()      0.002674      0.003623      0.003062  1.116050 
    sync_delta_pools()                                0.088343      0.127081      0.108317 39.483101 
    DiffusionOperator::sp~~es_leaving_elements()      0.008216      0.015202      0.011469  4.180647 
  SSAOperator::run()                                  0.006769      0.009907      0.008319  3.032532 
/gpfs/bbp.cscs.ch/data/project/proj16/kotsalos/STEPS4Models/SimpleModel
 *** This was run 28 *** 
 *** This is run 29 *** 
/gpfs/bbp.cscs.ch/data/project/proj16/kotsalos/STEPS4Models/SimpleModel/Sample_STEPS4 /gpfs/bbp.cscs.ch/data/project/proj16/kotsalos/STEPS4Models/SimpleModel
[2022-02-15 15:58:34,986][INFO][../bbp.cscs.ch/data/project/proj16/kotsalos/STEPS4Models/HBP_STEPS/src/steps/geom/dist/distmesh.cpp:232][static Omega_h::Mesh steps::dist::DistMesh::load_mesh(Omega_h::Library&, const string&)]: Creating Omega_h mesh from GMSH mesh  ../mesh/../mesh/10x10x100_13009tets.msh 
 
Model checking:
No errors were found
steps4 nhost 512 time cost: 0.297555
steps4 nhost 512 avg rss (MB): 7.845177
steps4 nhost 512 avg mem ini (MB): 99.931938
Path                                             Min time/rank Max time/rank Avg time/rank Time %    
OmegaHSimulation::run()                               0.129679      0.172855      0.149687 56.592047 
  DiffusionOperator::operator()                       0.117397      0.159647      0.136778 51.711763 
    DiffusionOperator::sp~~s_entering_elements()      0.002667      0.003591      0.003061  1.157277 
    sync_delta_pools()                                0.095355      0.133410      0.112619 42.577710 
    DiffusionOperator::sp~~es_leaving_elements()      0.008295      0.015496      0.011443  4.326102 
  SSAOperator::run()                                  0.006659      0.009869      0.008313  3.142707 
/gpfs/bbp.cscs.ch/data/project/proj16/kotsalos/STEPS4Models/SimpleModel
 *** This was run 29 *** 
 *** This is run 30 *** 
/gpfs/bbp.cscs.ch/data/project/proj16/kotsalos/STEPS4Models/SimpleModel/Sample_STEPS4 /gpfs/bbp.cscs.ch/data/project/proj16/kotsalos/STEPS4Models/SimpleModel
[2022-02-15 15:59:02,427][INFO][../bbp.cscs.ch/data/project/proj16/kotsalos/STEPS4Models/HBP_STEPS/src/steps/geom/dist/distmesh.cpp:232][static Omega_h::Mesh steps::dist::DistMesh::load_mesh(Omega_h::Library&, const string&)]: Creating Omega_h mesh from GMSH mesh  ../mesh/../mesh/10x10x100_13009tets.msh 
 
Model checking:
No errors were found
steps4 nhost 512 time cost: 0.293827
steps4 nhost 512 avg rss (MB): 7.843582
steps4 nhost 512 avg mem ini (MB): 99.929611
Path                                             Min time/rank Max time/rank Avg time/rank Time %    
OmegaHSimulation::run()                               0.126686      0.168275      0.145907 55.906186 
  DiffusionOperator::operator()                       0.114409      0.154336      0.132996 50.959229 
    DiffusionOperator::sp~~s_entering_elements()      0.002665      0.003529      0.003056  1.171072 
    sync_delta_pools()                                0.090842      0.127461      0.108867 41.713862 
    DiffusionOperator::sp~~es_leaving_elements()      0.008575      0.015021      0.011416  4.374381 
  SSAOperator::run()                                  0.006864      0.009695      0.008315  3.185849 
/gpfs/bbp.cscs.ch/data/project/proj16/kotsalos/STEPS4Models/SimpleModel
 *** This was run 30 *** 
